[0.969s] Invoking command in '/home/sguajardo/lab1_nodos_topicos_mensajes': DEBUGINFOD_URLS=https://debuginfod.ubuntu.com PS1=(lab1) \[\e]0;\u@\h: \w\a\]${debian_chroot:+($debian_chroot)}\[\033[01;32m\]\u@\h\[\033[00m\]:\[\033[01;34m\]\w\[\033[00m\]\$ PYTHONPATH=/home/sguajardo/lab1_nodos_topicos_mensajes/build/lab1_nodos_topicos_mensajes/prefix_override:/usr/lib/python3/dist-packages/colcon_core/task/python/colcon_distutils_commands:/home/sguajardo/lab1_nodos_topicos_mensajes/install/lab1_nodos_topicos_mensajes/lib/python3.12/site-packages:${PYTHONPATH} VIRTUAL_ENV_PROMPT=(lab1) /usr/bin/python3 -W ignore:setup.py install is deprecated -W ignore:easy_install command is deprecated setup.py egg_info --egg-base build/lab1_nodos_topicos_mensajes build --build-base /home/sguajardo/lab1_nodos_topicos_mensajes/build/lab1_nodos_topicos_mensajes/build install --record /home/sguajardo/lab1_nodos_topicos_mensajes/build/lab1_nodos_topicos_mensajes/install.log --single-version-externally-managed install_data
[1.171s] running egg_info
[1.172s] creating build/lab1_nodos_topicos_mensajes/lab1_nodos_topicos_mensajes.egg-info
[1.186s] writing build/lab1_nodos_topicos_mensajes/lab1_nodos_topicos_mensajes.egg-info/PKG-INFO
[1.186s] writing dependency_links to build/lab1_nodos_topicos_mensajes/lab1_nodos_topicos_mensajes.egg-info/dependency_links.txt
[1.186s] writing entry points to build/lab1_nodos_topicos_mensajes/lab1_nodos_topicos_mensajes.egg-info/entry_points.txt
[1.186s] writing requirements to build/lab1_nodos_topicos_mensajes/lab1_nodos_topicos_mensajes.egg-info/requires.txt
[1.186s] writing top-level names to build/lab1_nodos_topicos_mensajes/lab1_nodos_topicos_mensajes.egg-info/top_level.txt
[1.186s] writing manifest file 'build/lab1_nodos_topicos_mensajes/lab1_nodos_topicos_mensajes.egg-info/SOURCES.txt'
[1.218s] reading manifest file 'build/lab1_nodos_topicos_mensajes/lab1_nodos_topicos_mensajes.egg-info/SOURCES.txt'
[1.218s] writing manifest file 'build/lab1_nodos_topicos_mensajes/lab1_nodos_topicos_mensajes.egg-info/SOURCES.txt'
[1.219s] running build
[1.219s] running build_py
[1.219s] creating /home/sguajardo/lab1_nodos_topicos_mensajes/build/lab1_nodos_topicos_mensajes/build
[1.219s] creating /home/sguajardo/lab1_nodos_topicos_mensajes/build/lab1_nodos_topicos_mensajes/build/lib
[1.219s] creating /home/sguajardo/lab1_nodos_topicos_mensajes/build/lab1_nodos_topicos_mensajes/build/lib/lab1_nodos_topicos_mensajes
[1.220s] copying lab1_nodos_topicos_mensajes/__init__.py -> /home/sguajardo/lab1_nodos_topicos_mensajes/build/lab1_nodos_topicos_mensajes/build/lib/lab1_nodos_topicos_mensajes
[1.220s] copying lab1_nodos_topicos_mensajes/nodo_simple.py -> /home/sguajardo/lab1_nodos_topicos_mensajes/build/lab1_nodos_topicos_mensajes/build/lib/lab1_nodos_topicos_mensajes
[1.220s] running install
[1.225s] running install_lib
[1.240s] creating /home/sguajardo/lab1_nodos_topicos_mensajes/install/lab1_nodos_topicos_mensajes/lib/python3.12/site-packages/lab1_nodos_topicos_mensajes
[1.241s] copying /home/sguajardo/lab1_nodos_topicos_mensajes/build/lab1_nodos_topicos_mensajes/build/lib/lab1_nodos_topicos_mensajes/__init__.py -> /home/sguajardo/lab1_nodos_topicos_mensajes/install/lab1_nodos_topicos_mensajes/lib/python3.12/site-packages/lab1_nodos_topicos_mensajes
[1.241s] copying /home/sguajardo/lab1_nodos_topicos_mensajes/build/lab1_nodos_topicos_mensajes/build/lib/lab1_nodos_topicos_mensajes/nodo_simple.py -> /home/sguajardo/lab1_nodos_topicos_mensajes/install/lab1_nodos_topicos_mensajes/lib/python3.12/site-packages/lab1_nodos_topicos_mensajes
[1.241s] byte-compiling /home/sguajardo/lab1_nodos_topicos_mensajes/install/lab1_nodos_topicos_mensajes/lib/python3.12/site-packages/lab1_nodos_topicos_mensajes/__init__.py to __init__.cpython-312.pyc
[1.242s] byte-compiling /home/sguajardo/lab1_nodos_topicos_mensajes/install/lab1_nodos_topicos_mensajes/lib/python3.12/site-packages/lab1_nodos_topicos_mensajes/nodo_simple.py to nodo_simple.cpython-312.pyc
[1.243s] running install_data
[1.243s] creating /home/sguajardo/lab1_nodos_topicos_mensajes/install/lab1_nodos_topicos_mensajes/share/ament_index
[1.243s]   File "/home/sguajardo/lab1_nodos_topicos_mensajes/install/lab1_nodos_topicos_mensajes/lib/python3.12/site-packages/lab1_nodos_topicos_mensajes/nodo_simple.py", line 16
[1.243s]     def __name__ == "__main__":
[1.244s]                  ^^
[1.244s] SyntaxError: expected '('
[1.244s] 
[1.244s] creating /home/sguajardo/lab1_nodos_topicos_mensajes/install/lab1_nodos_topicos_mensajes/share/ament_index/resource_index
[1.244s] creating /home/sguajardo/lab1_nodos_topicos_mensajes/install/lab1_nodos_topicos_mensajes/share/ament_index/resource_index/packages
[1.244s] copying resource/lab1_nodos_topicos_mensajes -> /home/sguajardo/lab1_nodos_topicos_mensajes/install/lab1_nodos_topicos_mensajes/share/ament_index/resource_index/packages
[1.244s] copying package.xml -> /home/sguajardo/lab1_nodos_topicos_mensajes/install/lab1_nodos_topicos_mensajes/share/lab1_nodos_topicos_mensajes
[1.244s] running install_egg_info
[1.262s] Copying build/lab1_nodos_topicos_mensajes/lab1_nodos_topicos_mensajes.egg-info to /home/sguajardo/lab1_nodos_topicos_mensajes/install/lab1_nodos_topicos_mensajes/lib/python3.12/site-packages/lab1_nodos_topicos_mensajes-0.0.0-py3.12.egg-info
[1.263s] running install_scripts
[1.361s] Installing nodo_simple script to /home/sguajardo/lab1_nodos_topicos_mensajes/install/lab1_nodos_topicos_mensajes/lib/lab1_nodos_topicos_mensajes
[1.362s] writing list of installed files to '/home/sguajardo/lab1_nodos_topicos_mensajes/build/lab1_nodos_topicos_mensajes/install.log'
[1.381s] Invoked command in '/home/sguajardo/lab1_nodos_topicos_mensajes' returned '0': DEBUGINFOD_URLS=https://debuginfod.ubuntu.com PS1=(lab1) \[\e]0;\u@\h: \w\a\]${debian_chroot:+($debian_chroot)}\[\033[01;32m\]\u@\h\[\033[00m\]:\[\033[01;34m\]\w\[\033[00m\]\$ PYTHONPATH=/home/sguajardo/lab1_nodos_topicos_mensajes/build/lab1_nodos_topicos_mensajes/prefix_override:/usr/lib/python3/dist-packages/colcon_core/task/python/colcon_distutils_commands:/home/sguajardo/lab1_nodos_topicos_mensajes/install/lab1_nodos_topicos_mensajes/lib/python3.12/site-packages:${PYTHONPATH} VIRTUAL_ENV_PROMPT=(lab1) /usr/bin/python3 -W ignore:setup.py install is deprecated -W ignore:easy_install command is deprecated setup.py egg_info --egg-base build/lab1_nodos_topicos_mensajes build --build-base /home/sguajardo/lab1_nodos_topicos_mensajes/build/lab1_nodos_topicos_mensajes/build install --record /home/sguajardo/lab1_nodos_topicos_mensajes/build/lab1_nodos_topicos_mensajes/install.log --single-version-externally-managed install_data
