-- Install configuration: ""
-- Up-to-date: /home/sguajardo/UBB-ROS-2025/lab5_ros2control_new_gazebo/install/lab5_ros2control_new_gazebo/share/lab5_ros2control_new_gazebo/launch
-- Up-to-date: /home/sguajardo/UBB-ROS-2025/lab5_ros2control_new_gazebo/install/lab5_ros2control_new_gazebo/share/lab5_ros2control_new_gazebo/launch/one_dof_sim.launch.py
-- Up-to-date: /home/sguajardo/UBB-ROS-2025/lab5_ros2control_new_gazebo/install/lab5_ros2control_new_gazebo/share/lab5_ros2control_new_gazebo/launch/two_dof_sim.launch.py
-- Up-to-date: /home/sguajardo/UBB-ROS-2025/lab5_ros2control_new_gazebo/install/lab5_ros2control_new_gazebo/share/lab5_ros2control_new_gazebo/launch/rsp.launch.py
-- Up-to-date: /home/sguajardo/UBB-ROS-2025/lab5_ros2control_new_gazebo/install/lab5_ros2control_new_gazebo/share/lab5_ros2control_new_gazebo/config
-- Up-to-date: /home/sguajardo/UBB-ROS-2025/lab5_ros2control_new_gazebo/install/lab5_ros2control_new_gazebo/share/lab5_ros2control_new_gazebo/config/controllers.yaml
-- Up-to-date: /home/sguajardo/UBB-ROS-2025/lab5_ros2control_new_gazebo/install/lab5_ros2control_new_gazebo/share/lab5_ros2control_new_gazebo/models
-- Up-to-date: /home/sguajardo/UBB-ROS-2025/lab5_ros2control_new_gazebo/install/lab5_ros2control_new_gazebo/share/lab5_ros2control_new_gazebo/models/two_dof
-- Up-to-date: /home/sguajardo/UBB-ROS-2025/lab5_ros2control_new_gazebo/install/lab5_ros2control_new_gazebo/share/lab5_ros2control_new_gazebo/models/two_dof/robot.xacro
-- Installing: /home/sguajardo/UBB-ROS-2025/lab5_ros2control_new_gazebo/install/lab5_ros2control_new_gazebo/share/lab5_ros2control_new_gazebo/models/two_dof/two_dof.gazebo.xacro
-- Up-to-date: /home/sguajardo/UBB-ROS-2025/lab5_ros2control_new_gazebo/install/lab5_ros2control_new_gazebo/share/lab5_ros2control_new_gazebo/models/two_dof/two_dof.ros2control.xacro
-- Up-to-date: /home/sguajardo/UBB-ROS-2025/lab5_ros2control_new_gazebo/install/lab5_ros2control_new_gazebo/share/lab5_ros2control_new_gazebo/models/one_dof
-- Up-to-date: /home/sguajardo/UBB-ROS-2025/lab5_ros2control_new_gazebo/install/lab5_ros2control_new_gazebo/share/lab5_ros2control_new_gazebo/models/one_dof/robot.xacro
-- Up-to-date: /home/sguajardo/UBB-ROS-2025/lab5_ros2control_new_gazebo/install/lab5_ros2control_new_gazebo/share/lab5_ros2control_new_gazebo/models/one_dof/one_dof.ros2control.xacro
-- Up-to-date: /home/sguajardo/UBB-ROS-2025/lab5_ros2control_new_gazebo/install/lab5_ros2control_new_gazebo/share/lab5_ros2control_new_gazebo/models/one_dof/one_dof.gazebo.xacro
-- Up-to-date: /home/sguajardo/UBB-ROS-2025/lab5_ros2control_new_gazebo/install/lab5_ros2control_new_gazebo/share/ament_index/resource_index/package_run_dependencies/lab5_ros2control_new_gazebo
-- Up-to-date: /home/sguajardo/UBB-ROS-2025/lab5_ros2control_new_gazebo/install/lab5_ros2control_new_gazebo/share/ament_index/resource_index/parent_prefix_path/lab5_ros2control_new_gazebo
-- Up-to-date: /home/sguajardo/UBB-ROS-2025/lab5_ros2control_new_gazebo/install/lab5_ros2control_new_gazebo/share/lab5_ros2control_new_gazebo/environment/ament_prefix_path.sh
-- Up-to-date: /home/sguajardo/UBB-ROS-2025/lab5_ros2control_new_gazebo/install/lab5_ros2control_new_gazebo/share/lab5_ros2control_new_gazebo/environment/ament_prefix_path.dsv
-- Up-to-date: /home/sguajardo/UBB-ROS-2025/lab5_ros2control_new_gazebo/install/lab5_ros2control_new_gazebo/share/lab5_ros2control_new_gazebo/environment/path.sh
-- Up-to-date: /home/sguajardo/UBB-ROS-2025/lab5_ros2control_new_gazebo/install/lab5_ros2control_new_gazebo/share/lab5_ros2control_new_gazebo/environment/path.dsv
-- Up-to-date: /home/sguajardo/UBB-ROS-2025/lab5_ros2control_new_gazebo/install/lab5_ros2control_new_gazebo/share/lab5_ros2control_new_gazebo/local_setup.bash
-- Up-to-date: /home/sguajardo/UBB-ROS-2025/lab5_ros2control_new_gazebo/install/lab5_ros2control_new_gazebo/share/lab5_ros2control_new_gazebo/local_setup.sh
-- Up-to-date: /home/sguajardo/UBB-ROS-2025/lab5_ros2control_new_gazebo/install/lab5_ros2control_new_gazebo/share/lab5_ros2control_new_gazebo/local_setup.zsh
-- Up-to-date: /home/sguajardo/UBB-ROS-2025/lab5_ros2control_new_gazebo/install/lab5_ros2control_new_gazebo/share/lab5_ros2control_new_gazebo/local_setup.dsv
-- Installing: /home/sguajardo/UBB-ROS-2025/lab5_ros2control_new_gazebo/install/lab5_ros2control_new_gazebo/share/lab5_ros2control_new_gazebo/package.dsv
-- Up-to-date: /home/sguajardo/UBB-ROS-2025/lab5_ros2control_new_gazebo/install/lab5_ros2control_new_gazebo/share/ament_index/resource_index/packages/lab5_ros2control_new_gazebo
-- Up-to-date: /home/sguajardo/UBB-ROS-2025/lab5_ros2control_new_gazebo/install/lab5_ros2control_new_gazebo/share/lab5_ros2control_new_gazebo/cmake/lab5_ros2control_new_gazeboConfig.cmake
-- Up-to-date: /home/sguajardo/UBB-ROS-2025/lab5_ros2control_new_gazebo/install/lab5_ros2control_new_gazebo/share/lab5_ros2control_new_gazebo/cmake/lab5_ros2control_new_gazeboConfig-version.cmake
-- Up-to-date: /home/sguajardo/UBB-ROS-2025/lab5_ros2control_new_gazebo/install/lab5_ros2control_new_gazebo/share/lab5_ros2control_new_gazebo/package.xml
