[0.971s] Invoking command in '/home/sguajardo/UBB-ROS-2025/lab1_nodos_topicos_mensajes': DEBUGINFOD_URLS=https://debuginfod.ubuntu.com PYTHONPATH=/home/sguajardo/UBB-ROS-2025/lab1_nodos_topicos_mensajes/build/lab1_nodos_topicos_mensajes/prefix_override:/usr/lib/python3/dist-packages/colcon_core/task/python/colcon_distutils_commands:/home/sguajardo/UBB-ROS-2025/lab1_nodos_topicos_mensajes/install/lab1_nodos_topicos_mensajes/lib/python3.12/site-packages:${PYTHONPATH} /usr/bin/python3 -W ignore:setup.py install is deprecated -W ignore:easy_install command is deprecated setup.py egg_info --egg-base build/lab1_nodos_topicos_mensajes build --build-base /home/sguajardo/UBB-ROS-2025/lab1_nodos_topicos_mensajes/build/lab1_nodos_topicos_mensajes/build install --record /home/sguajardo/UBB-ROS-2025/lab1_nodos_topicos_mensajes/build/lab1_nodos_topicos_mensajes/install.log --single-version-externally-managed install_data
[1.167s] running egg_info
[1.181s] writing build/lab1_nodos_topicos_mensajes/lab1_nodos_topicos_mensajes.egg-info/PKG-INFO
[1.181s] writing dependency_links to build/lab1_nodos_topicos_mensajes/lab1_nodos_topicos_mensajes.egg-info/dependency_links.txt
[1.181s] writing entry points to build/lab1_nodos_topicos_mensajes/lab1_nodos_topicos_mensajes.egg-info/entry_points.txt
[1.181s] writing requirements to build/lab1_nodos_topicos_mensajes/lab1_nodos_topicos_mensajes.egg-info/requires.txt
[1.181s] writing top-level names to build/lab1_nodos_topicos_mensajes/lab1_nodos_topicos_mensajes.egg-info/top_level.txt
[1.214s] reading manifest file 'build/lab1_nodos_topicos_mensajes/lab1_nodos_topicos_mensajes.egg-info/SOURCES.txt'
[1.215s] writing manifest file 'build/lab1_nodos_topicos_mensajes/lab1_nodos_topicos_mensajes.egg-info/SOURCES.txt'
[1.215s] running build
[1.215s] running build_py
[1.216s] copying lab1_nodos_topicos_mensajes/twist_suscriber.py -> /home/sguajardo/UBB-ROS-2025/lab1_nodos_topicos_mensajes/build/lab1_nodos_topicos_mensajes/build/lib/lab1_nodos_topicos_mensajes
[1.216s] running install
[1.220s] running install_lib
[1.237s] copying /home/sguajardo/UBB-ROS-2025/lab1_nodos_topicos_mensajes/build/lab1_nodos_topicos_mensajes/build/lib/lab1_nodos_topicos_mensajes/twist_suscriber.py -> /home/sguajardo/UBB-ROS-2025/lab1_nodos_topicos_mensajes/install/lab1_nodos_topicos_mensajes/lib/python3.12/site-packages/lab1_nodos_topicos_mensajes
[1.238s] byte-compiling /home/sguajardo/UBB-ROS-2025/lab1_nodos_topicos_mensajes/install/lab1_nodos_topicos_mensajes/lib/python3.12/site-packages/lab1_nodos_topicos_mensajes/imu_publisher.py to imu_publisher.cpython-312.pyc
[1.239s]   File "/home/sguajardo/UBB-ROS-2025/lab1_nodos_topicos_mensajes/install/lab1_nodos_topicos_mensajes/lib/python3.12/site-packages/lab1_nodos_topicos_mensajes/imu_publisher.py", line 35
[1.239s]     except (KeyboardInterrupt, ExternalShutdownException)
[1.239s]                                                          ^
[1.239s] SyntaxError: expected ':'
[1.239s] 
[1.239s] byte-compiling /home/sguajardo/UBB-ROS-2025/lab1_nodos_topicos_mensajes/install/lab1_nodos_topicos_mensajes/lib/python3.12/site-packages/lab1_nodos_topicos_mensajes/twist_suscriber.py to twist_suscriber.cpython-312.pyc
[1.239s]   File "/home/sguajardo/UBB-ROS-2025/lab1_nodos_topicos_mensajes/install/lab1_nodos_topicos_mensajes/lib/python3.12/site-packages/lab1_nodos_topicos_mensajes/twist_suscriber.py", line 25
[1.240s]     except (KeyboardInterrupt,ExternalShutdownException)
[1.240s]                                                         ^
[1.240s] SyntaxError: expected ':'
[1.240s] 
[1.240s] running install_data
[1.240s] running install_egg_info
[1.256s] removing '/home/sguajardo/UBB-ROS-2025/lab1_nodos_topicos_mensajes/install/lab1_nodos_topicos_mensajes/lib/python3.12/site-packages/lab1_nodos_topicos_mensajes-0.0.0-py3.12.egg-info' (and everything under it)
[1.256s] Copying build/lab1_nodos_topicos_mensajes/lab1_nodos_topicos_mensajes.egg-info to /home/sguajardo/UBB-ROS-2025/lab1_nodos_topicos_mensajes/install/lab1_nodos_topicos_mensajes/lib/python3.12/site-packages/lab1_nodos_topicos_mensajes-0.0.0-py3.12.egg-info
[1.258s] running install_scripts
[1.356s] Installing nodo_simple script to /home/sguajardo/UBB-ROS-2025/lab1_nodos_topicos_mensajes/install/lab1_nodos_topicos_mensajes/lib/lab1_nodos_topicos_mensajes
[1.356s] Installing pub_array script to /home/sguajardo/UBB-ROS-2025/lab1_nodos_topicos_mensajes/install/lab1_nodos_topicos_mensajes/lib/lab1_nodos_topicos_mensajes
[1.356s] Installing pub_imu script to /home/sguajardo/UBB-ROS-2025/lab1_nodos_topicos_mensajes/install/lab1_nodos_topicos_mensajes/lib/lab1_nodos_topicos_mensajes
[1.356s] Installing pub_simple script to /home/sguajardo/UBB-ROS-2025/lab1_nodos_topicos_mensajes/install/lab1_nodos_topicos_mensajes/lib/lab1_nodos_topicos_mensajes
[1.356s] Installing sub_simple script to /home/sguajardo/UBB-ROS-2025/lab1_nodos_topicos_mensajes/install/lab1_nodos_topicos_mensajes/lib/lab1_nodos_topicos_mensajes
[1.357s] Installing sub_twist script to /home/sguajardo/UBB-ROS-2025/lab1_nodos_topicos_mensajes/install/lab1_nodos_topicos_mensajes/lib/lab1_nodos_topicos_mensajes
[1.357s] writing list of installed files to '/home/sguajardo/UBB-ROS-2025/lab1_nodos_topicos_mensajes/build/lab1_nodos_topicos_mensajes/install.log'
[1.378s] Invoked command in '/home/sguajardo/UBB-ROS-2025/lab1_nodos_topicos_mensajes' returned '0': DEBUGINFOD_URLS=https://debuginfod.ubuntu.com PYTHONPATH=/home/sguajardo/UBB-ROS-2025/lab1_nodos_topicos_mensajes/build/lab1_nodos_topicos_mensajes/prefix_override:/usr/lib/python3/dist-packages/colcon_core/task/python/colcon_distutils_commands:/home/sguajardo/UBB-ROS-2025/lab1_nodos_topicos_mensajes/install/lab1_nodos_topicos_mensajes/lib/python3.12/site-packages:${PYTHONPATH} /usr/bin/python3 -W ignore:setup.py install is deprecated -W ignore:easy_install command is deprecated setup.py egg_info --egg-base build/lab1_nodos_topicos_mensajes build --build-base /home/sguajardo/UBB-ROS-2025/lab1_nodos_topicos_mensajes/build/lab1_nodos_topicos_mensajes/build install --record /home/sguajardo/UBB-ROS-2025/lab1_nodos_topicos_mensajes/build/lab1_nodos_topicos_mensajes/install.log --single-version-externally-managed install_data
