running egg_info
creating build/lab3_urdf_rviz_gazebo/lab3_urdf_rviz_gazebo.egg-info
writing build/lab3_urdf_rviz_gazebo/lab3_urdf_rviz_gazebo.egg-info/PKG-INFO
writing dependency_links to build/lab3_urdf_rviz_gazebo/lab3_urdf_rviz_gazebo.egg-info/dependency_links.txt
writing requirements to build/lab3_urdf_rviz_gazebo/lab3_urdf_rviz_gazebo.egg-info/requires.txt
writing top-level names to build/lab3_urdf_rviz_gazebo/lab3_urdf_rviz_gazebo.egg-info/top_level.txt
writing manifest file 'build/lab3_urdf_rviz_gazebo/lab3_urdf_rviz_gazebo.egg-info/SOURCES.txt'
reading manifest file 'build/lab3_urdf_rviz_gazebo/lab3_urdf_rviz_gazebo.egg-info/SOURCES.txt'
adding license file 'LICENSE'
writing manifest file 'build/lab3_urdf_rviz_gazebo/lab3_urdf_rviz_gazebo.egg-info/SOURCES.txt'
running build
running build_py
creating /home/sguajardo/UBB-ROS-2025/lab3_urdf_rviz_gazebo/build/lab3_urdf_rviz_gazebo/build
creating /home/sguajardo/UBB-ROS-2025/lab3_urdf_rviz_gazebo/build/lab3_urdf_rviz_gazebo/build/lib
creating /home/sguajardo/UBB-ROS-2025/lab3_urdf_rviz_gazebo/build/lab3_urdf_rviz_gazebo/build/lib/lab3_urdf_rviz_gazebo
copying lab3_urdf_rviz_gazebo/__init__.py -> /home/sguajardo/UBB-ROS-2025/lab3_urdf_rviz_gazebo/build/lab3_urdf_rviz_gazebo/build/lib/lab3_urdf_rviz_gazebo
running install
running install_lib
creating /home/sguajardo/UBB-ROS-2025/lab3_urdf_rviz_gazebo/install/lab3_urdf_rviz_gazebo/lib/python3.12/site-packages/lab3_urdf_rviz_gazebo
copying /home/sguajardo/UBB-ROS-2025/lab3_urdf_rviz_gazebo/build/lab3_urdf_rviz_gazebo/build/lib/lab3_urdf_rviz_gazebo/__init__.py -> /home/sguajardo/UBB-ROS-2025/lab3_urdf_rviz_gazebo/install/lab3_urdf_rviz_gazebo/lib/python3.12/site-packages/lab3_urdf_rviz_gazebo
byte-compiling /home/sguajardo/UBB-ROS-2025/lab3_urdf_rviz_gazebo/install/lab3_urdf_rviz_gazebo/lib/python3.12/site-packages/lab3_urdf_rviz_gazebo/__init__.py to __init__.cpython-312.pyc
running install_data
creating /home/sguajardo/UBB-ROS-2025/lab3_urdf_rviz_gazebo/install/lab3_urdf_rviz_gazebo/share/ament_index
creating /home/sguajardo/UBB-ROS-2025/lab3_urdf_rviz_gazebo/install/lab3_urdf_rviz_gazebo/share/ament_index/resource_index
creating /home/sguajardo/UBB-ROS-2025/lab3_urdf_rviz_gazebo/install/lab3_urdf_rviz_gazebo/share/ament_index/resource_index/packages
copying resource/lab3_urdf_rviz_gazebo -> /home/sguajardo/UBB-ROS-2025/lab3_urdf_rviz_gazebo/install/lab3_urdf_rviz_gazebo/share/ament_index/resource_index/packages
copying package.xml -> /home/sguajardo/UBB-ROS-2025/lab3_urdf_rviz_gazebo/install/lab3_urdf_rviz_gazebo/share/lab3_urdf_rviz_gazebo
running install_egg_info
Copying build/lab3_urdf_rviz_gazebo/lab3_urdf_rviz_gazebo.egg-info to /home/sguajardo/UBB-ROS-2025/lab3_urdf_rviz_gazebo/install/lab3_urdf_rviz_gazebo/lib/python3.12/site-packages/lab3_urdf_rviz_gazebo-0.0.0-py3.12.egg-info
running install_scripts
writing list of installed files to '/home/sguajardo/UBB-ROS-2025/lab3_urdf_rviz_gazebo/build/lab3_urdf_rviz_gazebo/install.log'
