[1.009s] Invoking command in '/home/sguajardo/UBB-ROS-2025/lab3_urdf_rviz_gazebo': DEBUGINFOD_URLS=https://debuginfod.ubuntu.com PYTHONPATH=/home/sguajardo/UBB-ROS-2025/lab3_urdf_rviz_gazebo/build/lab3_urdf_rviz_gazebo/prefix_override:/usr/lib/python3/dist-packages/colcon_core/task/python/colcon_distutils_commands:/home/sguajardo/UBB-ROS-2025/lab3_urdf_rviz_gazebo/install/lab3_urdf_rviz_gazebo/lib/python3.12/site-packages:${PYTHONPATH} /usr/bin/python3 -W ignore:setup.py install is deprecated -W ignore:easy_install command is deprecated setup.py egg_info --egg-base build/lab3_urdf_rviz_gazebo build --build-base /home/sguajardo/UBB-ROS-2025/lab3_urdf_rviz_gazebo/build/lab3_urdf_rviz_gazebo/build install --record /home/sguajardo/UBB-ROS-2025/lab3_urdf_rviz_gazebo/build/lab3_urdf_rviz_gazebo/install.log --single-version-externally-managed install_data
[1.225s] running egg_info
[1.225s] creating build/lab3_urdf_rviz_gazebo/lab3_urdf_rviz_gazebo.egg-info
[1.243s] writing build/lab3_urdf_rviz_gazebo/lab3_urdf_rviz_gazebo.egg-info/PKG-INFO
[1.243s] writing dependency_links to build/lab3_urdf_rviz_gazebo/lab3_urdf_rviz_gazebo.egg-info/dependency_links.txt
[1.243s] writing requirements to build/lab3_urdf_rviz_gazebo/lab3_urdf_rviz_gazebo.egg-info/requires.txt
[1.243s] writing top-level names to build/lab3_urdf_rviz_gazebo/lab3_urdf_rviz_gazebo.egg-info/top_level.txt
[1.243s] writing manifest file 'build/lab3_urdf_rviz_gazebo/lab3_urdf_rviz_gazebo.egg-info/SOURCES.txt'
[1.282s] reading manifest file 'build/lab3_urdf_rviz_gazebo/lab3_urdf_rviz_gazebo.egg-info/SOURCES.txt'
[1.282s] adding license file 'LICENSE'
[1.282s] writing manifest file 'build/lab3_urdf_rviz_gazebo/lab3_urdf_rviz_gazebo.egg-info/SOURCES.txt'
[1.283s] running build
[1.283s] running build_py
[1.283s] creating /home/sguajardo/UBB-ROS-2025/lab3_urdf_rviz_gazebo/build/lab3_urdf_rviz_gazebo/build
[1.283s] creating /home/sguajardo/UBB-ROS-2025/lab3_urdf_rviz_gazebo/build/lab3_urdf_rviz_gazebo/build/lib
[1.283s] creating /home/sguajardo/UBB-ROS-2025/lab3_urdf_rviz_gazebo/build/lab3_urdf_rviz_gazebo/build/lib/lab3_urdf_rviz_gazebo
[1.283s] copying lab3_urdf_rviz_gazebo/__init__.py -> /home/sguajardo/UBB-ROS-2025/lab3_urdf_rviz_gazebo/build/lab3_urdf_rviz_gazebo/build/lib/lab3_urdf_rviz_gazebo
[1.283s] running install
[1.288s] running install_lib
[1.305s] creating /home/sguajardo/UBB-ROS-2025/lab3_urdf_rviz_gazebo/install/lab3_urdf_rviz_gazebo/lib/python3.12/site-packages/lab3_urdf_rviz_gazebo
[1.305s] copying /home/sguajardo/UBB-ROS-2025/lab3_urdf_rviz_gazebo/build/lab3_urdf_rviz_gazebo/build/lib/lab3_urdf_rviz_gazebo/__init__.py -> /home/sguajardo/UBB-ROS-2025/lab3_urdf_rviz_gazebo/install/lab3_urdf_rviz_gazebo/lib/python3.12/site-packages/lab3_urdf_rviz_gazebo
[1.305s] byte-compiling /home/sguajardo/UBB-ROS-2025/lab3_urdf_rviz_gazebo/install/lab3_urdf_rviz_gazebo/lib/python3.12/site-packages/lab3_urdf_rviz_gazebo/__init__.py to __init__.cpython-312.pyc
[1.305s] running install_data
[1.306s] creating /home/sguajardo/UBB-ROS-2025/lab3_urdf_rviz_gazebo/install/lab3_urdf_rviz_gazebo/share/ament_index
[1.306s] creating /home/sguajardo/UBB-ROS-2025/lab3_urdf_rviz_gazebo/install/lab3_urdf_rviz_gazebo/share/ament_index/resource_index
[1.306s] creating /home/sguajardo/UBB-ROS-2025/lab3_urdf_rviz_gazebo/install/lab3_urdf_rviz_gazebo/share/ament_index/resource_index/packages
[1.306s] copying resource/lab3_urdf_rviz_gazebo -> /home/sguajardo/UBB-ROS-2025/lab3_urdf_rviz_gazebo/install/lab3_urdf_rviz_gazebo/share/ament_index/resource_index/packages
[1.306s] copying package.xml -> /home/sguajardo/UBB-ROS-2025/lab3_urdf_rviz_gazebo/install/lab3_urdf_rviz_gazebo/share/lab3_urdf_rviz_gazebo
[1.306s] running install_egg_info
[1.324s] Copying build/lab3_urdf_rviz_gazebo/lab3_urdf_rviz_gazebo.egg-info to /home/sguajardo/UBB-ROS-2025/lab3_urdf_rviz_gazebo/install/lab3_urdf_rviz_gazebo/lib/python3.12/site-packages/lab3_urdf_rviz_gazebo-0.0.0-py3.12.egg-info
[1.325s] running install_scripts
[1.432s] writing list of installed files to '/home/sguajardo/UBB-ROS-2025/lab3_urdf_rviz_gazebo/build/lab3_urdf_rviz_gazebo/install.log'
[1.454s] Invoked command in '/home/sguajardo/UBB-ROS-2025/lab3_urdf_rviz_gazebo' returned '0': DEBUGINFOD_URLS=https://debuginfod.ubuntu.com PYTHONPATH=/home/sguajardo/UBB-ROS-2025/lab3_urdf_rviz_gazebo/build/lab3_urdf_rviz_gazebo/prefix_override:/usr/lib/python3/dist-packages/colcon_core/task/python/colcon_distutils_commands:/home/sguajardo/UBB-ROS-2025/lab3_urdf_rviz_gazebo/install/lab3_urdf_rviz_gazebo/lib/python3.12/site-packages:${PYTHONPATH} /usr/bin/python3 -W ignore:setup.py install is deprecated -W ignore:easy_install command is deprecated setup.py egg_info --egg-base build/lab3_urdf_rviz_gazebo build --build-base /home/sguajardo/UBB-ROS-2025/lab3_urdf_rviz_gazebo/build/lab3_urdf_rviz_gazebo/build install --record /home/sguajardo/UBB-ROS-2025/lab3_urdf_rviz_gazebo/build/lab3_urdf_rviz_gazebo/install.log --single-version-externally-managed install_data
