[0.171s] DEBUG:colcon:Command line arguments: ['/usr/bin/colcon', 'build', '--packages-select', 'lab4_gazebo', '--symlink-install', '--cmake-clean-cache']
[0.172s] DEBUG:colcon:Parsed command line arguments: Namespace(log_base=None, log_level=None, verb_name='build', build_base='build', install_base='install', merge_install=False, symlink_install=True, test_result_base=None, continue_on_error=False, executor='parallel', parallel_workers=4, event_handlers=None, ignore_user_meta=False, metas=['./colcon.meta'], base_paths=['.'], packages_ignore=None, packages_ignore_regex=None, paths=None, packages_up_to=None, packages_up_to_regex=None, packages_above=None, packages_above_and_dependencies=None, packages_above_depth=None, packages_select_by_dep=None, packages_skip_by_dep=None, packages_skip_up_to=None, packages_select_build_failed=False, packages_skip_build_finished=False, packages_select_test_failures=False, packages_skip_test_passed=False, packages_select=['lab4_gazebo'], packages_skip=None, packages_select_regex=None, packages_skip_regex=None, packages_start=None, packages_end=None, allow_overriding=[], cmake_args=None, cmake_target=None, cmake_target_skip_unavailable=False, cmake_clean_cache=True, cmake_clean_first=False, cmake_force_configure=False, ament_cmake_args=None, catkin_cmake_args=None, catkin_skip_building_tests=False, mixin_files=None, mixin=None, verb_parser=<colcon_mixin.mixin.mixin_argument.MixinArgumentDecorator object at 0x7e1a2cdc78f0>, verb_extension=<colcon_core.verb.build.BuildVerb object at 0x7e1a2cdc7500>, main=<bound method BuildVerb.main of <colcon_core.verb.build.BuildVerb object at 0x7e1a2cdc7500>>, mixin_verb=('build',))
[0.201s] Level 1:colcon.colcon_core.package_discovery:discover_packages(colcon_meta) check parameters
[0.201s] Level 1:colcon.colcon_core.package_discovery:discover_packages(recursive) check parameters
[0.201s] Level 1:colcon.colcon_core.package_discovery:discover_packages(ignore) check parameters
[0.201s] Level 1:colcon.colcon_core.package_discovery:discover_packages(path) check parameters
[0.201s] Level 1:colcon.colcon_core.package_discovery:discover_packages(colcon_meta) discover
[0.202s] Level 1:colcon.colcon_core.package_discovery:discover_packages(recursive) discover
[0.202s] INFO:colcon.colcon_core.package_discovery:Crawling recursively for packages in '/home/sguajardo/UBB-ROS-2025/lab4_gazebo'
[0.202s] Level 1:colcon.colcon_core.package_identification:_identify(.) by extensions ['ignore', 'ignore_ament_install']
[0.202s] Level 1:colcon.colcon_core.package_identification:_identify(.) by extension 'ignore'
[0.202s] Level 1:colcon.colcon_core.package_identification:_identify(.) by extension 'ignore_ament_install'
[0.202s] Level 1:colcon.colcon_core.package_identification:_identify(.) by extensions ['colcon_pkg']
[0.202s] Level 1:colcon.colcon_core.package_identification:_identify(.) by extension 'colcon_pkg'
[0.202s] Level 1:colcon.colcon_core.package_identification:_identify(.) by extensions ['colcon_meta']
[0.202s] Level 1:colcon.colcon_core.package_identification:_identify(.) by extension 'colcon_meta'
[0.202s] Level 1:colcon.colcon_core.package_identification:_identify(.) by extensions ['ros']
[0.202s] Level 1:colcon.colcon_core.package_identification:_identify(.) by extension 'ros'
[0.225s] DEBUG:colcon.colcon_core.package_identification:Package '.' with type 'ros.ament_python' and name 'lab4_gazebo'
[0.225s] Level 1:colcon.colcon_core.package_discovery:discover_packages(recursive) using defaults
[0.225s] Level 1:colcon.colcon_core.package_discovery:discover_packages(ignore) discover
[0.225s] Level 1:colcon.colcon_core.package_discovery:discover_packages(ignore) using defaults
[0.225s] Level 1:colcon.colcon_core.package_discovery:discover_packages(path) discover
[0.225s] Level 1:colcon.colcon_core.package_discovery:discover_packages(path) using defaults
[0.239s] Level 1:colcon.colcon_core.package_discovery:discover_packages(prefix_path) check parameters
[0.239s] Level 1:colcon.colcon_core.package_discovery:discover_packages(prefix_path) discover
[0.242s] DEBUG:colcon.colcon_installed_package_information.package_discovery:Found 1 installed packages in /home/sguajardo/UBB-ROS-2025/lab4_gazebo/install
[0.244s] DEBUG:colcon.colcon_installed_package_information.package_discovery:Found 70 installed packages in /home/sguajardo/ws_moveit/install
[0.245s] DEBUG:colcon.colcon_installed_package_information.package_discovery:Found 358 installed packages in /opt/ros/rolling
[0.246s] Level 1:colcon.colcon_core.package_discovery:discover_packages(prefix_path) using defaults
[0.283s] Level 5:colcon.colcon_core.verb:set package 'lab4_gazebo' build argument 'cmake_args' from command line to 'None'
[0.283s] Level 5:colcon.colcon_core.verb:set package 'lab4_gazebo' build argument 'cmake_target' from command line to 'None'
[0.283s] Level 5:colcon.colcon_core.verb:set package 'lab4_gazebo' build argument 'cmake_target_skip_unavailable' from command line to 'False'
[0.283s] Level 5:colcon.colcon_core.verb:set package 'lab4_gazebo' build argument 'cmake_clean_cache' from command line to 'True'
[0.283s] Level 5:colcon.colcon_core.verb:set package 'lab4_gazebo' build argument 'cmake_clean_first' from command line to 'False'
[0.283s] Level 5:colcon.colcon_core.verb:set package 'lab4_gazebo' build argument 'cmake_force_configure' from command line to 'False'
[0.283s] Level 5:colcon.colcon_core.verb:set package 'lab4_gazebo' build argument 'ament_cmake_args' from command line to 'None'
[0.283s] Level 5:colcon.colcon_core.verb:set package 'lab4_gazebo' build argument 'catkin_cmake_args' from command line to 'None'
[0.283s] Level 5:colcon.colcon_core.verb:set package 'lab4_gazebo' build argument 'catkin_skip_building_tests' from command line to 'False'
[0.283s] DEBUG:colcon.colcon_core.verb:Building package 'lab4_gazebo' with the following arguments: {'ament_cmake_args': None, 'build_base': '/home/sguajardo/UBB-ROS-2025/lab4_gazebo/build/lab4_gazebo', 'catkin_cmake_args': None, 'catkin_skip_building_tests': False, 'cmake_args': None, 'cmake_clean_cache': True, 'cmake_clean_first': False, 'cmake_force_configure': False, 'cmake_target': None, 'cmake_target_skip_unavailable': False, 'install_base': '/home/sguajardo/UBB-ROS-2025/lab4_gazebo/install/lab4_gazebo', 'merge_install': False, 'path': '/home/sguajardo/UBB-ROS-2025/lab4_gazebo', 'symlink_install': True, 'test_result_base': None}
[0.284s] INFO:colcon.colcon_core.executor:Executing jobs using 'parallel' executor
[0.285s] DEBUG:colcon.colcon_parallel_executor.executor.parallel:run_until_complete
[0.285s] INFO:colcon.colcon_ros.task.ament_python.build:Building ROS package in '/home/sguajardo/UBB-ROS-2025/lab4_gazebo' with build type 'ament_python'
[0.285s] Level 1:colcon.colcon_core.shell:create_environment_hook('lab4_gazebo', 'ament_prefix_path')
[0.288s] INFO:colcon.colcon_core.plugin_system:Skipping extension 'colcon_core.shell.bat': Not used on non-Windows systems
[0.288s] INFO:colcon.colcon_core.shell:Creating environment hook '/home/sguajardo/UBB-ROS-2025/lab4_gazebo/install/lab4_gazebo/share/lab4_gazebo/hook/ament_prefix_path.ps1'
[0.289s] INFO:colcon.colcon_core.shell:Creating environment descriptor '/home/sguajardo/UBB-ROS-2025/lab4_gazebo/install/lab4_gazebo/share/lab4_gazebo/hook/ament_prefix_path.dsv'
[0.289s] INFO:colcon.colcon_core.shell:Creating environment hook '/home/sguajardo/UBB-ROS-2025/lab4_gazebo/install/lab4_gazebo/share/lab4_gazebo/hook/ament_prefix_path.sh'
[0.290s] INFO:colcon.colcon_core.shell:Skip shell extension 'powershell' for command environment: Not usable outside of PowerShell
[0.290s] DEBUG:colcon.colcon_core.shell:Skip shell extension 'dsv' for command environment
[0.470s] INFO:colcon.colcon_core.task.python.build:Building Python package in '/home/sguajardo/UBB-ROS-2025/lab4_gazebo'
[0.471s] INFO:colcon.colcon_core.shell:Skip shell extension 'powershell' for command environment: Not usable outside of PowerShell
[0.471s] DEBUG:colcon.colcon_core.shell:Skip shell extension 'dsv' for command environment
[0.976s] DEBUG:colcon.colcon_core.event_handler.log_command:Invoking command in '/home/sguajardo/UBB-ROS-2025/lab4_gazebo/build/lab4_gazebo': DEBUGINFOD_URLS=https://debuginfod.ubuntu.com PYTHONPATH=/home/sguajardo/UBB-ROS-2025/lab4_gazebo/build/lab4_gazebo/prefix_override:/usr/lib/python3/dist-packages/colcon_core/task/python/colcon_distutils_commands:/home/sguajardo/UBB-ROS-2025/lab4_gazebo/install/lab4_gazebo/lib/python3.12/site-packages:${PYTHONPATH} /usr/bin/python3 -W ignore:setup.py install is deprecated -W ignore:easy_install command is deprecated setup.py develop --editable --build-directory /home/sguajardo/UBB-ROS-2025/lab4_gazebo/build/lab4_gazebo/build --no-deps symlink_data
[1.515s] Level 1:colcon.colcon_core.shell:create_environment_hook('lab4_gazebo', 'pythonpath_develop')
[1.516s] INFO:colcon.colcon_core.shell:Creating environment hook '/home/sguajardo/UBB-ROS-2025/lab4_gazebo/build/lab4_gazebo/share/lab4_gazebo/hook/pythonpath_develop.ps1'
[1.516s] DEBUG:colcon.colcon_core.event_handler.log_command:Invoked command in '/home/sguajardo/UBB-ROS-2025/lab4_gazebo/build/lab4_gazebo' returned '0': DEBUGINFOD_URLS=https://debuginfod.ubuntu.com PYTHONPATH=/home/sguajardo/UBB-ROS-2025/lab4_gazebo/build/lab4_gazebo/prefix_override:/usr/lib/python3/dist-packages/colcon_core/task/python/colcon_distutils_commands:/home/sguajardo/UBB-ROS-2025/lab4_gazebo/install/lab4_gazebo/lib/python3.12/site-packages:${PYTHONPATH} /usr/bin/python3 -W ignore:setup.py install is deprecated -W ignore:easy_install command is deprecated setup.py develop --editable --build-directory /home/sguajardo/UBB-ROS-2025/lab4_gazebo/build/lab4_gazebo/build --no-deps symlink_data
[1.517s] INFO:colcon.colcon_core.shell:Creating environment descriptor '/home/sguajardo/UBB-ROS-2025/lab4_gazebo/build/lab4_gazebo/share/lab4_gazebo/hook/pythonpath_develop.dsv'
[1.517s] INFO:colcon.colcon_core.shell:Creating environment hook '/home/sguajardo/UBB-ROS-2025/lab4_gazebo/build/lab4_gazebo/share/lab4_gazebo/hook/pythonpath_develop.sh'
[1.519s] Level 1:colcon.colcon_core.environment:checking '/home/sguajardo/UBB-ROS-2025/lab4_gazebo/install/lab4_gazebo' for CMake module files
[1.519s] Level 1:colcon.colcon_core.environment:checking '/home/sguajardo/UBB-ROS-2025/lab4_gazebo/install/lab4_gazebo' for CMake config files
[1.520s] Level 1:colcon.colcon_core.environment:checking '/home/sguajardo/UBB-ROS-2025/lab4_gazebo/install/lab4_gazebo/lib'
[1.520s] Level 1:colcon.colcon_core.environment:checking '/home/sguajardo/UBB-ROS-2025/lab4_gazebo/install/lab4_gazebo/bin'
[1.520s] Level 1:colcon.colcon_core.environment:checking '/home/sguajardo/UBB-ROS-2025/lab4_gazebo/install/lab4_gazebo/lib/pkgconfig/lab4_gazebo.pc'
[1.520s] Level 1:colcon.colcon_core.environment:checking '/home/sguajardo/UBB-ROS-2025/lab4_gazebo/install/lab4_gazebo/lib/python3.12/site-packages'
[1.520s] Level 1:colcon.colcon_core.shell:create_environment_hook('lab4_gazebo', 'pythonpath')
[1.520s] INFO:colcon.colcon_core.shell:Creating environment hook '/home/sguajardo/UBB-ROS-2025/lab4_gazebo/install/lab4_gazebo/share/lab4_gazebo/hook/pythonpath.ps1'
[1.521s] INFO:colcon.colcon_core.shell:Creating environment descriptor '/home/sguajardo/UBB-ROS-2025/lab4_gazebo/install/lab4_gazebo/share/lab4_gazebo/hook/pythonpath.dsv'
[1.521s] INFO:colcon.colcon_core.shell:Creating environment hook '/home/sguajardo/UBB-ROS-2025/lab4_gazebo/install/lab4_gazebo/share/lab4_gazebo/hook/pythonpath.sh'
[1.521s] Level 1:colcon.colcon_core.environment:checking '/home/sguajardo/UBB-ROS-2025/lab4_gazebo/install/lab4_gazebo/bin'
[1.521s] Level 1:colcon.colcon_core.environment:create_environment_scripts_only(lab4_gazebo)
[1.522s] INFO:colcon.colcon_core.shell:Creating package script '/home/sguajardo/UBB-ROS-2025/lab4_gazebo/install/lab4_gazebo/share/lab4_gazebo/package.ps1'
[1.522s] INFO:colcon.colcon_core.shell:Creating package descriptor '/home/sguajardo/UBB-ROS-2025/lab4_gazebo/install/lab4_gazebo/share/lab4_gazebo/package.dsv'
[1.523s] INFO:colcon.colcon_core.shell:Creating package script '/home/sguajardo/UBB-ROS-2025/lab4_gazebo/install/lab4_gazebo/share/lab4_gazebo/package.sh'
[1.523s] INFO:colcon.colcon_core.shell:Creating package script '/home/sguajardo/UBB-ROS-2025/lab4_gazebo/install/lab4_gazebo/share/lab4_gazebo/package.bash'
[1.524s] INFO:colcon.colcon_core.shell:Creating package script '/home/sguajardo/UBB-ROS-2025/lab4_gazebo/install/lab4_gazebo/share/lab4_gazebo/package.zsh'
[1.524s] Level 1:colcon.colcon_core.environment:create_file_with_runtime_dependencies(/home/sguajardo/UBB-ROS-2025/lab4_gazebo/install/lab4_gazebo/share/colcon-core/packages/lab4_gazebo)
[1.525s] DEBUG:colcon.colcon_parallel_executor.executor.parallel:closing loop
[1.525s] DEBUG:colcon.colcon_parallel_executor.executor.parallel:loop closed
[1.526s] DEBUG:colcon.colcon_parallel_executor.executor.parallel:run_until_complete finished with '0'
[1.526s] DEBUG:colcon.colcon_core.event_reactor:joining thread
[1.562s] INFO:colcon.colcon_core.plugin_system:Skipping extension 'colcon_notification.desktop_notification.notify_send': Could not find 'notify-send'
[1.562s] INFO:colcon.colcon_core.plugin_system:Skipping extension 'colcon_notification.desktop_notification.terminal_notifier': Not used on non-Darwin systems
[1.562s] INFO:colcon.colcon_core.plugin_system:Skipping extension 'colcon_notification.desktop_notification.win32': Not used on non-Windows systems
[1.562s] INFO:colcon.colcon_notification.desktop_notification:Sending desktop notification using 'notify2'
[1.564s] DEBUG:colcon.colcon_notification.desktop_notification.notify2:Failed to initialize notify2: org.freedesktop.DBus.Error.ServiceUnknown: The name org.freedesktop.Notifications was not provided by any .service files
[1.564s] DEBUG:colcon.colcon_core.event_reactor:joined thread
[1.564s] INFO:colcon.colcon_core.shell:Creating prefix script '/home/sguajardo/UBB-ROS-2025/lab4_gazebo/install/local_setup.ps1'
[1.565s] INFO:colcon.colcon_core.shell:Creating prefix util module '/home/sguajardo/UBB-ROS-2025/lab4_gazebo/install/_local_setup_util_ps1.py'
[1.566s] INFO:colcon.colcon_core.shell:Creating prefix chain script '/home/sguajardo/UBB-ROS-2025/lab4_gazebo/install/setup.ps1'
[1.568s] INFO:colcon.colcon_core.shell:Creating prefix script '/home/sguajardo/UBB-ROS-2025/lab4_gazebo/install/local_setup.sh'
[1.568s] INFO:colcon.colcon_core.shell:Creating prefix util module '/home/sguajardo/UBB-ROS-2025/lab4_gazebo/install/_local_setup_util_sh.py'
[1.569s] INFO:colcon.colcon_core.shell:Creating prefix chain script '/home/sguajardo/UBB-ROS-2025/lab4_gazebo/install/setup.sh'
[1.571s] INFO:colcon.colcon_core.shell:Creating prefix script '/home/sguajardo/UBB-ROS-2025/lab4_gazebo/install/local_setup.bash'
[1.571s] INFO:colcon.colcon_core.shell:Creating prefix chain script '/home/sguajardo/UBB-ROS-2025/lab4_gazebo/install/setup.bash'
[1.573s] INFO:colcon.colcon_core.shell:Creating prefix script '/home/sguajardo/UBB-ROS-2025/lab4_gazebo/install/local_setup.zsh'
[1.573s] INFO:colcon.colcon_core.shell:Creating prefix chain script '/home/sguajardo/UBB-ROS-2025/lab4_gazebo/install/setup.zsh'
