-- Found ament_cmake: 2.7.2 (/opt/ros/rolling/share/ament_cmake/cmake)
-- Found ament_lint_auto: 0.19.1 (/opt/ros/rolling/share/ament_lint_auto/cmake)
-- Found geometry_msgs: 5.5.0 (/opt/ros/rolling/share/geometry_msgs/cmake)
-- Found rosidl_generator_c: 4.9.3 (/opt/ros/rolling/share/rosidl_generator_c/cmake)
-- Found rosidl_generator_cpp: 4.9.3 (/opt/ros/rolling/share/rosidl_generator_cpp/cmake)
-- Using all available rosidl_typesupport_c: rosidl_typesupport_fastrtps_c;rosidl_typesupport_introspection_c
-- Using all available rosidl_typesupport_cpp: rosidl_typesupport_fastrtps_cpp;rosidl_typesupport_introspection_cpp
-- Found rosidl_default_generators: 1.7.1 (/opt/ros/rolling/share/rosidl_default_generators/cmake)
-- Found rosidl_adapter: 4.9.3 (/opt/ros/rolling/share/rosidl_adapter/cmake)
-- Found ament_cmake_ros_core: 0.14.1 (/opt/ros/rolling/share/ament_cmake_ros_core/cmake)
-- Using all available rosidl_typesupport_c: rosidl_typesupport_fastrtps_c;rosidl_typesupport_introspection_c
-- Using all available rosidl_typesupport_cpp: rosidl_typesupport_fastrtps_cpp;rosidl_typesupport_introspection_cpp
-- Found Python3: /usr/bin/python3 (found version "3.12.3") found components: Interpreter Development NumPy Development.Module Development.Embed 
-- Added test 'cppcheck' to perform static code analysis on C / C++ code
-- Configured cppcheck include dirs: $<BUILD_INTERFACE:/home/sguajardo/UBB-ROS-2025/lab2_1_intefaces_custom/build/lab2_1_intefaces_custom/rosidl_generator_c>;$<BUILD_INTERFACE:/home/sguajardo/UBB-ROS-2025/lab2_1_intefaces_custom/build/lab2_1_intefaces_custom/rosidl_typesupport_fastrtps_c>;$<BUILD_INTERFACE:/home/sguajardo/UBB-ROS-2025/lab2_1_intefaces_custom/build/lab2_1_intefaces_custom/rosidl_generator_cpp>;$<BUILD_INTERFACE:/home/sguajardo/UBB-ROS-2025/lab2_1_intefaces_custom/build/lab2_1_intefaces_custom/rosidl_typesupport_fastrtps_cpp>;$<BUILD_INTERFACE:/home/sguajardo/UBB-ROS-2025/lab2_1_intefaces_custom/build/lab2_1_intefaces_custom/rosidl_typesupport_introspection_c>;$<BUILD_INTERFACE:/home/sguajardo/UBB-ROS-2025/lab2_1_intefaces_custom/build/lab2_1_intefaces_custom/rosidl_typesupport_introspection_cpp>;/home/sguajardo/UBB-ROS-2025/lab2_1_intefaces_custom/build/lab2_1_intefaces_custom/rosidl_generator_c;/home/sguajardo/UBB-ROS-2025/lab2_1_intefaces_custom/build/lab2_1_intefaces_custom/rosidl_generator_py
-- Configured cppcheck exclude dirs and/or files: 
-- Added test 'flake8' to check Python code syntax and style conventions
-- Configured 'flake8' exclude dirs and/or files: 
-- Added test 'lint_cmake' to check CMake code style
-- Added test 'pep257' to check Python code against some of the docstring style conventions in PEP 257
-- Added test 'uncrustify' to check C / C++ code style
-- Configured uncrustify additional arguments: 
-- Added test 'xmllint' to check XML markup files
-- Configuring done (3.8s)
-- Generating done (0.1s)
-- Build files have been written to: /home/sguajardo/UBB-ROS-2025/lab2_1_intefaces_custom/build/lab2_1_intefaces_custom
[  2%] [34m[1mGenerating type hashes for ROS interfaces[0m
[  2%] Built target ament_cmake_python_copy_lab2_1_intefaces_custom
[  2%] Built target lab2_1_intefaces_custom__rosidl_generator_type_description
[  4%] [34m[1mGenerating C code for ROS interfaces[0m
running egg_info
creating lab2_1_intefaces_custom.egg-info
[  6%] [34m[1mGenerating C++ code for ROS interfaces[0m
writing lab2_1_intefaces_custom.egg-info/PKG-INFO
writing dependency_links to lab2_1_intefaces_custom.egg-info/dependency_links.txt
writing top-level names to lab2_1_intefaces_custom.egg-info/top_level.txt
writing manifest file 'lab2_1_intefaces_custom.egg-info/SOURCES.txt'
reading manifest file 'lab2_1_intefaces_custom.egg-info/SOURCES.txt'
writing manifest file 'lab2_1_intefaces_custom.egg-info/SOURCES.txt'
[  6%] Built target ament_cmake_python_build_lab2_1_intefaces_custom_egg
[  6%] Built target lab2_1_intefaces_custom__cpp
[  9%] [32mBuilding C object CMakeFiles/lab2_1_intefaces_custom__rosidl_generator_c.dir/rosidl_generator_c/lab2_1_intefaces_custom/srv/detail/add_four_ints__description.c.o[0m
[ 11%] [32mBuilding C object CMakeFiles/lab2_1_intefaces_custom__rosidl_generator_c.dir/rosidl_generator_c/lab2_1_intefaces_custom/msg/detail/sphere__type_support.c.o[0m
[ 13%] [32mBuilding C object CMakeFiles/lab2_1_intefaces_custom__rosidl_generator_c.dir/rosidl_generator_c/lab2_1_intefaces_custom/msg/detail/sphere__description.c.o[0m
[ 15%] [32mBuilding C object CMakeFiles/lab2_1_intefaces_custom__rosidl_generator_c.dir/rosidl_generator_c/lab2_1_intefaces_custom/msg/detail/sphere__functions.c.o[0m
[ 18%] [32mBuilding C object CMakeFiles/lab2_1_intefaces_custom__rosidl_generator_c.dir/rosidl_generator_c/lab2_1_intefaces_custom/srv/detail/add_four_ints__functions.c.o[0m
[ 20%] [32mBuilding C object CMakeFiles/lab2_1_intefaces_custom__rosidl_generator_c.dir/rosidl_generator_c/lab2_1_intefaces_custom/srv/detail/add_four_ints__type_support.c.o[0m
[ 22%] [32m[1mLinking C shared library liblab2_1_intefaces_custom__rosidl_generator_c.so[0m
[ 22%] Built target lab2_1_intefaces_custom__rosidl_generator_c
[ 25%] [34m[1mGenerating C++ type support for eProsima Fast-RTPS[0m
[ 27%] [34m[1mGenerating C introspection for ROS interfaces[0m
[ 29%] [34m[1mGenerating C type support dispatch for ROS interfaces[0m
[ 31%] [34m[1mGenerating C type support for eProsima Fast-RTPS[0m
[ 34%] [32mBuilding CXX object CMakeFiles/lab2_1_intefaces_custom__rosidl_typesupport_c.dir/rosidl_typesupport_c/lab2_1_intefaces_custom/msg/sphere__type_support.cpp.o[0m
[ 36%] [32mBuilding CXX object CMakeFiles/lab2_1_intefaces_custom__rosidl_typesupport_c.dir/rosidl_typesupport_c/lab2_1_intefaces_custom/srv/add_four_ints__type_support.cpp.o[0m
[ 38%] [32mBuilding C object CMakeFiles/lab2_1_intefaces_custom__rosidl_typesupport_introspection_c.dir/rosidl_typesupport_introspection_c/lab2_1_intefaces_custom/msg/detail/sphere__type_support.c.o[0m
[ 40%] [32mBuilding CXX object CMakeFiles/lab2_1_intefaces_custom__rosidl_typesupport_fastrtps_cpp.dir/rosidl_typesupport_fastrtps_cpp/lab2_1_intefaces_custom/msg/detail/dds_fastrtps/sphere__type_support.cpp.o[0m
[ 45%] [32mBuilding C object CMakeFiles/lab2_1_intefaces_custom__rosidl_typesupport_introspection_c.dir/rosidl_typesupport_introspection_c/lab2_1_intefaces_custom/srv/detail/add_four_ints__type_support.c.o[0m
[ 45%] [32m[1mLinking CXX shared library liblab2_1_intefaces_custom__rosidl_typesupport_c.so[0m
[ 47%] [32mBuilding CXX object CMakeFiles/lab2_1_intefaces_custom__rosidl_typesupport_fastrtps_c.dir/rosidl_typesupport_fastrtps_c/lab2_1_intefaces_custom/msg/detail/sphere__type_support_c.cpp.o[0m
[ 50%] [32m[1mLinking C shared library liblab2_1_intefaces_custom__rosidl_typesupport_introspection_c.so[0m
[ 50%] Built target lab2_1_intefaces_custom__rosidl_typesupport_c
[ 52%] [32mBuilding CXX object CMakeFiles/lab2_1_intefaces_custom__rosidl_typesupport_fastrtps_c.dir/rosidl_typesupport_fastrtps_c/lab2_1_intefaces_custom/srv/detail/add_four_ints__type_support_c.cpp.o[0m
[ 52%] Built target lab2_1_intefaces_custom__rosidl_typesupport_introspection_c
[ 54%] [34m[1mGenerating C++ introspection for ROS interfaces[0m
[ 56%] [32mBuilding CXX object CMakeFiles/lab2_1_intefaces_custom__rosidl_typesupport_introspection_cpp.dir/rosidl_typesupport_introspection_cpp/lab2_1_intefaces_custom/msg/detail/sphere__type_support.cpp.o[0m
[ 59%] [32mBuilding CXX object CMakeFiles/lab2_1_intefaces_custom__rosidl_typesupport_fastrtps_cpp.dir/rosidl_typesupport_fastrtps_cpp/lab2_1_intefaces_custom/srv/detail/dds_fastrtps/add_four_ints__type_support.cpp.o[0m
[ 61%] [32mBuilding CXX object CMakeFiles/lab2_1_intefaces_custom__rosidl_typesupport_introspection_cpp.dir/rosidl_typesupport_introspection_cpp/lab2_1_intefaces_custom/srv/detail/add_four_ints__type_support.cpp.o[0m
[ 63%] [32m[1mLinking CXX shared library liblab2_1_intefaces_custom__rosidl_typesupport_fastrtps_c.so[0m
[ 65%] [34m[1mGenerating C++ type support dispatch for ROS interfaces[0m
[ 65%] Built target lab2_1_intefaces_custom__rosidl_typesupport_fastrtps_c
[ 68%] [32m[1mLinking CXX shared library liblab2_1_intefaces_custom__rosidl_typesupport_introspection_cpp.so[0m
[ 72%] [32mBuilding CXX object CMakeFiles/lab2_1_intefaces_custom__rosidl_typesupport_cpp.dir/rosidl_typesupport_cpp/lab2_1_intefaces_custom/msg/sphere__type_support.cpp.o[0m
[ 72%] [32mBuilding CXX object CMakeFiles/lab2_1_intefaces_custom__rosidl_typesupport_cpp.dir/rosidl_typesupport_cpp/lab2_1_intefaces_custom/srv/add_four_ints__type_support.cpp.o[0m
[ 75%] [32m[1mLinking CXX shared library liblab2_1_intefaces_custom__rosidl_typesupport_fastrtps_cpp.so[0m
[ 75%] Built target lab2_1_intefaces_custom__rosidl_typesupport_introspection_cpp
[ 77%] [32m[1mLinking CXX shared library liblab2_1_intefaces_custom__rosidl_typesupport_cpp.so[0m
[ 77%] Built target lab2_1_intefaces_custom__rosidl_typesupport_fastrtps_cpp
[ 77%] Built target lab2_1_intefaces_custom__rosidl_typesupport_cpp
[ 77%] Built target lab2_1_intefaces_custom
[ 79%] [34m[1mGenerating Python code for ROS interfaces[0m
[ 79%] Built target lab2_1_intefaces_custom__py
[ 84%] [32mBuilding C object CMakeFiles/lab2_1_intefaces_custom__rosidl_generator_py.dir/rosidl_generator_py/lab2_1_intefaces_custom/srv/_add_four_ints_s.c.o[0m
[ 84%] [32mBuilding C object CMakeFiles/lab2_1_intefaces_custom__rosidl_generator_py.dir/rosidl_generator_py/lab2_1_intefaces_custom/msg/_sphere_s.c.o[0m
[ 86%] [32m[1mLinking C shared library liblab2_1_intefaces_custom__rosidl_generator_py.so[0m
[ 86%] Built target lab2_1_intefaces_custom__rosidl_generator_py
[ 90%] [32mBuilding C object CMakeFiles/lab2_1_intefaces_custom_s__rosidl_typesupport_fastrtps_c.dir/rosidl_generator_py/lab2_1_intefaces_custom/_lab2_1_intefaces_custom_s.ep.rosidl_typesupport_fastrtps_c.c.o[0m
[ 90%] [32mBuilding C object CMakeFiles/lab2_1_intefaces_custom_s__rosidl_typesupport_c.dir/rosidl_generator_py/lab2_1_intefaces_custom/_lab2_1_intefaces_custom_s.ep.rosidl_typesupport_c.c.o[0m
[ 93%] [32mBuilding C object CMakeFiles/lab2_1_intefaces_custom_s__rosidl_typesupport_introspection_c.dir/rosidl_generator_py/lab2_1_intefaces_custom/_lab2_1_intefaces_custom_s.ep.rosidl_typesupport_introspection_c.c.o[0m
[ 95%] [32m[1mLinking C shared module rosidl_generator_py/lab2_1_intefaces_custom/lab2_1_intefaces_custom_s__rosidl_typesupport_c.so[0m
[ 97%] [32m[1mLinking C shared module rosidl_generator_py/lab2_1_intefaces_custom/lab2_1_intefaces_custom_s__rosidl_typesupport_fastrtps_c.so[0m
[100%] [32m[1mLinking C shared module rosidl_generator_py/lab2_1_intefaces_custom/lab2_1_intefaces_custom_s__rosidl_typesupport_introspection_c.so[0m
[100%] Built target lab2_1_intefaces_custom_s__rosidl_typesupport_c
[100%] Built target lab2_1_intefaces_custom_s__rosidl_typesupport_fastrtps_c
[100%] Built target lab2_1_intefaces_custom_s__rosidl_typesupport_introspection_c
-- Install configuration: ""
-- Installing: /home/sguajardo/UBB-ROS-2025/lab2_1_intefaces_custom/install/lab2_1_intefaces_custom/share/ament_index/resource_index/rosidl_interfaces/lab2_1_intefaces_custom
-- Installing: /home/sguajardo/UBB-ROS-2025/lab2_1_intefaces_custom/install/lab2_1_intefaces_custom/share/lab2_1_intefaces_custom/msg/Sphere.json
-- Installing: /home/sguajardo/UBB-ROS-2025/lab2_1_intefaces_custom/install/lab2_1_intefaces_custom/share/lab2_1_intefaces_custom/srv/AddFourInts.json
-- Installing: /home/sguajardo/UBB-ROS-2025/lab2_1_intefaces_custom/install/lab2_1_intefaces_custom/include/lab2_1_intefaces_custom/lab2_1_intefaces_custom
-- Installing: /home/sguajardo/UBB-ROS-2025/lab2_1_intefaces_custom/install/lab2_1_intefaces_custom/include/lab2_1_intefaces_custom/lab2_1_intefaces_custom/srv
-- Installing: /home/sguajardo/UBB-ROS-2025/lab2_1_intefaces_custom/install/lab2_1_intefaces_custom/include/lab2_1_intefaces_custom/lab2_1_intefaces_custom/srv/detail
-- Installing: /home/sguajardo/UBB-ROS-2025/lab2_1_intefaces_custom/install/lab2_1_intefaces_custom/include/lab2_1_intefaces_custom/lab2_1_intefaces_custom/srv/detail/add_four_ints__struct.h
-- Installing: /home/sguajardo/UBB-ROS-2025/lab2_1_intefaces_custom/install/lab2_1_intefaces_custom/include/lab2_1_intefaces_custom/lab2_1_intefaces_custom/srv/detail/add_four_ints__description.c
-- Installing: /home/sguajardo/UBB-ROS-2025/lab2_1_intefaces_custom/install/lab2_1_intefaces_custom/include/lab2_1_intefaces_custom/lab2_1_intefaces_custom/srv/detail/add_four_ints__type_support.c
-- Installing: /home/sguajardo/UBB-ROS-2025/lab2_1_intefaces_custom/install/lab2_1_intefaces_custom/include/lab2_1_intefaces_custom/lab2_1_intefaces_custom/srv/detail/add_four_ints__functions.h
-- Installing: /home/sguajardo/UBB-ROS-2025/lab2_1_intefaces_custom/install/lab2_1_intefaces_custom/include/lab2_1_intefaces_custom/lab2_1_intefaces_custom/srv/detail/add_four_ints__type_support.h
-- Installing: /home/sguajardo/UBB-ROS-2025/lab2_1_intefaces_custom/install/lab2_1_intefaces_custom/include/lab2_1_intefaces_custom/lab2_1_intefaces_custom/srv/detail/add_four_ints__functions.c
-- Installing: /home/sguajardo/UBB-ROS-2025/lab2_1_intefaces_custom/install/lab2_1_intefaces_custom/include/lab2_1_intefaces_custom/lab2_1_intefaces_custom/srv/add_four_ints.h
-- Installing: /home/sguajardo/UBB-ROS-2025/lab2_1_intefaces_custom/install/lab2_1_intefaces_custom/include/lab2_1_intefaces_custom/lab2_1_intefaces_custom/msg
-- Installing: /home/sguajardo/UBB-ROS-2025/lab2_1_intefaces_custom/install/lab2_1_intefaces_custom/include/lab2_1_intefaces_custom/lab2_1_intefaces_custom/msg/detail
-- Installing: /home/sguajardo/UBB-ROS-2025/lab2_1_intefaces_custom/install/lab2_1_intefaces_custom/include/lab2_1_intefaces_custom/lab2_1_intefaces_custom/msg/detail/sphere__type_support.h
-- Installing: /home/sguajardo/UBB-ROS-2025/lab2_1_intefaces_custom/install/lab2_1_intefaces_custom/include/lab2_1_intefaces_custom/lab2_1_intefaces_custom/msg/detail/sphere__functions.c
-- Installing: /home/sguajardo/UBB-ROS-2025/lab2_1_intefaces_custom/install/lab2_1_intefaces_custom/include/lab2_1_intefaces_custom/lab2_1_intefaces_custom/msg/detail/sphere__type_support.c
-- Installing: /home/sguajardo/UBB-ROS-2025/lab2_1_intefaces_custom/install/lab2_1_intefaces_custom/include/lab2_1_intefaces_custom/lab2_1_intefaces_custom/msg/detail/sphere__struct.h
-- Installing: /home/sguajardo/UBB-ROS-2025/lab2_1_intefaces_custom/install/lab2_1_intefaces_custom/include/lab2_1_intefaces_custom/lab2_1_intefaces_custom/msg/detail/sphere__functions.h
-- Installing: /home/sguajardo/UBB-ROS-2025/lab2_1_intefaces_custom/install/lab2_1_intefaces_custom/include/lab2_1_intefaces_custom/lab2_1_intefaces_custom/msg/detail/sphere__description.c
-- Installing: /home/sguajardo/UBB-ROS-2025/lab2_1_intefaces_custom/install/lab2_1_intefaces_custom/include/lab2_1_intefaces_custom/lab2_1_intefaces_custom/msg/sphere.h
-- Installing: /home/sguajardo/UBB-ROS-2025/lab2_1_intefaces_custom/install/lab2_1_intefaces_custom/include/lab2_1_intefaces_custom/lab2_1_intefaces_custom/msg/rosidl_generator_c__visibility_control.h
-- Installing: /home/sguajardo/UBB-ROS-2025/lab2_1_intefaces_custom/install/lab2_1_intefaces_custom/share/lab2_1_intefaces_custom/environment/library_path.sh
-- Installing: /home/sguajardo/UBB-ROS-2025/lab2_1_intefaces_custom/install/lab2_1_intefaces_custom/share/lab2_1_intefaces_custom/environment/library_path.dsv
-- Installing: /home/sguajardo/UBB-ROS-2025/lab2_1_intefaces_custom/install/lab2_1_intefaces_custom/lib/liblab2_1_intefaces_custom__rosidl_generator_c.so
-- Set non-toolchain portion of runtime path of "/home/sguajardo/UBB-ROS-2025/lab2_1_intefaces_custom/install/lab2_1_intefaces_custom/lib/liblab2_1_intefaces_custom__rosidl_generator_c.so" to ""
-- Up-to-date: /home/sguajardo/UBB-ROS-2025/lab2_1_intefaces_custom/install/lab2_1_intefaces_custom/include/lab2_1_intefaces_custom/lab2_1_intefaces_custom
-- Up-to-date: /home/sguajardo/UBB-ROS-2025/lab2_1_intefaces_custom/install/lab2_1_intefaces_custom/include/lab2_1_intefaces_custom/lab2_1_intefaces_custom/srv
-- Up-to-date: /home/sguajardo/UBB-ROS-2025/lab2_1_intefaces_custom/install/lab2_1_intefaces_custom/include/lab2_1_intefaces_custom/lab2_1_intefaces_custom/srv/detail
-- Installing: /home/sguajardo/UBB-ROS-2025/lab2_1_intefaces_custom/install/lab2_1_intefaces_custom/include/lab2_1_intefaces_custom/lab2_1_intefaces_custom/srv/detail/add_four_ints__rosidl_typesupport_fastrtps_c.h
-- Up-to-date: /home/sguajardo/UBB-ROS-2025/lab2_1_intefaces_custom/install/lab2_1_intefaces_custom/include/lab2_1_intefaces_custom/lab2_1_intefaces_custom/msg
-- Installing: /home/sguajardo/UBB-ROS-2025/lab2_1_intefaces_custom/install/lab2_1_intefaces_custom/include/lab2_1_intefaces_custom/lab2_1_intefaces_custom/msg/rosidl_typesupport_fastrtps_c__visibility_control.h
-- Up-to-date: /home/sguajardo/UBB-ROS-2025/lab2_1_intefaces_custom/install/lab2_1_intefaces_custom/include/lab2_1_intefaces_custom/lab2_1_intefaces_custom/msg/detail
-- Installing: /home/sguajardo/UBB-ROS-2025/lab2_1_intefaces_custom/install/lab2_1_intefaces_custom/include/lab2_1_intefaces_custom/lab2_1_intefaces_custom/msg/detail/sphere__rosidl_typesupport_fastrtps_c.h
-- Installing: /home/sguajardo/UBB-ROS-2025/lab2_1_intefaces_custom/install/lab2_1_intefaces_custom/lib/liblab2_1_intefaces_custom__rosidl_typesupport_fastrtps_c.so
-- Set non-toolchain portion of runtime path of "/home/sguajardo/UBB-ROS-2025/lab2_1_intefaces_custom/install/lab2_1_intefaces_custom/lib/liblab2_1_intefaces_custom__rosidl_typesupport_fastrtps_c.so" to ""
-- Up-to-date: /home/sguajardo/UBB-ROS-2025/lab2_1_intefaces_custom/install/lab2_1_intefaces_custom/include/lab2_1_intefaces_custom/lab2_1_intefaces_custom
-- Up-to-date: /home/sguajardo/UBB-ROS-2025/lab2_1_intefaces_custom/install/lab2_1_intefaces_custom/include/lab2_1_intefaces_custom/lab2_1_intefaces_custom/srv
-- Up-to-date: /home/sguajardo/UBB-ROS-2025/lab2_1_intefaces_custom/install/lab2_1_intefaces_custom/include/lab2_1_intefaces_custom/lab2_1_intefaces_custom/srv/detail
-- Installing: /home/sguajardo/UBB-ROS-2025/lab2_1_intefaces_custom/install/lab2_1_intefaces_custom/include/lab2_1_intefaces_custom/lab2_1_intefaces_custom/srv/detail/add_four_ints__builder.hpp
-- Installing: /home/sguajardo/UBB-ROS-2025/lab2_1_intefaces_custom/install/lab2_1_intefaces_custom/include/lab2_1_intefaces_custom/lab2_1_intefaces_custom/srv/detail/add_four_ints__traits.hpp
-- Installing: /home/sguajardo/UBB-ROS-2025/lab2_1_intefaces_custom/install/lab2_1_intefaces_custom/include/lab2_1_intefaces_custom/lab2_1_intefaces_custom/srv/detail/add_four_ints__struct.hpp
-- Installing: /home/sguajardo/UBB-ROS-2025/lab2_1_intefaces_custom/install/lab2_1_intefaces_custom/include/lab2_1_intefaces_custom/lab2_1_intefaces_custom/srv/detail/add_four_ints__type_support.hpp
-- Installing: /home/sguajardo/UBB-ROS-2025/lab2_1_intefaces_custom/install/lab2_1_intefaces_custom/include/lab2_1_intefaces_custom/lab2_1_intefaces_custom/srv/add_four_ints.hpp
-- Up-to-date: /home/sguajardo/UBB-ROS-2025/lab2_1_intefaces_custom/install/lab2_1_intefaces_custom/include/lab2_1_intefaces_custom/lab2_1_intefaces_custom/msg
-- Up-to-date: /home/sguajardo/UBB-ROS-2025/lab2_1_intefaces_custom/install/lab2_1_intefaces_custom/include/lab2_1_intefaces_custom/lab2_1_intefaces_custom/msg/detail
-- Installing: /home/sguajardo/UBB-ROS-2025/lab2_1_intefaces_custom/install/lab2_1_intefaces_custom/include/lab2_1_intefaces_custom/lab2_1_intefaces_custom/msg/detail/sphere__type_support.hpp
-- Installing: /home/sguajardo/UBB-ROS-2025/lab2_1_intefaces_custom/install/lab2_1_intefaces_custom/include/lab2_1_intefaces_custom/lab2_1_intefaces_custom/msg/detail/sphere__struct.hpp
-- Installing: /home/sguajardo/UBB-ROS-2025/lab2_1_intefaces_custom/install/lab2_1_intefaces_custom/include/lab2_1_intefaces_custom/lab2_1_intefaces_custom/msg/detail/sphere__builder.hpp
-- Installing: /home/sguajardo/UBB-ROS-2025/lab2_1_intefaces_custom/install/lab2_1_intefaces_custom/include/lab2_1_intefaces_custom/lab2_1_intefaces_custom/msg/detail/sphere__traits.hpp
-- Installing: /home/sguajardo/UBB-ROS-2025/lab2_1_intefaces_custom/install/lab2_1_intefaces_custom/include/lab2_1_intefaces_custom/lab2_1_intefaces_custom/msg/sphere.hpp
-- Installing: /home/sguajardo/UBB-ROS-2025/lab2_1_intefaces_custom/install/lab2_1_intefaces_custom/include/lab2_1_intefaces_custom/lab2_1_intefaces_custom/msg/rosidl_generator_cpp__visibility_control.hpp
-- Up-to-date: /home/sguajardo/UBB-ROS-2025/lab2_1_intefaces_custom/install/lab2_1_intefaces_custom/include/lab2_1_intefaces_custom/lab2_1_intefaces_custom
-- Up-to-date: /home/sguajardo/UBB-ROS-2025/lab2_1_intefaces_custom/install/lab2_1_intefaces_custom/include/lab2_1_intefaces_custom/lab2_1_intefaces_custom/srv
-- Up-to-date: /home/sguajardo/UBB-ROS-2025/lab2_1_intefaces_custom/install/lab2_1_intefaces_custom/include/lab2_1_intefaces_custom/lab2_1_intefaces_custom/srv/detail
-- Installing: /home/sguajardo/UBB-ROS-2025/lab2_1_intefaces_custom/install/lab2_1_intefaces_custom/include/lab2_1_intefaces_custom/lab2_1_intefaces_custom/srv/detail/add_four_ints__rosidl_typesupport_fastrtps_cpp.hpp
-- Installing: /home/sguajardo/UBB-ROS-2025/lab2_1_intefaces_custom/install/lab2_1_intefaces_custom/include/lab2_1_intefaces_custom/lab2_1_intefaces_custom/srv/detail/dds_fastrtps
-- Up-to-date: /home/sguajardo/UBB-ROS-2025/lab2_1_intefaces_custom/install/lab2_1_intefaces_custom/include/lab2_1_intefaces_custom/lab2_1_intefaces_custom/msg
-- Up-to-date: /home/sguajardo/UBB-ROS-2025/lab2_1_intefaces_custom/install/lab2_1_intefaces_custom/include/lab2_1_intefaces_custom/lab2_1_intefaces_custom/msg/detail
-- Installing: /home/sguajardo/UBB-ROS-2025/lab2_1_intefaces_custom/install/lab2_1_intefaces_custom/include/lab2_1_intefaces_custom/lab2_1_intefaces_custom/msg/detail/dds_fastrtps
-- Installing: /home/sguajardo/UBB-ROS-2025/lab2_1_intefaces_custom/install/lab2_1_intefaces_custom/include/lab2_1_intefaces_custom/lab2_1_intefaces_custom/msg/detail/sphere__rosidl_typesupport_fastrtps_cpp.hpp
-- Installing: /home/sguajardo/UBB-ROS-2025/lab2_1_intefaces_custom/install/lab2_1_intefaces_custom/include/lab2_1_intefaces_custom/lab2_1_intefaces_custom/msg/rosidl_typesupport_fastrtps_cpp__visibility_control.h
-- Installing: /home/sguajardo/UBB-ROS-2025/lab2_1_intefaces_custom/install/lab2_1_intefaces_custom/lib/liblab2_1_intefaces_custom__rosidl_typesupport_fastrtps_cpp.so
-- Set non-toolchain portion of runtime path of "/home/sguajardo/UBB-ROS-2025/lab2_1_intefaces_custom/install/lab2_1_intefaces_custom/lib/liblab2_1_intefaces_custom__rosidl_typesupport_fastrtps_cpp.so" to ""
-- Up-to-date: /home/sguajardo/UBB-ROS-2025/lab2_1_intefaces_custom/install/lab2_1_intefaces_custom/include/lab2_1_intefaces_custom/lab2_1_intefaces_custom
-- Up-to-date: /home/sguajardo/UBB-ROS-2025/lab2_1_intefaces_custom/install/lab2_1_intefaces_custom/include/lab2_1_intefaces_custom/lab2_1_intefaces_custom/srv
-- Up-to-date: /home/sguajardo/UBB-ROS-2025/lab2_1_intefaces_custom/install/lab2_1_intefaces_custom/include/lab2_1_intefaces_custom/lab2_1_intefaces_custom/srv/detail
-- Installing: /home/sguajardo/UBB-ROS-2025/lab2_1_intefaces_custom/install/lab2_1_intefaces_custom/include/lab2_1_intefaces_custom/lab2_1_intefaces_custom/srv/detail/add_four_ints__type_support.c
-- Installing: /home/sguajardo/UBB-ROS-2025/lab2_1_intefaces_custom/install/lab2_1_intefaces_custom/include/lab2_1_intefaces_custom/lab2_1_intefaces_custom/srv/detail/add_four_ints__rosidl_typesupport_introspection_c.h
-- Up-to-date: /home/sguajardo/UBB-ROS-2025/lab2_1_intefaces_custom/install/lab2_1_intefaces_custom/include/lab2_1_intefaces_custom/lab2_1_intefaces_custom/msg
-- Up-to-date: /home/sguajardo/UBB-ROS-2025/lab2_1_intefaces_custom/install/lab2_1_intefaces_custom/include/lab2_1_intefaces_custom/lab2_1_intefaces_custom/msg/detail
-- Installing: /home/sguajardo/UBB-ROS-2025/lab2_1_intefaces_custom/install/lab2_1_intefaces_custom/include/lab2_1_intefaces_custom/lab2_1_intefaces_custom/msg/detail/sphere__type_support.c
-- Installing: /home/sguajardo/UBB-ROS-2025/lab2_1_intefaces_custom/install/lab2_1_intefaces_custom/include/lab2_1_intefaces_custom/lab2_1_intefaces_custom/msg/detail/sphere__rosidl_typesupport_introspection_c.h
-- Installing: /home/sguajardo/UBB-ROS-2025/lab2_1_intefaces_custom/install/lab2_1_intefaces_custom/include/lab2_1_intefaces_custom/lab2_1_intefaces_custom/msg/rosidl_typesupport_introspection_c__visibility_control.h
-- Installing: /home/sguajardo/UBB-ROS-2025/lab2_1_intefaces_custom/install/lab2_1_intefaces_custom/lib/liblab2_1_intefaces_custom__rosidl_typesupport_introspection_c.so
-- Set non-toolchain portion of runtime path of "/home/sguajardo/UBB-ROS-2025/lab2_1_intefaces_custom/install/lab2_1_intefaces_custom/lib/liblab2_1_intefaces_custom__rosidl_typesupport_introspection_c.so" to ""
-- Installing: /home/sguajardo/UBB-ROS-2025/lab2_1_intefaces_custom/install/lab2_1_intefaces_custom/lib/liblab2_1_intefaces_custom__rosidl_typesupport_c.so
-- Set non-toolchain portion of runtime path of "/home/sguajardo/UBB-ROS-2025/lab2_1_intefaces_custom/install/lab2_1_intefaces_custom/lib/liblab2_1_intefaces_custom__rosidl_typesupport_c.so" to ""
-- Up-to-date: /home/sguajardo/UBB-ROS-2025/lab2_1_intefaces_custom/install/lab2_1_intefaces_custom/include/lab2_1_intefaces_custom/lab2_1_intefaces_custom
-- Up-to-date: /home/sguajardo/UBB-ROS-2025/lab2_1_intefaces_custom/install/lab2_1_intefaces_custom/include/lab2_1_intefaces_custom/lab2_1_intefaces_custom/srv
-- Up-to-date: /home/sguajardo/UBB-ROS-2025/lab2_1_intefaces_custom/install/lab2_1_intefaces_custom/include/lab2_1_intefaces_custom/lab2_1_intefaces_custom/srv/detail
-- Installing: /home/sguajardo/UBB-ROS-2025/lab2_1_intefaces_custom/install/lab2_1_intefaces_custom/include/lab2_1_intefaces_custom/lab2_1_intefaces_custom/srv/detail/add_four_ints__rosidl_typesupport_introspection_cpp.hpp
-- Installing: /home/sguajardo/UBB-ROS-2025/lab2_1_intefaces_custom/install/lab2_1_intefaces_custom/include/lab2_1_intefaces_custom/lab2_1_intefaces_custom/srv/detail/add_four_ints__type_support.cpp
-- Up-to-date: /home/sguajardo/UBB-ROS-2025/lab2_1_intefaces_custom/install/lab2_1_intefaces_custom/include/lab2_1_intefaces_custom/lab2_1_intefaces_custom/msg
-- Up-to-date: /home/sguajardo/UBB-ROS-2025/lab2_1_intefaces_custom/install/lab2_1_intefaces_custom/include/lab2_1_intefaces_custom/lab2_1_intefaces_custom/msg/detail
-- Installing: /home/sguajardo/UBB-ROS-2025/lab2_1_intefaces_custom/install/lab2_1_intefaces_custom/include/lab2_1_intefaces_custom/lab2_1_intefaces_custom/msg/detail/sphere__rosidl_typesupport_introspection_cpp.hpp
-- Installing: /home/sguajardo/UBB-ROS-2025/lab2_1_intefaces_custom/install/lab2_1_intefaces_custom/include/lab2_1_intefaces_custom/lab2_1_intefaces_custom/msg/detail/sphere__type_support.cpp
-- Installing: /home/sguajardo/UBB-ROS-2025/lab2_1_intefaces_custom/install/lab2_1_intefaces_custom/lib/liblab2_1_intefaces_custom__rosidl_typesupport_introspection_cpp.so
-- Set non-toolchain portion of runtime path of "/home/sguajardo/UBB-ROS-2025/lab2_1_intefaces_custom/install/lab2_1_intefaces_custom/lib/liblab2_1_intefaces_custom__rosidl_typesupport_introspection_cpp.so" to ""
-- Installing: /home/sguajardo/UBB-ROS-2025/lab2_1_intefaces_custom/install/lab2_1_intefaces_custom/lib/liblab2_1_intefaces_custom__rosidl_typesupport_cpp.so
-- Set non-toolchain portion of runtime path of "/home/sguajardo/UBB-ROS-2025/lab2_1_intefaces_custom/install/lab2_1_intefaces_custom/lib/liblab2_1_intefaces_custom__rosidl_typesupport_cpp.so" to ""
-- Installing: /home/sguajardo/UBB-ROS-2025/lab2_1_intefaces_custom/install/lab2_1_intefaces_custom/share/lab2_1_intefaces_custom/environment/pythonpath.sh
-- Installing: /home/sguajardo/UBB-ROS-2025/lab2_1_intefaces_custom/install/lab2_1_intefaces_custom/share/lab2_1_intefaces_custom/environment/pythonpath.dsv
-- Installing: /home/sguajardo/UBB-ROS-2025/lab2_1_intefaces_custom/install/lab2_1_intefaces_custom/lib/python3.12/site-packages/lab2_1_intefaces_custom-0.0.0-py3.12.egg-info
-- Installing: /home/sguajardo/UBB-ROS-2025/lab2_1_intefaces_custom/install/lab2_1_intefaces_custom/lib/python3.12/site-packages/lab2_1_intefaces_custom-0.0.0-py3.12.egg-info/PKG-INFO
-- Installing: /home/sguajardo/UBB-ROS-2025/lab2_1_intefaces_custom/install/lab2_1_intefaces_custom/lib/python3.12/site-packages/lab2_1_intefaces_custom-0.0.0-py3.12.egg-info/SOURCES.txt
-- Installing: /home/sguajardo/UBB-ROS-2025/lab2_1_intefaces_custom/install/lab2_1_intefaces_custom/lib/python3.12/site-packages/lab2_1_intefaces_custom-0.0.0-py3.12.egg-info/top_level.txt
-- Installing: /home/sguajardo/UBB-ROS-2025/lab2_1_intefaces_custom/install/lab2_1_intefaces_custom/lib/python3.12/site-packages/lab2_1_intefaces_custom-0.0.0-py3.12.egg-info/dependency_links.txt
-- Installing: /home/sguajardo/UBB-ROS-2025/lab2_1_intefaces_custom/install/lab2_1_intefaces_custom/lib/python3.12/site-packages/lab2_1_intefaces_custom
-- Installing: /home/sguajardo/UBB-ROS-2025/lab2_1_intefaces_custom/install/lab2_1_intefaces_custom/lib/python3.12/site-packages/lab2_1_intefaces_custom/_lab2_1_intefaces_custom_s.ep.rosidl_typesupport_c.c
-- Installing: /home/sguajardo/UBB-ROS-2025/lab2_1_intefaces_custom/install/lab2_1_intefaces_custom/lib/python3.12/site-packages/lab2_1_intefaces_custom/srv
-- Installing: /home/sguajardo/UBB-ROS-2025/lab2_1_intefaces_custom/install/lab2_1_intefaces_custom/lib/python3.12/site-packages/lab2_1_intefaces_custom/srv/__init__.py
-- Installing: /home/sguajardo/UBB-ROS-2025/lab2_1_intefaces_custom/install/lab2_1_intefaces_custom/lib/python3.12/site-packages/lab2_1_intefaces_custom/srv/_add_four_ints_s.c
-- Installing: /home/sguajardo/UBB-ROS-2025/lab2_1_intefaces_custom/install/lab2_1_intefaces_custom/lib/python3.12/site-packages/lab2_1_intefaces_custom/srv/_add_four_ints.py
-- Installing: /home/sguajardo/UBB-ROS-2025/lab2_1_intefaces_custom/install/lab2_1_intefaces_custom/lib/python3.12/site-packages/lab2_1_intefaces_custom/__init__.py
-- Installing: /home/sguajardo/UBB-ROS-2025/lab2_1_intefaces_custom/install/lab2_1_intefaces_custom/lib/python3.12/site-packages/lab2_1_intefaces_custom/_lab2_1_intefaces_custom_s.ep.rosidl_typesupport_introspection_c.c
-- Installing: /home/sguajardo/UBB-ROS-2025/lab2_1_intefaces_custom/install/lab2_1_intefaces_custom/lib/python3.12/site-packages/lab2_1_intefaces_custom/_lab2_1_intefaces_custom_s.ep.rosidl_typesupport_fastrtps_c.c
-- Installing: /home/sguajardo/UBB-ROS-2025/lab2_1_intefaces_custom/install/lab2_1_intefaces_custom/lib/python3.12/site-packages/lab2_1_intefaces_custom/lab2_1_intefaces_custom_s__rosidl_typesupport_fastrtps_c.so
-- Installing: /home/sguajardo/UBB-ROS-2025/lab2_1_intefaces_custom/install/lab2_1_intefaces_custom/lib/python3.12/site-packages/lab2_1_intefaces_custom/lab2_1_intefaces_custom_s__rosidl_typesupport_c.so
-- Installing: /home/sguajardo/UBB-ROS-2025/lab2_1_intefaces_custom/install/lab2_1_intefaces_custom/lib/python3.12/site-packages/lab2_1_intefaces_custom/msg
-- Installing: /home/sguajardo/UBB-ROS-2025/lab2_1_intefaces_custom/install/lab2_1_intefaces_custom/lib/python3.12/site-packages/lab2_1_intefaces_custom/msg/__init__.py
-- Installing: /home/sguajardo/UBB-ROS-2025/lab2_1_intefaces_custom/install/lab2_1_intefaces_custom/lib/python3.12/site-packages/lab2_1_intefaces_custom/msg/_sphere.py
-- Installing: /home/sguajardo/UBB-ROS-2025/lab2_1_intefaces_custom/install/lab2_1_intefaces_custom/lib/python3.12/site-packages/lab2_1_intefaces_custom/msg/_sphere_s.c
-- Installing: /home/sguajardo/UBB-ROS-2025/lab2_1_intefaces_custom/install/lab2_1_intefaces_custom/lib/python3.12/site-packages/lab2_1_intefaces_custom/lab2_1_intefaces_custom_s__rosidl_typesupport_introspection_c.so
Listing '/home/sguajardo/UBB-ROS-2025/lab2_1_intefaces_custom/install/lab2_1_intefaces_custom/lib/python3.12/site-packages/lab2_1_intefaces_custom'...
Compiling '/home/sguajardo/UBB-ROS-2025/lab2_1_intefaces_custom/install/lab2_1_intefaces_custom/lib/python3.12/site-packages/lab2_1_intefaces_custom/__init__.py'...
Listing '/home/sguajardo/UBB-ROS-2025/lab2_1_intefaces_custom/install/lab2_1_intefaces_custom/lib/python3.12/site-packages/lab2_1_intefaces_custom/msg'...
Compiling '/home/sguajardo/UBB-ROS-2025/lab2_1_intefaces_custom/install/lab2_1_intefaces_custom/lib/python3.12/site-packages/lab2_1_intefaces_custom/msg/__init__.py'...
Compiling '/home/sguajardo/UBB-ROS-2025/lab2_1_intefaces_custom/install/lab2_1_intefaces_custom/lib/python3.12/site-packages/lab2_1_intefaces_custom/msg/_sphere.py'...
Listing '/home/sguajardo/UBB-ROS-2025/lab2_1_intefaces_custom/install/lab2_1_intefaces_custom/lib/python3.12/site-packages/lab2_1_intefaces_custom/srv'...
Compiling '/home/sguajardo/UBB-ROS-2025/lab2_1_intefaces_custom/install/lab2_1_intefaces_custom/lib/python3.12/site-packages/lab2_1_intefaces_custom/srv/__init__.py'...
Compiling '/home/sguajardo/UBB-ROS-2025/lab2_1_intefaces_custom/install/lab2_1_intefaces_custom/lib/python3.12/site-packages/lab2_1_intefaces_custom/srv/_add_four_ints.py'...
-- Installing: /home/sguajardo/UBB-ROS-2025/lab2_1_intefaces_custom/install/lab2_1_intefaces_custom/lib/python3.12/site-packages/lab2_1_intefaces_custom/lab2_1_intefaces_custom_s__rosidl_typesupport_fastrtps_c.so
-- Set non-toolchain portion of runtime path of "/home/sguajardo/UBB-ROS-2025/lab2_1_intefaces_custom/install/lab2_1_intefaces_custom/lib/python3.12/site-packages/lab2_1_intefaces_custom/lab2_1_intefaces_custom_s__rosidl_typesupport_fastrtps_c.so" to ""
-- Installing: /home/sguajardo/UBB-ROS-2025/lab2_1_intefaces_custom/install/lab2_1_intefaces_custom/lib/python3.12/site-packages/lab2_1_intefaces_custom/lab2_1_intefaces_custom_s__rosidl_typesupport_introspection_c.so
-- Set non-toolchain portion of runtime path of "/home/sguajardo/UBB-ROS-2025/lab2_1_intefaces_custom/install/lab2_1_intefaces_custom/lib/python3.12/site-packages/lab2_1_intefaces_custom/lab2_1_intefaces_custom_s__rosidl_typesupport_introspection_c.so" to ""
-- Installing: /home/sguajardo/UBB-ROS-2025/lab2_1_intefaces_custom/install/lab2_1_intefaces_custom/lib/python3.12/site-packages/lab2_1_intefaces_custom/lab2_1_intefaces_custom_s__rosidl_typesupport_c.so
-- Set non-toolchain portion of runtime path of "/home/sguajardo/UBB-ROS-2025/lab2_1_intefaces_custom/install/lab2_1_intefaces_custom/lib/python3.12/site-packages/lab2_1_intefaces_custom/lab2_1_intefaces_custom_s__rosidl_typesupport_c.so" to ""
-- Installing: /home/sguajardo/UBB-ROS-2025/lab2_1_intefaces_custom/install/lab2_1_intefaces_custom/lib/liblab2_1_intefaces_custom__rosidl_generator_py.so
-- Set non-toolchain portion of runtime path of "/home/sguajardo/UBB-ROS-2025/lab2_1_intefaces_custom/install/lab2_1_intefaces_custom/lib/liblab2_1_intefaces_custom__rosidl_generator_py.so" to ""
-- Installing: /home/sguajardo/UBB-ROS-2025/lab2_1_intefaces_custom/install/lab2_1_intefaces_custom/share/lab2_1_intefaces_custom/msg/Sphere.idl
-- Installing: /home/sguajardo/UBB-ROS-2025/lab2_1_intefaces_custom/install/lab2_1_intefaces_custom/share/lab2_1_intefaces_custom/srv/AddFourInts.idl
-- Installing: /home/sguajardo/UBB-ROS-2025/lab2_1_intefaces_custom/install/lab2_1_intefaces_custom/share/lab2_1_intefaces_custom/msg/Sphere.msg
-- Installing: /home/sguajardo/UBB-ROS-2025/lab2_1_intefaces_custom/install/lab2_1_intefaces_custom/share/lab2_1_intefaces_custom/srv/AddFourInts.srv
-- Installing: /home/sguajardo/UBB-ROS-2025/lab2_1_intefaces_custom/install/lab2_1_intefaces_custom/share/ament_index/resource_index/package_run_dependencies/lab2_1_intefaces_custom
-- Installing: /home/sguajardo/UBB-ROS-2025/lab2_1_intefaces_custom/install/lab2_1_intefaces_custom/share/ament_index/resource_index/parent_prefix_path/lab2_1_intefaces_custom
-- Installing: /home/sguajardo/UBB-ROS-2025/lab2_1_intefaces_custom/install/lab2_1_intefaces_custom/share/lab2_1_intefaces_custom/environment/ament_prefix_path.sh
-- Installing: /home/sguajardo/UBB-ROS-2025/lab2_1_intefaces_custom/install/lab2_1_intefaces_custom/share/lab2_1_intefaces_custom/environment/ament_prefix_path.dsv
-- Installing: /home/sguajardo/UBB-ROS-2025/lab2_1_intefaces_custom/install/lab2_1_intefaces_custom/share/lab2_1_intefaces_custom/environment/path.sh
-- Installing: /home/sguajardo/UBB-ROS-2025/lab2_1_intefaces_custom/install/lab2_1_intefaces_custom/share/lab2_1_intefaces_custom/environment/path.dsv
-- Installing: /home/sguajardo/UBB-ROS-2025/lab2_1_intefaces_custom/install/lab2_1_intefaces_custom/share/lab2_1_intefaces_custom/local_setup.bash
-- Installing: /home/sguajardo/UBB-ROS-2025/lab2_1_intefaces_custom/install/lab2_1_intefaces_custom/share/lab2_1_intefaces_custom/local_setup.sh
-- Installing: /home/sguajardo/UBB-ROS-2025/lab2_1_intefaces_custom/install/lab2_1_intefaces_custom/share/lab2_1_intefaces_custom/local_setup.zsh
-- Installing: /home/sguajardo/UBB-ROS-2025/lab2_1_intefaces_custom/install/lab2_1_intefaces_custom/share/lab2_1_intefaces_custom/local_setup.dsv
-- Installing: /home/sguajardo/UBB-ROS-2025/lab2_1_intefaces_custom/install/lab2_1_intefaces_custom/share/lab2_1_intefaces_custom/package.dsv
-- Installing: /home/sguajardo/UBB-ROS-2025/lab2_1_intefaces_custom/install/lab2_1_intefaces_custom/share/ament_index/resource_index/packages/lab2_1_intefaces_custom
-- Installing: /home/sguajardo/UBB-ROS-2025/lab2_1_intefaces_custom/install/lab2_1_intefaces_custom/share/lab2_1_intefaces_custom/cmake/export_lab2_1_intefaces_custom__rosidl_generator_cExport.cmake
-- Installing: /home/sguajardo/UBB-ROS-2025/lab2_1_intefaces_custom/install/lab2_1_intefaces_custom/share/lab2_1_intefaces_custom/cmake/export_lab2_1_intefaces_custom__rosidl_generator_cExport-noconfig.cmake
-- Installing: /home/sguajardo/UBB-ROS-2025/lab2_1_intefaces_custom/install/lab2_1_intefaces_custom/share/lab2_1_intefaces_custom/cmake/export_lab2_1_intefaces_custom__rosidl_typesupport_fastrtps_cExport.cmake
-- Installing: /home/sguajardo/UBB-ROS-2025/lab2_1_intefaces_custom/install/lab2_1_intefaces_custom/share/lab2_1_intefaces_custom/cmake/export_lab2_1_intefaces_custom__rosidl_typesupport_fastrtps_cExport-noconfig.cmake
-- Installing: /home/sguajardo/UBB-ROS-2025/lab2_1_intefaces_custom/install/lab2_1_intefaces_custom/share/lab2_1_intefaces_custom/cmake/export_lab2_1_intefaces_custom__rosidl_generator_cppExport.cmake
-- Installing: /home/sguajardo/UBB-ROS-2025/lab2_1_intefaces_custom/install/lab2_1_intefaces_custom/share/lab2_1_intefaces_custom/cmake/export_lab2_1_intefaces_custom__rosidl_typesupport_fastrtps_cppExport.cmake
-- Installing: /home/sguajardo/UBB-ROS-2025/lab2_1_intefaces_custom/install/lab2_1_intefaces_custom/share/lab2_1_intefaces_custom/cmake/export_lab2_1_intefaces_custom__rosidl_typesupport_fastrtps_cppExport-noconfig.cmake
-- Installing: /home/sguajardo/UBB-ROS-2025/lab2_1_intefaces_custom/install/lab2_1_intefaces_custom/share/lab2_1_intefaces_custom/cmake/lab2_1_intefaces_custom__rosidl_typesupport_introspection_cExport.cmake
-- Installing: /home/sguajardo/UBB-ROS-2025/lab2_1_intefaces_custom/install/lab2_1_intefaces_custom/share/lab2_1_intefaces_custom/cmake/lab2_1_intefaces_custom__rosidl_typesupport_introspection_cExport-noconfig.cmake
-- Installing: /home/sguajardo/UBB-ROS-2025/lab2_1_intefaces_custom/install/lab2_1_intefaces_custom/share/lab2_1_intefaces_custom/cmake/lab2_1_intefaces_custom__rosidl_typesupport_cExport.cmake
-- Installing: /home/sguajardo/UBB-ROS-2025/lab2_1_intefaces_custom/install/lab2_1_intefaces_custom/share/lab2_1_intefaces_custom/cmake/lab2_1_intefaces_custom__rosidl_typesupport_cExport-noconfig.cmake
-- Installing: /home/sguajardo/UBB-ROS-2025/lab2_1_intefaces_custom/install/lab2_1_intefaces_custom/share/lab2_1_intefaces_custom/cmake/lab2_1_intefaces_custom__rosidl_typesupport_introspection_cppExport.cmake
-- Installing: /home/sguajardo/UBB-ROS-2025/lab2_1_intefaces_custom/install/lab2_1_intefaces_custom/share/lab2_1_intefaces_custom/cmake/lab2_1_intefaces_custom__rosidl_typesupport_introspection_cppExport-noconfig.cmake
-- Installing: /home/sguajardo/UBB-ROS-2025/lab2_1_intefaces_custom/install/lab2_1_intefaces_custom/share/lab2_1_intefaces_custom/cmake/lab2_1_intefaces_custom__rosidl_typesupport_cppExport.cmake
-- Installing: /home/sguajardo/UBB-ROS-2025/lab2_1_intefaces_custom/install/lab2_1_intefaces_custom/share/lab2_1_intefaces_custom/cmake/lab2_1_intefaces_custom__rosidl_typesupport_cppExport-noconfig.cmake
-- Installing: /home/sguajardo/UBB-ROS-2025/lab2_1_intefaces_custom/install/lab2_1_intefaces_custom/share/lab2_1_intefaces_custom/cmake/export_lab2_1_intefaces_custom__rosidl_generator_pyExport.cmake
-- Installing: /home/sguajardo/UBB-ROS-2025/lab2_1_intefaces_custom/install/lab2_1_intefaces_custom/share/lab2_1_intefaces_custom/cmake/export_lab2_1_intefaces_custom__rosidl_generator_pyExport-noconfig.cmake
-- Installing: /home/sguajardo/UBB-ROS-2025/lab2_1_intefaces_custom/install/lab2_1_intefaces_custom/share/lab2_1_intefaces_custom/cmake/rosidl_cmake-extras.cmake
-- Installing: /home/sguajardo/UBB-ROS-2025/lab2_1_intefaces_custom/install/lab2_1_intefaces_custom/share/lab2_1_intefaces_custom/cmake/ament_cmake_export_dependencies-extras.cmake
-- Installing: /home/sguajardo/UBB-ROS-2025/lab2_1_intefaces_custom/install/lab2_1_intefaces_custom/share/lab2_1_intefaces_custom/cmake/ament_cmake_export_include_directories-extras.cmake
-- Installing: /home/sguajardo/UBB-ROS-2025/lab2_1_intefaces_custom/install/lab2_1_intefaces_custom/share/lab2_1_intefaces_custom/cmake/ament_cmake_export_libraries-extras.cmake
-- Installing: /home/sguajardo/UBB-ROS-2025/lab2_1_intefaces_custom/install/lab2_1_intefaces_custom/share/lab2_1_intefaces_custom/cmake/ament_cmake_export_targets-extras.cmake
-- Installing: /home/sguajardo/UBB-ROS-2025/lab2_1_intefaces_custom/install/lab2_1_intefaces_custom/share/lab2_1_intefaces_custom/cmake/rosidl_cmake_export_typesupport_targets-extras.cmake
-- Installing: /home/sguajardo/UBB-ROS-2025/lab2_1_intefaces_custom/install/lab2_1_intefaces_custom/share/lab2_1_intefaces_custom/cmake/rosidl_cmake_export_typesupport_libraries-extras.cmake
-- Installing: /home/sguajardo/UBB-ROS-2025/lab2_1_intefaces_custom/install/lab2_1_intefaces_custom/share/lab2_1_intefaces_custom/cmake/lab2_1_intefaces_customConfig.cmake
-- Installing: /home/sguajardo/UBB-ROS-2025/lab2_1_intefaces_custom/install/lab2_1_intefaces_custom/share/lab2_1_intefaces_custom/cmake/lab2_1_intefaces_customConfig-version.cmake
-- Installing: /home/sguajardo/UBB-ROS-2025/lab2_1_intefaces_custom/install/lab2_1_intefaces_custom/share/lab2_1_intefaces_custom/package.xml
