[0.018s] Invoking command in '/home/sguajardo/UBB-ROS-2025/lab2_1_intefaces_custom/build/lab2_1_intefaces_custom': CMAKE_PREFIX_PATH=${CMAKE_PREFIX_PATH}:/home/sguajardo/UBB-ROS-2025/lab2_servicios/install/lab2_servicios:/home/sguajardo/ws_moveit/install/moveit_configs_utils:/opt/ros/rolling DEBUGINFOD_URLS=https://debuginfod.ubuntu.com /usr/bin/cmake /home/sguajardo/UBB-ROS-2025/lab2_1_intefaces_custom -DCMAKE_INSTALL_PREFIX=/home/sguajardo/UBB-ROS-2025/lab2_1_intefaces_custom/install/lab2_1_intefaces_custom
[0.036s] -- Found ament_cmake: 2.7.2 (/opt/ros/rolling/share/ament_cmake/cmake)
[0.272s] -- Found ament_lint_auto: 0.19.1 (/opt/ros/rolling/share/ament_lint_auto/cmake)
[0.369s] -- Found geometry_msgs: 5.5.0 (/opt/ros/rolling/share/geometry_msgs/cmake)
[0.574s] -- Found rosidl_generator_c: 4.9.3 (/opt/ros/rolling/share/rosidl_generator_c/cmake)
[0.585s] -- Found rosidl_generator_cpp: 4.9.3 (/opt/ros/rolling/share/rosidl_generator_cpp/cmake)
[0.600s] -- Using all available rosidl_typesupport_c: rosidl_typesupport_fastrtps_c;rosidl_typesupport_introspection_c
[0.612s] -- Using all available rosidl_typesupport_cpp: rosidl_typesupport_fastrtps_cpp;rosidl_typesupport_introspection_cpp
[0.649s] -- Found rosidl_default_generators: 1.7.1 (/opt/ros/rolling/share/rosidl_default_generators/cmake)
[0.663s] -- Found rosidl_adapter: 4.9.3 (/opt/ros/rolling/share/rosidl_adapter/cmake)
[1.452s] -- Found ament_cmake_ros_core: 0.14.1 (/opt/ros/rolling/share/ament_cmake_ros_core/cmake)
[2.694s] -- Using all available rosidl_typesupport_c: rosidl_typesupport_fastrtps_c;rosidl_typesupport_introspection_c
[2.979s] -- Using all available rosidl_typesupport_cpp: rosidl_typesupport_fastrtps_cpp;rosidl_typesupport_introspection_cpp
[3.675s] -- Found Python3: /usr/bin/python3 (found version "3.12.3") found components: Interpreter Development NumPy Development.Module Development.Embed 
[3.791s] -- Added test 'cppcheck' to perform static code analysis on C / C++ code
[3.792s] -- Configured cppcheck include dirs: $<BUILD_INTERFACE:/home/sguajardo/UBB-ROS-2025/lab2_1_intefaces_custom/build/lab2_1_intefaces_custom/rosidl_generator_c>;$<BUILD_INTERFACE:/home/sguajardo/UBB-ROS-2025/lab2_1_intefaces_custom/build/lab2_1_intefaces_custom/rosidl_typesupport_fastrtps_c>;$<BUILD_INTERFACE:/home/sguajardo/UBB-ROS-2025/lab2_1_intefaces_custom/build/lab2_1_intefaces_custom/rosidl_generator_cpp>;$<BUILD_INTERFACE:/home/sguajardo/UBB-ROS-2025/lab2_1_intefaces_custom/build/lab2_1_intefaces_custom/rosidl_typesupport_fastrtps_cpp>;$<BUILD_INTERFACE:/home/sguajardo/UBB-ROS-2025/lab2_1_intefaces_custom/build/lab2_1_intefaces_custom/rosidl_typesupport_introspection_c>;$<BUILD_INTERFACE:/home/sguajardo/UBB-ROS-2025/lab2_1_intefaces_custom/build/lab2_1_intefaces_custom/rosidl_typesupport_introspection_cpp>;/home/sguajardo/UBB-ROS-2025/lab2_1_intefaces_custom/build/lab2_1_intefaces_custom/rosidl_generator_c;/home/sguajardo/UBB-ROS-2025/lab2_1_intefaces_custom/build/lab2_1_intefaces_custom/rosidl_generator_py
[3.793s] -- Configured cppcheck exclude dirs and/or files: 
[3.794s] -- Added test 'flake8' to check Python code syntax and style conventions
[3.794s] -- Configured 'flake8' exclude dirs and/or files: 
[3.799s] -- Added test 'lint_cmake' to check CMake code style
[3.800s] -- Added test 'pep257' to check Python code against some of the docstring style conventions in PEP 257
[3.810s] -- Added test 'uncrustify' to check C / C++ code style
[3.811s] -- Configured uncrustify additional arguments: 
[3.813s] -- Added test 'xmllint' to check XML markup files
[3.834s] -- Configuring done (3.8s)
[3.924s] -- Generating done (0.1s)
[3.940s] -- Build files have been written to: /home/sguajardo/UBB-ROS-2025/lab2_1_intefaces_custom/build/lab2_1_intefaces_custom
[3.949s] Invoked command in '/home/sguajardo/UBB-ROS-2025/lab2_1_intefaces_custom/build/lab2_1_intefaces_custom' returned '0': CMAKE_PREFIX_PATH=${CMAKE_PREFIX_PATH}:/home/sguajardo/UBB-ROS-2025/lab2_servicios/install/lab2_servicios:/home/sguajardo/ws_moveit/install/moveit_configs_utils:/opt/ros/rolling DEBUGINFOD_URLS=https://debuginfod.ubuntu.com /usr/bin/cmake /home/sguajardo/UBB-ROS-2025/lab2_1_intefaces_custom -DCMAKE_INSTALL_PREFIX=/home/sguajardo/UBB-ROS-2025/lab2_1_intefaces_custom/install/lab2_1_intefaces_custom
[3.950s] Invoking command in '/home/sguajardo/UBB-ROS-2025/lab2_1_intefaces_custom/build/lab2_1_intefaces_custom': CMAKE_PREFIX_PATH=${CMAKE_PREFIX_PATH}:/home/sguajardo/UBB-ROS-2025/lab2_servicios/install/lab2_servicios:/home/sguajardo/ws_moveit/install/moveit_configs_utils:/opt/ros/rolling DEBUGINFOD_URLS=https://debuginfod.ubuntu.com /usr/bin/cmake --build /home/sguajardo/UBB-ROS-2025/lab2_1_intefaces_custom/build/lab2_1_intefaces_custom -- -j4 -l4
[3.992s] [  2%] [34m[1mGenerating type hashes for ROS interfaces[0m
[3.999s] [  2%] Built target ament_cmake_python_copy_lab2_1_intefaces_custom
[4.172s] [  2%] Built target lab2_1_intefaces_custom__rosidl_generator_type_description
[4.180s] [  4%] [34m[1mGenerating C code for ROS interfaces[0m
[4.190s] running egg_info
[4.190s] creating lab2_1_intefaces_custom.egg-info
[4.190s] [  6%] [34m[1mGenerating C++ code for ROS interfaces[0m
[4.209s] writing lab2_1_intefaces_custom.egg-info/PKG-INFO
[4.209s] writing dependency_links to lab2_1_intefaces_custom.egg-info/dependency_links.txt
[4.209s] writing top-level names to lab2_1_intefaces_custom.egg-info/top_level.txt
[4.209s] writing manifest file 'lab2_1_intefaces_custom.egg-info/SOURCES.txt'
[4.263s] reading manifest file 'lab2_1_intefaces_custom.egg-info/SOURCES.txt'
[4.263s] writing manifest file 'lab2_1_intefaces_custom.egg-info/SOURCES.txt'
[4.286s] [  6%] Built target ament_cmake_python_build_lab2_1_intefaces_custom_egg
[4.448s] [  6%] Built target lab2_1_intefaces_custom__cpp
[4.492s] [  9%] [32mBuilding C object CMakeFiles/lab2_1_intefaces_custom__rosidl_generator_c.dir/rosidl_generator_c/lab2_1_intefaces_custom/srv/detail/add_four_ints__description.c.o[0m
[4.494s] [ 11%] [32mBuilding C object CMakeFiles/lab2_1_intefaces_custom__rosidl_generator_c.dir/rosidl_generator_c/lab2_1_intefaces_custom/msg/detail/sphere__type_support.c.o[0m
[4.494s] [ 13%] [32mBuilding C object CMakeFiles/lab2_1_intefaces_custom__rosidl_generator_c.dir/rosidl_generator_c/lab2_1_intefaces_custom/msg/detail/sphere__description.c.o[0m
[4.496s] [ 15%] [32mBuilding C object CMakeFiles/lab2_1_intefaces_custom__rosidl_generator_c.dir/rosidl_generator_c/lab2_1_intefaces_custom/msg/detail/sphere__functions.c.o[0m
[4.551s] [ 18%] [32mBuilding C object CMakeFiles/lab2_1_intefaces_custom__rosidl_generator_c.dir/rosidl_generator_c/lab2_1_intefaces_custom/srv/detail/add_four_ints__functions.c.o[0m
[4.554s] [ 20%] [32mBuilding C object CMakeFiles/lab2_1_intefaces_custom__rosidl_generator_c.dir/rosidl_generator_c/lab2_1_intefaces_custom/srv/detail/add_four_ints__type_support.c.o[0m
[4.610s] [ 22%] [32m[1mLinking C shared library liblab2_1_intefaces_custom__rosidl_generator_c.so[0m
[4.957s] [ 22%] Built target lab2_1_intefaces_custom__rosidl_generator_c
[4.968s] [ 25%] [34m[1mGenerating C++ type support for eProsima Fast-RTPS[0m
[4.973s] [ 27%] [34m[1mGenerating C introspection for ROS interfaces[0m
[4.973s] [ 29%] [34m[1mGenerating C type support dispatch for ROS interfaces[0m
[4.982s] [ 31%] [34m[1mGenerating C type support for eProsima Fast-RTPS[0m
[5.559s] [ 34%] [32mBuilding CXX object CMakeFiles/lab2_1_intefaces_custom__rosidl_typesupport_c.dir/rosidl_typesupport_c/lab2_1_intefaces_custom/msg/sphere__type_support.cpp.o[0m
[5.613s] [ 36%] [32mBuilding CXX object CMakeFiles/lab2_1_intefaces_custom__rosidl_typesupport_c.dir/rosidl_typesupport_c/lab2_1_intefaces_custom/srv/add_four_ints__type_support.cpp.o[0m
[5.622s] [ 38%] [32mBuilding C object CMakeFiles/lab2_1_intefaces_custom__rosidl_typesupport_introspection_c.dir/rosidl_typesupport_introspection_c/lab2_1_intefaces_custom/msg/detail/sphere__type_support.c.o[0m
[5.635s] [ 40%] [32mBuilding CXX object CMakeFiles/lab2_1_intefaces_custom__rosidl_typesupport_fastrtps_cpp.dir/rosidl_typesupport_fastrtps_cpp/lab2_1_intefaces_custom/msg/detail/dds_fastrtps/sphere__type_support.cpp.o[0m
[5.655s] [ 45%] [32mBuilding C object CMakeFiles/lab2_1_intefaces_custom__rosidl_typesupport_introspection_c.dir/rosidl_typesupport_introspection_c/lab2_1_intefaces_custom/srv/detail/add_four_ints__type_support.c.o[0m
[5.655s] [ 45%] [32m[1mLinking CXX shared library liblab2_1_intefaces_custom__rosidl_typesupport_c.so[0m
[5.690s] [ 47%] [32mBuilding CXX object CMakeFiles/lab2_1_intefaces_custom__rosidl_typesupport_fastrtps_c.dir/rosidl_typesupport_fastrtps_c/lab2_1_intefaces_custom/msg/detail/sphere__type_support_c.cpp.o[0m
[5.717s] [ 50%] [32m[1mLinking C shared library liblab2_1_intefaces_custom__rosidl_typesupport_introspection_c.so[0m
[5.800s] [ 50%] Built target lab2_1_intefaces_custom__rosidl_typesupport_c
[5.818s] [ 52%] [32mBuilding CXX object CMakeFiles/lab2_1_intefaces_custom__rosidl_typesupport_fastrtps_c.dir/rosidl_typesupport_fastrtps_c/lab2_1_intefaces_custom/srv/detail/add_four_ints__type_support_c.cpp.o[0m
[5.918s] [ 52%] Built target lab2_1_intefaces_custom__rosidl_typesupport_introspection_c
[5.943s] [ 54%] [34m[1mGenerating C++ introspection for ROS interfaces[0m
[6.328s] [ 56%] [32mBuilding CXX object CMakeFiles/lab2_1_intefaces_custom__rosidl_typesupport_introspection_cpp.dir/rosidl_typesupport_introspection_cpp/lab2_1_intefaces_custom/msg/detail/sphere__type_support.cpp.o[0m
[6.393s] [ 59%] [32mBuilding CXX object CMakeFiles/lab2_1_intefaces_custom__rosidl_typesupport_fastrtps_cpp.dir/rosidl_typesupport_fastrtps_cpp/lab2_1_intefaces_custom/srv/detail/dds_fastrtps/add_four_ints__type_support.cpp.o[0m
[6.416s] [ 61%] [32mBuilding CXX object CMakeFiles/lab2_1_intefaces_custom__rosidl_typesupport_introspection_cpp.dir/rosidl_typesupport_introspection_cpp/lab2_1_intefaces_custom/srv/detail/add_four_ints__type_support.cpp.o[0m
[6.663s] [ 63%] [32m[1mLinking CXX shared library liblab2_1_intefaces_custom__rosidl_typesupport_fastrtps_c.so[0m
[6.824s] [ 65%] [34m[1mGenerating C++ type support dispatch for ROS interfaces[0m
[6.850s] [ 65%] Built target lab2_1_intefaces_custom__rosidl_typesupport_fastrtps_c
[6.929s] [ 68%] [32m[1mLinking CXX shared library liblab2_1_intefaces_custom__rosidl_typesupport_introspection_cpp.so[0m
[7.031s] [ 72%] [32mBuilding CXX object CMakeFiles/lab2_1_intefaces_custom__rosidl_typesupport_cpp.dir/rosidl_typesupport_cpp/lab2_1_intefaces_custom/msg/sphere__type_support.cpp.o[0m
[7.031s] [ 72%] [32mBuilding CXX object CMakeFiles/lab2_1_intefaces_custom__rosidl_typesupport_cpp.dir/rosidl_typesupport_cpp/lab2_1_intefaces_custom/srv/add_four_ints__type_support.cpp.o[0m
[7.062s] [ 75%] [32m[1mLinking CXX shared library liblab2_1_intefaces_custom__rosidl_typesupport_fastrtps_cpp.so[0m
[7.303s] [ 75%] Built target lab2_1_intefaces_custom__rosidl_typesupport_introspection_cpp
[7.354s] [ 77%] [32m[1mLinking CXX shared library liblab2_1_intefaces_custom__rosidl_typesupport_cpp.so[0m
[7.456s] [ 77%] Built target lab2_1_intefaces_custom__rosidl_typesupport_fastrtps_cpp
[7.756s] [ 77%] Built target lab2_1_intefaces_custom__rosidl_typesupport_cpp
[7.775s] [ 77%] Built target lab2_1_intefaces_custom
[7.794s] [ 79%] [34m[1mGenerating Python code for ROS interfaces[0m
[8.110s] [ 79%] Built target lab2_1_intefaces_custom__py
[8.129s] [ 84%] [32mBuilding C object CMakeFiles/lab2_1_intefaces_custom__rosidl_generator_py.dir/rosidl_generator_py/lab2_1_intefaces_custom/srv/_add_four_ints_s.c.o[0m
[8.129s] [ 84%] [32mBuilding C object CMakeFiles/lab2_1_intefaces_custom__rosidl_generator_py.dir/rosidl_generator_py/lab2_1_intefaces_custom/msg/_sphere_s.c.o[0m
[8.265s] [ 86%] [32m[1mLinking C shared library liblab2_1_intefaces_custom__rosidl_generator_py.so[0m
[8.446s] [ 86%] Built target lab2_1_intefaces_custom__rosidl_generator_py
[8.471s] [ 90%] [32mBuilding C object CMakeFiles/lab2_1_intefaces_custom_s__rosidl_typesupport_fastrtps_c.dir/rosidl_generator_py/lab2_1_intefaces_custom/_lab2_1_intefaces_custom_s.ep.rosidl_typesupport_fastrtps_c.c.o[0m
[8.471s] [ 90%] [32mBuilding C object CMakeFiles/lab2_1_intefaces_custom_s__rosidl_typesupport_c.dir/rosidl_generator_py/lab2_1_intefaces_custom/_lab2_1_intefaces_custom_s.ep.rosidl_typesupport_c.c.o[0m
[8.474s] [ 93%] [32mBuilding C object CMakeFiles/lab2_1_intefaces_custom_s__rosidl_typesupport_introspection_c.dir/rosidl_generator_py/lab2_1_intefaces_custom/_lab2_1_intefaces_custom_s.ep.rosidl_typesupport_introspection_c.c.o[0m
[8.546s] [ 95%] [32m[1mLinking C shared module rosidl_generator_py/lab2_1_intefaces_custom/lab2_1_intefaces_custom_s__rosidl_typesupport_c.so[0m
[8.548s] [ 97%] [32m[1mLinking C shared module rosidl_generator_py/lab2_1_intefaces_custom/lab2_1_intefaces_custom_s__rosidl_typesupport_fastrtps_c.so[0m
[8.553s] [100%] [32m[1mLinking C shared module rosidl_generator_py/lab2_1_intefaces_custom/lab2_1_intefaces_custom_s__rosidl_typesupport_introspection_c.so[0m
[8.625s] [100%] Built target lab2_1_intefaces_custom_s__rosidl_typesupport_c
[8.626s] [100%] Built target lab2_1_intefaces_custom_s__rosidl_typesupport_fastrtps_c
[8.675s] [100%] Built target lab2_1_intefaces_custom_s__rosidl_typesupport_introspection_c
[8.690s] Invoked command in '/home/sguajardo/UBB-ROS-2025/lab2_1_intefaces_custom/build/lab2_1_intefaces_custom' returned '0': CMAKE_PREFIX_PATH=${CMAKE_PREFIX_PATH}:/home/sguajardo/UBB-ROS-2025/lab2_servicios/install/lab2_servicios:/home/sguajardo/ws_moveit/install/moveit_configs_utils:/opt/ros/rolling DEBUGINFOD_URLS=https://debuginfod.ubuntu.com /usr/bin/cmake --build /home/sguajardo/UBB-ROS-2025/lab2_1_intefaces_custom/build/lab2_1_intefaces_custom -- -j4 -l4
[8.706s] Invoking command in '/home/sguajardo/UBB-ROS-2025/lab2_1_intefaces_custom/build/lab2_1_intefaces_custom': CMAKE_PREFIX_PATH=${CMAKE_PREFIX_PATH}:/home/sguajardo/UBB-ROS-2025/lab2_servicios/install/lab2_servicios:/home/sguajardo/ws_moveit/install/moveit_configs_utils:/opt/ros/rolling DEBUGINFOD_URLS=https://debuginfod.ubuntu.com /usr/bin/cmake --install /home/sguajardo/UBB-ROS-2025/lab2_1_intefaces_custom/build/lab2_1_intefaces_custom
[8.723s] -- Install configuration: ""
[8.724s] -- Installing: /home/sguajardo/UBB-ROS-2025/lab2_1_intefaces_custom/install/lab2_1_intefaces_custom/share/ament_index/resource_index/rosidl_interfaces/lab2_1_intefaces_custom
[8.724s] -- Installing: /home/sguajardo/UBB-ROS-2025/lab2_1_intefaces_custom/install/lab2_1_intefaces_custom/share/lab2_1_intefaces_custom/msg/Sphere.json
[8.724s] -- Installing: /home/sguajardo/UBB-ROS-2025/lab2_1_intefaces_custom/install/lab2_1_intefaces_custom/share/lab2_1_intefaces_custom/srv/AddFourInts.json
[8.725s] -- Installing: /home/sguajardo/UBB-ROS-2025/lab2_1_intefaces_custom/install/lab2_1_intefaces_custom/include/lab2_1_intefaces_custom/lab2_1_intefaces_custom
[8.725s] -- Installing: /home/sguajardo/UBB-ROS-2025/lab2_1_intefaces_custom/install/lab2_1_intefaces_custom/include/lab2_1_intefaces_custom/lab2_1_intefaces_custom/srv
[8.725s] -- Installing: /home/sguajardo/UBB-ROS-2025/lab2_1_intefaces_custom/install/lab2_1_intefaces_custom/include/lab2_1_intefaces_custom/lab2_1_intefaces_custom/srv/detail
[8.726s] -- Installing: /home/sguajardo/UBB-ROS-2025/lab2_1_intefaces_custom/install/lab2_1_intefaces_custom/include/lab2_1_intefaces_custom/lab2_1_intefaces_custom/srv/detail/add_four_ints__struct.h
[8.726s] -- Installing: /home/sguajardo/UBB-ROS-2025/lab2_1_intefaces_custom/install/lab2_1_intefaces_custom/include/lab2_1_intefaces_custom/lab2_1_intefaces_custom/srv/detail/add_four_ints__description.c
[8.726s] -- Installing: /home/sguajardo/UBB-ROS-2025/lab2_1_intefaces_custom/install/lab2_1_intefaces_custom/include/lab2_1_intefaces_custom/lab2_1_intefaces_custom/srv/detail/add_four_ints__type_support.c
[8.726s] -- Installing: /home/sguajardo/UBB-ROS-2025/lab2_1_intefaces_custom/install/lab2_1_intefaces_custom/include/lab2_1_intefaces_custom/lab2_1_intefaces_custom/srv/detail/add_four_ints__functions.h
[8.727s] -- Installing: /home/sguajardo/UBB-ROS-2025/lab2_1_intefaces_custom/install/lab2_1_intefaces_custom/include/lab2_1_intefaces_custom/lab2_1_intefaces_custom/srv/detail/add_four_ints__type_support.h
[8.727s] -- Installing: /home/sguajardo/UBB-ROS-2025/lab2_1_intefaces_custom/install/lab2_1_intefaces_custom/include/lab2_1_intefaces_custom/lab2_1_intefaces_custom/srv/detail/add_four_ints__functions.c
[8.727s] -- Installing: /home/sguajardo/UBB-ROS-2025/lab2_1_intefaces_custom/install/lab2_1_intefaces_custom/include/lab2_1_intefaces_custom/lab2_1_intefaces_custom/srv/add_four_ints.h
[8.727s] -- Installing: /home/sguajardo/UBB-ROS-2025/lab2_1_intefaces_custom/install/lab2_1_intefaces_custom/include/lab2_1_intefaces_custom/lab2_1_intefaces_custom/msg
[8.728s] -- Installing: /home/sguajardo/UBB-ROS-2025/lab2_1_intefaces_custom/install/lab2_1_intefaces_custom/include/lab2_1_intefaces_custom/lab2_1_intefaces_custom/msg/detail
[8.728s] -- Installing: /home/sguajardo/UBB-ROS-2025/lab2_1_intefaces_custom/install/lab2_1_intefaces_custom/include/lab2_1_intefaces_custom/lab2_1_intefaces_custom/msg/detail/sphere__type_support.h
[8.728s] -- Installing: /home/sguajardo/UBB-ROS-2025/lab2_1_intefaces_custom/install/lab2_1_intefaces_custom/include/lab2_1_intefaces_custom/lab2_1_intefaces_custom/msg/detail/sphere__functions.c
[8.728s] -- Installing: /home/sguajardo/UBB-ROS-2025/lab2_1_intefaces_custom/install/lab2_1_intefaces_custom/include/lab2_1_intefaces_custom/lab2_1_intefaces_custom/msg/detail/sphere__type_support.c
[8.729s] -- Installing: /home/sguajardo/UBB-ROS-2025/lab2_1_intefaces_custom/install/lab2_1_intefaces_custom/include/lab2_1_intefaces_custom/lab2_1_intefaces_custom/msg/detail/sphere__struct.h
[8.729s] -- Installing: /home/sguajardo/UBB-ROS-2025/lab2_1_intefaces_custom/install/lab2_1_intefaces_custom/include/lab2_1_intefaces_custom/lab2_1_intefaces_custom/msg/detail/sphere__functions.h
[8.729s] -- Installing: /home/sguajardo/UBB-ROS-2025/lab2_1_intefaces_custom/install/lab2_1_intefaces_custom/include/lab2_1_intefaces_custom/lab2_1_intefaces_custom/msg/detail/sphere__description.c
[8.729s] -- Installing: /home/sguajardo/UBB-ROS-2025/lab2_1_intefaces_custom/install/lab2_1_intefaces_custom/include/lab2_1_intefaces_custom/lab2_1_intefaces_custom/msg/sphere.h
[8.729s] -- Installing: /home/sguajardo/UBB-ROS-2025/lab2_1_intefaces_custom/install/lab2_1_intefaces_custom/include/lab2_1_intefaces_custom/lab2_1_intefaces_custom/msg/rosidl_generator_c__visibility_control.h
[8.729s] -- Installing: /home/sguajardo/UBB-ROS-2025/lab2_1_intefaces_custom/install/lab2_1_intefaces_custom/share/lab2_1_intefaces_custom/environment/library_path.sh
[8.729s] -- Installing: /home/sguajardo/UBB-ROS-2025/lab2_1_intefaces_custom/install/lab2_1_intefaces_custom/share/lab2_1_intefaces_custom/environment/library_path.dsv
[8.729s] -- Installing: /home/sguajardo/UBB-ROS-2025/lab2_1_intefaces_custom/install/lab2_1_intefaces_custom/lib/liblab2_1_intefaces_custom__rosidl_generator_c.so
[8.730s] -- Set non-toolchain portion of runtime path of "/home/sguajardo/UBB-ROS-2025/lab2_1_intefaces_custom/install/lab2_1_intefaces_custom/lib/liblab2_1_intefaces_custom__rosidl_generator_c.so" to ""
[8.730s] -- Up-to-date: /home/sguajardo/UBB-ROS-2025/lab2_1_intefaces_custom/install/lab2_1_intefaces_custom/include/lab2_1_intefaces_custom/lab2_1_intefaces_custom
[8.730s] -- Up-to-date: /home/sguajardo/UBB-ROS-2025/lab2_1_intefaces_custom/install/lab2_1_intefaces_custom/include/lab2_1_intefaces_custom/lab2_1_intefaces_custom/srv
[8.730s] -- Up-to-date: /home/sguajardo/UBB-ROS-2025/lab2_1_intefaces_custom/install/lab2_1_intefaces_custom/include/lab2_1_intefaces_custom/lab2_1_intefaces_custom/srv/detail
[8.731s] -- Installing: /home/sguajardo/UBB-ROS-2025/lab2_1_intefaces_custom/install/lab2_1_intefaces_custom/include/lab2_1_intefaces_custom/lab2_1_intefaces_custom/srv/detail/add_four_ints__rosidl_typesupport_fastrtps_c.h
[8.731s] -- Up-to-date: /home/sguajardo/UBB-ROS-2025/lab2_1_intefaces_custom/install/lab2_1_intefaces_custom/include/lab2_1_intefaces_custom/lab2_1_intefaces_custom/msg
[8.732s] -- Installing: /home/sguajardo/UBB-ROS-2025/lab2_1_intefaces_custom/install/lab2_1_intefaces_custom/include/lab2_1_intefaces_custom/lab2_1_intefaces_custom/msg/rosidl_typesupport_fastrtps_c__visibility_control.h
[8.732s] -- Up-to-date: /home/sguajardo/UBB-ROS-2025/lab2_1_intefaces_custom/install/lab2_1_intefaces_custom/include/lab2_1_intefaces_custom/lab2_1_intefaces_custom/msg/detail
[8.732s] -- Installing: /home/sguajardo/UBB-ROS-2025/lab2_1_intefaces_custom/install/lab2_1_intefaces_custom/include/lab2_1_intefaces_custom/lab2_1_intefaces_custom/msg/detail/sphere__rosidl_typesupport_fastrtps_c.h
[8.732s] -- Installing: /home/sguajardo/UBB-ROS-2025/lab2_1_intefaces_custom/install/lab2_1_intefaces_custom/lib/liblab2_1_intefaces_custom__rosidl_typesupport_fastrtps_c.so
[8.732s] -- Set non-toolchain portion of runtime path of "/home/sguajardo/UBB-ROS-2025/lab2_1_intefaces_custom/install/lab2_1_intefaces_custom/lib/liblab2_1_intefaces_custom__rosidl_typesupport_fastrtps_c.so" to ""
[8.732s] -- Up-to-date: /home/sguajardo/UBB-ROS-2025/lab2_1_intefaces_custom/install/lab2_1_intefaces_custom/include/lab2_1_intefaces_custom/lab2_1_intefaces_custom
[8.733s] -- Up-to-date: /home/sguajardo/UBB-ROS-2025/lab2_1_intefaces_custom/install/lab2_1_intefaces_custom/include/lab2_1_intefaces_custom/lab2_1_intefaces_custom/srv
[8.733s] -- Up-to-date: /home/sguajardo/UBB-ROS-2025/lab2_1_intefaces_custom/install/lab2_1_intefaces_custom/include/lab2_1_intefaces_custom/lab2_1_intefaces_custom/srv/detail
[8.733s] -- Installing: /home/sguajardo/UBB-ROS-2025/lab2_1_intefaces_custom/install/lab2_1_intefaces_custom/include/lab2_1_intefaces_custom/lab2_1_intefaces_custom/srv/detail/add_four_ints__builder.hpp
[8.733s] -- Installing: /home/sguajardo/UBB-ROS-2025/lab2_1_intefaces_custom/install/lab2_1_intefaces_custom/include/lab2_1_intefaces_custom/lab2_1_intefaces_custom/srv/detail/add_four_ints__traits.hpp
[8.733s] -- Installing: /home/sguajardo/UBB-ROS-2025/lab2_1_intefaces_custom/install/lab2_1_intefaces_custom/include/lab2_1_intefaces_custom/lab2_1_intefaces_custom/srv/detail/add_four_ints__struct.hpp
[8.733s] -- Installing: /home/sguajardo/UBB-ROS-2025/lab2_1_intefaces_custom/install/lab2_1_intefaces_custom/include/lab2_1_intefaces_custom/lab2_1_intefaces_custom/srv/detail/add_four_ints__type_support.hpp
[8.734s] -- Installing: /home/sguajardo/UBB-ROS-2025/lab2_1_intefaces_custom/install/lab2_1_intefaces_custom/include/lab2_1_intefaces_custom/lab2_1_intefaces_custom/srv/add_four_ints.hpp
[8.734s] -- Up-to-date: /home/sguajardo/UBB-ROS-2025/lab2_1_intefaces_custom/install/lab2_1_intefaces_custom/include/lab2_1_intefaces_custom/lab2_1_intefaces_custom/msg
[8.734s] -- Up-to-date: /home/sguajardo/UBB-ROS-2025/lab2_1_intefaces_custom/install/lab2_1_intefaces_custom/include/lab2_1_intefaces_custom/lab2_1_intefaces_custom/msg/detail
[8.734s] -- Installing: /home/sguajardo/UBB-ROS-2025/lab2_1_intefaces_custom/install/lab2_1_intefaces_custom/include/lab2_1_intefaces_custom/lab2_1_intefaces_custom/msg/detail/sphere__type_support.hpp
[8.734s] -- Installing: /home/sguajardo/UBB-ROS-2025/lab2_1_intefaces_custom/install/lab2_1_intefaces_custom/include/lab2_1_intefaces_custom/lab2_1_intefaces_custom/msg/detail/sphere__struct.hpp
[8.734s] -- Installing: /home/sguajardo/UBB-ROS-2025/lab2_1_intefaces_custom/install/lab2_1_intefaces_custom/include/lab2_1_intefaces_custom/lab2_1_intefaces_custom/msg/detail/sphere__builder.hpp
[8.734s] -- Installing: /home/sguajardo/UBB-ROS-2025/lab2_1_intefaces_custom/install/lab2_1_intefaces_custom/include/lab2_1_intefaces_custom/lab2_1_intefaces_custom/msg/detail/sphere__traits.hpp
[8.735s] -- Installing: /home/sguajardo/UBB-ROS-2025/lab2_1_intefaces_custom/install/lab2_1_intefaces_custom/include/lab2_1_intefaces_custom/lab2_1_intefaces_custom/msg/sphere.hpp
[8.735s] -- Installing: /home/sguajardo/UBB-ROS-2025/lab2_1_intefaces_custom/install/lab2_1_intefaces_custom/include/lab2_1_intefaces_custom/lab2_1_intefaces_custom/msg/rosidl_generator_cpp__visibility_control.hpp
[8.735s] -- Up-to-date: /home/sguajardo/UBB-ROS-2025/lab2_1_intefaces_custom/install/lab2_1_intefaces_custom/include/lab2_1_intefaces_custom/lab2_1_intefaces_custom
[8.735s] -- Up-to-date: /home/sguajardo/UBB-ROS-2025/lab2_1_intefaces_custom/install/lab2_1_intefaces_custom/include/lab2_1_intefaces_custom/lab2_1_intefaces_custom/srv
[8.735s] -- Up-to-date: /home/sguajardo/UBB-ROS-2025/lab2_1_intefaces_custom/install/lab2_1_intefaces_custom/include/lab2_1_intefaces_custom/lab2_1_intefaces_custom/srv/detail
[8.735s] -- Installing: /home/sguajardo/UBB-ROS-2025/lab2_1_intefaces_custom/install/lab2_1_intefaces_custom/include/lab2_1_intefaces_custom/lab2_1_intefaces_custom/srv/detail/add_four_ints__rosidl_typesupport_fastrtps_cpp.hpp
[8.736s] -- Installing: /home/sguajardo/UBB-ROS-2025/lab2_1_intefaces_custom/install/lab2_1_intefaces_custom/include/lab2_1_intefaces_custom/lab2_1_intefaces_custom/srv/detail/dds_fastrtps
[8.736s] -- Up-to-date: /home/sguajardo/UBB-ROS-2025/lab2_1_intefaces_custom/install/lab2_1_intefaces_custom/include/lab2_1_intefaces_custom/lab2_1_intefaces_custom/msg
[8.736s] -- Up-to-date: /home/sguajardo/UBB-ROS-2025/lab2_1_intefaces_custom/install/lab2_1_intefaces_custom/include/lab2_1_intefaces_custom/lab2_1_intefaces_custom/msg/detail
[8.736s] -- Installing: /home/sguajardo/UBB-ROS-2025/lab2_1_intefaces_custom/install/lab2_1_intefaces_custom/include/lab2_1_intefaces_custom/lab2_1_intefaces_custom/msg/detail/dds_fastrtps
[8.736s] -- Installing: /home/sguajardo/UBB-ROS-2025/lab2_1_intefaces_custom/install/lab2_1_intefaces_custom/include/lab2_1_intefaces_custom/lab2_1_intefaces_custom/msg/detail/sphere__rosidl_typesupport_fastrtps_cpp.hpp
[8.736s] -- Installing: /home/sguajardo/UBB-ROS-2025/lab2_1_intefaces_custom/install/lab2_1_intefaces_custom/include/lab2_1_intefaces_custom/lab2_1_intefaces_custom/msg/rosidl_typesupport_fastrtps_cpp__visibility_control.h
[8.736s] -- Installing: /home/sguajardo/UBB-ROS-2025/lab2_1_intefaces_custom/install/lab2_1_intefaces_custom/lib/liblab2_1_intefaces_custom__rosidl_typesupport_fastrtps_cpp.so
[8.737s] -- Set non-toolchain portion of runtime path of "/home/sguajardo/UBB-ROS-2025/lab2_1_intefaces_custom/install/lab2_1_intefaces_custom/lib/liblab2_1_intefaces_custom__rosidl_typesupport_fastrtps_cpp.so" to ""
[8.737s] -- Up-to-date: /home/sguajardo/UBB-ROS-2025/lab2_1_intefaces_custom/install/lab2_1_intefaces_custom/include/lab2_1_intefaces_custom/lab2_1_intefaces_custom
[8.737s] -- Up-to-date: /home/sguajardo/UBB-ROS-2025/lab2_1_intefaces_custom/install/lab2_1_intefaces_custom/include/lab2_1_intefaces_custom/lab2_1_intefaces_custom/srv
[8.737s] -- Up-to-date: /home/sguajardo/UBB-ROS-2025/lab2_1_intefaces_custom/install/lab2_1_intefaces_custom/include/lab2_1_intefaces_custom/lab2_1_intefaces_custom/srv/detail
[8.737s] -- Installing: /home/sguajardo/UBB-ROS-2025/lab2_1_intefaces_custom/install/lab2_1_intefaces_custom/include/lab2_1_intefaces_custom/lab2_1_intefaces_custom/srv/detail/add_four_ints__type_support.c
[8.737s] -- Installing: /home/sguajardo/UBB-ROS-2025/lab2_1_intefaces_custom/install/lab2_1_intefaces_custom/include/lab2_1_intefaces_custom/lab2_1_intefaces_custom/srv/detail/add_four_ints__rosidl_typesupport_introspection_c.h
[8.737s] -- Up-to-date: /home/sguajardo/UBB-ROS-2025/lab2_1_intefaces_custom/install/lab2_1_intefaces_custom/include/lab2_1_intefaces_custom/lab2_1_intefaces_custom/msg
[8.738s] -- Up-to-date: /home/sguajardo/UBB-ROS-2025/lab2_1_intefaces_custom/install/lab2_1_intefaces_custom/include/lab2_1_intefaces_custom/lab2_1_intefaces_custom/msg/detail
[8.738s] -- Installing: /home/sguajardo/UBB-ROS-2025/lab2_1_intefaces_custom/install/lab2_1_intefaces_custom/include/lab2_1_intefaces_custom/lab2_1_intefaces_custom/msg/detail/sphere__type_support.c
[8.738s] -- Installing: /home/sguajardo/UBB-ROS-2025/lab2_1_intefaces_custom/install/lab2_1_intefaces_custom/include/lab2_1_intefaces_custom/lab2_1_intefaces_custom/msg/detail/sphere__rosidl_typesupport_introspection_c.h
[8.738s] -- Installing: /home/sguajardo/UBB-ROS-2025/lab2_1_intefaces_custom/install/lab2_1_intefaces_custom/include/lab2_1_intefaces_custom/lab2_1_intefaces_custom/msg/rosidl_typesupport_introspection_c__visibility_control.h
[8.738s] -- Installing: /home/sguajardo/UBB-ROS-2025/lab2_1_intefaces_custom/install/lab2_1_intefaces_custom/lib/liblab2_1_intefaces_custom__rosidl_typesupport_introspection_c.so
[8.738s] -- Set non-toolchain portion of runtime path of "/home/sguajardo/UBB-ROS-2025/lab2_1_intefaces_custom/install/lab2_1_intefaces_custom/lib/liblab2_1_intefaces_custom__rosidl_typesupport_introspection_c.so" to ""
[8.739s] -- Installing: /home/sguajardo/UBB-ROS-2025/lab2_1_intefaces_custom/install/lab2_1_intefaces_custom/lib/liblab2_1_intefaces_custom__rosidl_typesupport_c.so
[8.739s] -- Set non-toolchain portion of runtime path of "/home/sguajardo/UBB-ROS-2025/lab2_1_intefaces_custom/install/lab2_1_intefaces_custom/lib/liblab2_1_intefaces_custom__rosidl_typesupport_c.so" to ""
[8.739s] -- Up-to-date: /home/sguajardo/UBB-ROS-2025/lab2_1_intefaces_custom/install/lab2_1_intefaces_custom/include/lab2_1_intefaces_custom/lab2_1_intefaces_custom
[8.739s] -- Up-to-date: /home/sguajardo/UBB-ROS-2025/lab2_1_intefaces_custom/install/lab2_1_intefaces_custom/include/lab2_1_intefaces_custom/lab2_1_intefaces_custom/srv
[8.739s] -- Up-to-date: /home/sguajardo/UBB-ROS-2025/lab2_1_intefaces_custom/install/lab2_1_intefaces_custom/include/lab2_1_intefaces_custom/lab2_1_intefaces_custom/srv/detail
[8.739s] -- Installing: /home/sguajardo/UBB-ROS-2025/lab2_1_intefaces_custom/install/lab2_1_intefaces_custom/include/lab2_1_intefaces_custom/lab2_1_intefaces_custom/srv/detail/add_four_ints__rosidl_typesupport_introspection_cpp.hpp
[8.739s] -- Installing: /home/sguajardo/UBB-ROS-2025/lab2_1_intefaces_custom/install/lab2_1_intefaces_custom/include/lab2_1_intefaces_custom/lab2_1_intefaces_custom/srv/detail/add_four_ints__type_support.cpp
[8.740s] -- Up-to-date: /home/sguajardo/UBB-ROS-2025/lab2_1_intefaces_custom/install/lab2_1_intefaces_custom/include/lab2_1_intefaces_custom/lab2_1_intefaces_custom/msg
[8.740s] -- Up-to-date: /home/sguajardo/UBB-ROS-2025/lab2_1_intefaces_custom/install/lab2_1_intefaces_custom/include/lab2_1_intefaces_custom/lab2_1_intefaces_custom/msg/detail
[8.740s] -- Installing: /home/sguajardo/UBB-ROS-2025/lab2_1_intefaces_custom/install/lab2_1_intefaces_custom/include/lab2_1_intefaces_custom/lab2_1_intefaces_custom/msg/detail/sphere__rosidl_typesupport_introspection_cpp.hpp
[8.740s] -- Installing: /home/sguajardo/UBB-ROS-2025/lab2_1_intefaces_custom/install/lab2_1_intefaces_custom/include/lab2_1_intefaces_custom/lab2_1_intefaces_custom/msg/detail/sphere__type_support.cpp
[8.740s] -- Installing: /home/sguajardo/UBB-ROS-2025/lab2_1_intefaces_custom/install/lab2_1_intefaces_custom/lib/liblab2_1_intefaces_custom__rosidl_typesupport_introspection_cpp.so
[8.740s] -- Set non-toolchain portion of runtime path of "/home/sguajardo/UBB-ROS-2025/lab2_1_intefaces_custom/install/lab2_1_intefaces_custom/lib/liblab2_1_intefaces_custom__rosidl_typesupport_introspection_cpp.so" to ""
[8.740s] -- Installing: /home/sguajardo/UBB-ROS-2025/lab2_1_intefaces_custom/install/lab2_1_intefaces_custom/lib/liblab2_1_intefaces_custom__rosidl_typesupport_cpp.so
[8.740s] -- Set non-toolchain portion of runtime path of "/home/sguajardo/UBB-ROS-2025/lab2_1_intefaces_custom/install/lab2_1_intefaces_custom/lib/liblab2_1_intefaces_custom__rosidl_typesupport_cpp.so" to ""
[8.740s] -- Installing: /home/sguajardo/UBB-ROS-2025/lab2_1_intefaces_custom/install/lab2_1_intefaces_custom/share/lab2_1_intefaces_custom/environment/pythonpath.sh
[8.740s] -- Installing: /home/sguajardo/UBB-ROS-2025/lab2_1_intefaces_custom/install/lab2_1_intefaces_custom/share/lab2_1_intefaces_custom/environment/pythonpath.dsv
[8.740s] -- Installing: /home/sguajardo/UBB-ROS-2025/lab2_1_intefaces_custom/install/lab2_1_intefaces_custom/lib/python3.12/site-packages/lab2_1_intefaces_custom-0.0.0-py3.12.egg-info
[8.740s] -- Installing: /home/sguajardo/UBB-ROS-2025/lab2_1_intefaces_custom/install/lab2_1_intefaces_custom/lib/python3.12/site-packages/lab2_1_intefaces_custom-0.0.0-py3.12.egg-info/PKG-INFO
[8.740s] -- Installing: /home/sguajardo/UBB-ROS-2025/lab2_1_intefaces_custom/install/lab2_1_intefaces_custom/lib/python3.12/site-packages/lab2_1_intefaces_custom-0.0.0-py3.12.egg-info/SOURCES.txt
[8.740s] -- Installing: /home/sguajardo/UBB-ROS-2025/lab2_1_intefaces_custom/install/lab2_1_intefaces_custom/lib/python3.12/site-packages/lab2_1_intefaces_custom-0.0.0-py3.12.egg-info/top_level.txt
[8.740s] -- Installing: /home/sguajardo/UBB-ROS-2025/lab2_1_intefaces_custom/install/lab2_1_intefaces_custom/lib/python3.12/site-packages/lab2_1_intefaces_custom-0.0.0-py3.12.egg-info/dependency_links.txt
[8.740s] -- Installing: /home/sguajardo/UBB-ROS-2025/lab2_1_intefaces_custom/install/lab2_1_intefaces_custom/lib/python3.12/site-packages/lab2_1_intefaces_custom
[8.740s] -- Installing: /home/sguajardo/UBB-ROS-2025/lab2_1_intefaces_custom/install/lab2_1_intefaces_custom/lib/python3.12/site-packages/lab2_1_intefaces_custom/_lab2_1_intefaces_custom_s.ep.rosidl_typesupport_c.c
[8.740s] -- Installing: /home/sguajardo/UBB-ROS-2025/lab2_1_intefaces_custom/install/lab2_1_intefaces_custom/lib/python3.12/site-packages/lab2_1_intefaces_custom/srv
[8.740s] -- Installing: /home/sguajardo/UBB-ROS-2025/lab2_1_intefaces_custom/install/lab2_1_intefaces_custom/lib/python3.12/site-packages/lab2_1_intefaces_custom/srv/__init__.py
[8.740s] -- Installing: /home/sguajardo/UBB-ROS-2025/lab2_1_intefaces_custom/install/lab2_1_intefaces_custom/lib/python3.12/site-packages/lab2_1_intefaces_custom/srv/_add_four_ints_s.c
[8.741s] -- Installing: /home/sguajardo/UBB-ROS-2025/lab2_1_intefaces_custom/install/lab2_1_intefaces_custom/lib/python3.12/site-packages/lab2_1_intefaces_custom/srv/_add_four_ints.py
[8.741s] -- Installing: /home/sguajardo/UBB-ROS-2025/lab2_1_intefaces_custom/install/lab2_1_intefaces_custom/lib/python3.12/site-packages/lab2_1_intefaces_custom/__init__.py
[8.741s] -- Installing: /home/sguajardo/UBB-ROS-2025/lab2_1_intefaces_custom/install/lab2_1_intefaces_custom/lib/python3.12/site-packages/lab2_1_intefaces_custom/_lab2_1_intefaces_custom_s.ep.rosidl_typesupport_introspection_c.c
[8.741s] -- Installing: /home/sguajardo/UBB-ROS-2025/lab2_1_intefaces_custom/install/lab2_1_intefaces_custom/lib/python3.12/site-packages/lab2_1_intefaces_custom/_lab2_1_intefaces_custom_s.ep.rosidl_typesupport_fastrtps_c.c
[8.741s] -- Installing: /home/sguajardo/UBB-ROS-2025/lab2_1_intefaces_custom/install/lab2_1_intefaces_custom/lib/python3.12/site-packages/lab2_1_intefaces_custom/lab2_1_intefaces_custom_s__rosidl_typesupport_fastrtps_c.so
[8.741s] -- Installing: /home/sguajardo/UBB-ROS-2025/lab2_1_intefaces_custom/install/lab2_1_intefaces_custom/lib/python3.12/site-packages/lab2_1_intefaces_custom/lab2_1_intefaces_custom_s__rosidl_typesupport_c.so
[8.741s] -- Installing: /home/sguajardo/UBB-ROS-2025/lab2_1_intefaces_custom/install/lab2_1_intefaces_custom/lib/python3.12/site-packages/lab2_1_intefaces_custom/msg
[8.741s] -- Installing: /home/sguajardo/UBB-ROS-2025/lab2_1_intefaces_custom/install/lab2_1_intefaces_custom/lib/python3.12/site-packages/lab2_1_intefaces_custom/msg/__init__.py
[8.741s] -- Installing: /home/sguajardo/UBB-ROS-2025/lab2_1_intefaces_custom/install/lab2_1_intefaces_custom/lib/python3.12/site-packages/lab2_1_intefaces_custom/msg/_sphere.py
[8.741s] -- Installing: /home/sguajardo/UBB-ROS-2025/lab2_1_intefaces_custom/install/lab2_1_intefaces_custom/lib/python3.12/site-packages/lab2_1_intefaces_custom/msg/_sphere_s.c
[8.741s] -- Installing: /home/sguajardo/UBB-ROS-2025/lab2_1_intefaces_custom/install/lab2_1_intefaces_custom/lib/python3.12/site-packages/lab2_1_intefaces_custom/lab2_1_intefaces_custom_s__rosidl_typesupport_introspection_c.so
[8.777s] Listing '/home/sguajardo/UBB-ROS-2025/lab2_1_intefaces_custom/install/lab2_1_intefaces_custom/lib/python3.12/site-packages/lab2_1_intefaces_custom'...
[8.777s] Compiling '/home/sguajardo/UBB-ROS-2025/lab2_1_intefaces_custom/install/lab2_1_intefaces_custom/lib/python3.12/site-packages/lab2_1_intefaces_custom/__init__.py'...
[8.778s] Listing '/home/sguajardo/UBB-ROS-2025/lab2_1_intefaces_custom/install/lab2_1_intefaces_custom/lib/python3.12/site-packages/lab2_1_intefaces_custom/msg'...
[8.778s] Compiling '/home/sguajardo/UBB-ROS-2025/lab2_1_intefaces_custom/install/lab2_1_intefaces_custom/lib/python3.12/site-packages/lab2_1_intefaces_custom/msg/__init__.py'...
[8.778s] Compiling '/home/sguajardo/UBB-ROS-2025/lab2_1_intefaces_custom/install/lab2_1_intefaces_custom/lib/python3.12/site-packages/lab2_1_intefaces_custom/msg/_sphere.py'...
[8.778s] Listing '/home/sguajardo/UBB-ROS-2025/lab2_1_intefaces_custom/install/lab2_1_intefaces_custom/lib/python3.12/site-packages/lab2_1_intefaces_custom/srv'...
[8.778s] Compiling '/home/sguajardo/UBB-ROS-2025/lab2_1_intefaces_custom/install/lab2_1_intefaces_custom/lib/python3.12/site-packages/lab2_1_intefaces_custom/srv/__init__.py'...
[8.778s] Compiling '/home/sguajardo/UBB-ROS-2025/lab2_1_intefaces_custom/install/lab2_1_intefaces_custom/lib/python3.12/site-packages/lab2_1_intefaces_custom/srv/_add_four_ints.py'...
[8.782s] -- Installing: /home/sguajardo/UBB-ROS-2025/lab2_1_intefaces_custom/install/lab2_1_intefaces_custom/lib/python3.12/site-packages/lab2_1_intefaces_custom/lab2_1_intefaces_custom_s__rosidl_typesupport_fastrtps_c.so
[8.783s] -- Set non-toolchain portion of runtime path of "/home/sguajardo/UBB-ROS-2025/lab2_1_intefaces_custom/install/lab2_1_intefaces_custom/lib/python3.12/site-packages/lab2_1_intefaces_custom/lab2_1_intefaces_custom_s__rosidl_typesupport_fastrtps_c.so" to ""
[8.783s] -- Installing: /home/sguajardo/UBB-ROS-2025/lab2_1_intefaces_custom/install/lab2_1_intefaces_custom/lib/python3.12/site-packages/lab2_1_intefaces_custom/lab2_1_intefaces_custom_s__rosidl_typesupport_introspection_c.so
[8.783s] -- Set non-toolchain portion of runtime path of "/home/sguajardo/UBB-ROS-2025/lab2_1_intefaces_custom/install/lab2_1_intefaces_custom/lib/python3.12/site-packages/lab2_1_intefaces_custom/lab2_1_intefaces_custom_s__rosidl_typesupport_introspection_c.so" to ""
[8.783s] -- Installing: /home/sguajardo/UBB-ROS-2025/lab2_1_intefaces_custom/install/lab2_1_intefaces_custom/lib/python3.12/site-packages/lab2_1_intefaces_custom/lab2_1_intefaces_custom_s__rosidl_typesupport_c.so
[8.783s] -- Set non-toolchain portion of runtime path of "/home/sguajardo/UBB-ROS-2025/lab2_1_intefaces_custom/install/lab2_1_intefaces_custom/lib/python3.12/site-packages/lab2_1_intefaces_custom/lab2_1_intefaces_custom_s__rosidl_typesupport_c.so" to ""
[8.783s] -- Installing: /home/sguajardo/UBB-ROS-2025/lab2_1_intefaces_custom/install/lab2_1_intefaces_custom/lib/liblab2_1_intefaces_custom__rosidl_generator_py.so
[8.784s] -- Set non-toolchain portion of runtime path of "/home/sguajardo/UBB-ROS-2025/lab2_1_intefaces_custom/install/lab2_1_intefaces_custom/lib/liblab2_1_intefaces_custom__rosidl_generator_py.so" to ""
[8.784s] -- Installing: /home/sguajardo/UBB-ROS-2025/lab2_1_intefaces_custom/install/lab2_1_intefaces_custom/share/lab2_1_intefaces_custom/msg/Sphere.idl
[8.784s] -- Installing: /home/sguajardo/UBB-ROS-2025/lab2_1_intefaces_custom/install/lab2_1_intefaces_custom/share/lab2_1_intefaces_custom/srv/AddFourInts.idl
[8.784s] -- Installing: /home/sguajardo/UBB-ROS-2025/lab2_1_intefaces_custom/install/lab2_1_intefaces_custom/share/lab2_1_intefaces_custom/msg/Sphere.msg
[8.784s] -- Installing: /home/sguajardo/UBB-ROS-2025/lab2_1_intefaces_custom/install/lab2_1_intefaces_custom/share/lab2_1_intefaces_custom/srv/AddFourInts.srv
[8.785s] -- Installing: /home/sguajardo/UBB-ROS-2025/lab2_1_intefaces_custom/install/lab2_1_intefaces_custom/share/ament_index/resource_index/package_run_dependencies/lab2_1_intefaces_custom
[8.785s] -- Installing: /home/sguajardo/UBB-ROS-2025/lab2_1_intefaces_custom/install/lab2_1_intefaces_custom/share/ament_index/resource_index/parent_prefix_path/lab2_1_intefaces_custom
[8.785s] -- Installing: /home/sguajardo/UBB-ROS-2025/lab2_1_intefaces_custom/install/lab2_1_intefaces_custom/share/lab2_1_intefaces_custom/environment/ament_prefix_path.sh
[8.785s] -- Installing: /home/sguajardo/UBB-ROS-2025/lab2_1_intefaces_custom/install/lab2_1_intefaces_custom/share/lab2_1_intefaces_custom/environment/ament_prefix_path.dsv
[8.785s] -- Installing: /home/sguajardo/UBB-ROS-2025/lab2_1_intefaces_custom/install/lab2_1_intefaces_custom/share/lab2_1_intefaces_custom/environment/path.sh
[8.785s] -- Installing: /home/sguajardo/UBB-ROS-2025/lab2_1_intefaces_custom/install/lab2_1_intefaces_custom/share/lab2_1_intefaces_custom/environment/path.dsv
[8.786s] -- Installing: /home/sguajardo/UBB-ROS-2025/lab2_1_intefaces_custom/install/lab2_1_intefaces_custom/share/lab2_1_intefaces_custom/local_setup.bash
[8.786s] -- Installing: /home/sguajardo/UBB-ROS-2025/lab2_1_intefaces_custom/install/lab2_1_intefaces_custom/share/lab2_1_intefaces_custom/local_setup.sh
[8.786s] -- Installing: /home/sguajardo/UBB-ROS-2025/lab2_1_intefaces_custom/install/lab2_1_intefaces_custom/share/lab2_1_intefaces_custom/local_setup.zsh
[8.786s] -- Installing: /home/sguajardo/UBB-ROS-2025/lab2_1_intefaces_custom/install/lab2_1_intefaces_custom/share/lab2_1_intefaces_custom/local_setup.dsv
[8.786s] -- Installing: /home/sguajardo/UBB-ROS-2025/lab2_1_intefaces_custom/install/lab2_1_intefaces_custom/share/lab2_1_intefaces_custom/package.dsv
[8.786s] -- Installing: /home/sguajardo/UBB-ROS-2025/lab2_1_intefaces_custom/install/lab2_1_intefaces_custom/share/ament_index/resource_index/packages/lab2_1_intefaces_custom
[8.786s] -- Installing: /home/sguajardo/UBB-ROS-2025/lab2_1_intefaces_custom/install/lab2_1_intefaces_custom/share/lab2_1_intefaces_custom/cmake/export_lab2_1_intefaces_custom__rosidl_generator_cExport.cmake
[8.787s] -- Installing: /home/sguajardo/UBB-ROS-2025/lab2_1_intefaces_custom/install/lab2_1_intefaces_custom/share/lab2_1_intefaces_custom/cmake/export_lab2_1_intefaces_custom__rosidl_generator_cExport-noconfig.cmake
[8.787s] -- Installing: /home/sguajardo/UBB-ROS-2025/lab2_1_intefaces_custom/install/lab2_1_intefaces_custom/share/lab2_1_intefaces_custom/cmake/export_lab2_1_intefaces_custom__rosidl_typesupport_fastrtps_cExport.cmake
[8.787s] -- Installing: /home/sguajardo/UBB-ROS-2025/lab2_1_intefaces_custom/install/lab2_1_intefaces_custom/share/lab2_1_intefaces_custom/cmake/export_lab2_1_intefaces_custom__rosidl_typesupport_fastrtps_cExport-noconfig.cmake
[8.787s] -- Installing: /home/sguajardo/UBB-ROS-2025/lab2_1_intefaces_custom/install/lab2_1_intefaces_custom/share/lab2_1_intefaces_custom/cmake/export_lab2_1_intefaces_custom__rosidl_generator_cppExport.cmake
[8.787s] -- Installing: /home/sguajardo/UBB-ROS-2025/lab2_1_intefaces_custom/install/lab2_1_intefaces_custom/share/lab2_1_intefaces_custom/cmake/export_lab2_1_intefaces_custom__rosidl_typesupport_fastrtps_cppExport.cmake
[8.788s] -- Installing: /home/sguajardo/UBB-ROS-2025/lab2_1_intefaces_custom/install/lab2_1_intefaces_custom/share/lab2_1_intefaces_custom/cmake/export_lab2_1_intefaces_custom__rosidl_typesupport_fastrtps_cppExport-noconfig.cmake
[8.788s] -- Installing: /home/sguajardo/UBB-ROS-2025/lab2_1_intefaces_custom/install/lab2_1_intefaces_custom/share/lab2_1_intefaces_custom/cmake/lab2_1_intefaces_custom__rosidl_typesupport_introspection_cExport.cmake
[8.788s] -- Installing: /home/sguajardo/UBB-ROS-2025/lab2_1_intefaces_custom/install/lab2_1_intefaces_custom/share/lab2_1_intefaces_custom/cmake/lab2_1_intefaces_custom__rosidl_typesupport_introspection_cExport-noconfig.cmake
[8.788s] -- Installing: /home/sguajardo/UBB-ROS-2025/lab2_1_intefaces_custom/install/lab2_1_intefaces_custom/share/lab2_1_intefaces_custom/cmake/lab2_1_intefaces_custom__rosidl_typesupport_cExport.cmake
[8.788s] -- Installing: /home/sguajardo/UBB-ROS-2025/lab2_1_intefaces_custom/install/lab2_1_intefaces_custom/share/lab2_1_intefaces_custom/cmake/lab2_1_intefaces_custom__rosidl_typesupport_cExport-noconfig.cmake
[8.788s] -- Installing: /home/sguajardo/UBB-ROS-2025/lab2_1_intefaces_custom/install/lab2_1_intefaces_custom/share/lab2_1_intefaces_custom/cmake/lab2_1_intefaces_custom__rosidl_typesupport_introspection_cppExport.cmake
[8.788s] -- Installing: /home/sguajardo/UBB-ROS-2025/lab2_1_intefaces_custom/install/lab2_1_intefaces_custom/share/lab2_1_intefaces_custom/cmake/lab2_1_intefaces_custom__rosidl_typesupport_introspection_cppExport-noconfig.cmake
[8.789s] -- Installing: /home/sguajardo/UBB-ROS-2025/lab2_1_intefaces_custom/install/lab2_1_intefaces_custom/share/lab2_1_intefaces_custom/cmake/lab2_1_intefaces_custom__rosidl_typesupport_cppExport.cmake
[8.789s] -- Installing: /home/sguajardo/UBB-ROS-2025/lab2_1_intefaces_custom/install/lab2_1_intefaces_custom/share/lab2_1_intefaces_custom/cmake/lab2_1_intefaces_custom__rosidl_typesupport_cppExport-noconfig.cmake
[8.789s] -- Installing: /home/sguajardo/UBB-ROS-2025/lab2_1_intefaces_custom/install/lab2_1_intefaces_custom/share/lab2_1_intefaces_custom/cmake/export_lab2_1_intefaces_custom__rosidl_generator_pyExport.cmake
[8.789s] -- Installing: /home/sguajardo/UBB-ROS-2025/lab2_1_intefaces_custom/install/lab2_1_intefaces_custom/share/lab2_1_intefaces_custom/cmake/export_lab2_1_intefaces_custom__rosidl_generator_pyExport-noconfig.cmake
[8.789s] -- Installing: /home/sguajardo/UBB-ROS-2025/lab2_1_intefaces_custom/install/lab2_1_intefaces_custom/share/lab2_1_intefaces_custom/cmake/rosidl_cmake-extras.cmake
[8.789s] -- Installing: /home/sguajardo/UBB-ROS-2025/lab2_1_intefaces_custom/install/lab2_1_intefaces_custom/share/lab2_1_intefaces_custom/cmake/ament_cmake_export_dependencies-extras.cmake
[8.789s] -- Installing: /home/sguajardo/UBB-ROS-2025/lab2_1_intefaces_custom/install/lab2_1_intefaces_custom/share/lab2_1_intefaces_custom/cmake/ament_cmake_export_include_directories-extras.cmake
[8.789s] -- Installing: /home/sguajardo/UBB-ROS-2025/lab2_1_intefaces_custom/install/lab2_1_intefaces_custom/share/lab2_1_intefaces_custom/cmake/ament_cmake_export_libraries-extras.cmake
[8.790s] -- Installing: /home/sguajardo/UBB-ROS-2025/lab2_1_intefaces_custom/install/lab2_1_intefaces_custom/share/lab2_1_intefaces_custom/cmake/ament_cmake_export_targets-extras.cmake
[8.790s] -- Installing: /home/sguajardo/UBB-ROS-2025/lab2_1_intefaces_custom/install/lab2_1_intefaces_custom/share/lab2_1_intefaces_custom/cmake/rosidl_cmake_export_typesupport_targets-extras.cmake
[8.790s] -- Installing: /home/sguajardo/UBB-ROS-2025/lab2_1_intefaces_custom/install/lab2_1_intefaces_custom/share/lab2_1_intefaces_custom/cmake/rosidl_cmake_export_typesupport_libraries-extras.cmake
[8.790s] -- Installing: /home/sguajardo/UBB-ROS-2025/lab2_1_intefaces_custom/install/lab2_1_intefaces_custom/share/lab2_1_intefaces_custom/cmake/lab2_1_intefaces_customConfig.cmake
[8.790s] -- Installing: /home/sguajardo/UBB-ROS-2025/lab2_1_intefaces_custom/install/lab2_1_intefaces_custom/share/lab2_1_intefaces_custom/cmake/lab2_1_intefaces_customConfig-version.cmake
[8.790s] -- Installing: /home/sguajardo/UBB-ROS-2025/lab2_1_intefaces_custom/install/lab2_1_intefaces_custom/share/lab2_1_intefaces_custom/package.xml
[8.792s] Invoked command in '/home/sguajardo/UBB-ROS-2025/lab2_1_intefaces_custom/build/lab2_1_intefaces_custom' returned '0': CMAKE_PREFIX_PATH=${CMAKE_PREFIX_PATH}:/home/sguajardo/UBB-ROS-2025/lab2_servicios/install/lab2_servicios:/home/sguajardo/ws_moveit/install/moveit_configs_utils:/opt/ros/rolling DEBUGINFOD_URLS=https://debuginfod.ubuntu.com /usr/bin/cmake --install /home/sguajardo/UBB-ROS-2025/lab2_1_intefaces_custom/build/lab2_1_intefaces_custom
