[0.617s] Invoking command in '/home/sguajardo/UBB-ROS-2025/lab3_urdf_rviz_gazebo': DEBUGINFOD_URLS=https://debuginfod.ubuntu.com PYTHONPATH=/home/sguajardo/UBB-ROS-2025/lab3_urdf_rviz_gazebo/build/lab3_urdf_rviz_gazebo/prefix_override:/usr/lib/python3/dist-packages/colcon_core/task/python/colcon_distutils_commands:/home/sguajardo/UBB-ROS-2025/lab3_urdf_rviz_gazebo/install/lab3_urdf_rviz_gazebo/lib/python3.12/site-packages:${PYTHONPATH} /usr/bin/python3 -W ignore:setup.py install is deprecated -W ignore:easy_install command is deprecated setup.py egg_info --egg-base build/lab3_urdf_rviz_gazebo build --build-base /home/sguajardo/UBB-ROS-2025/lab3_urdf_rviz_gazebo/build/lab3_urdf_rviz_gazebo/build install --record /home/sguajardo/UBB-ROS-2025/lab3_urdf_rviz_gazebo/build/lab3_urdf_rviz_gazebo/install.log --single-version-externally-managed install_data
[0.820s] running egg_info
[0.836s] writing build/lab3_urdf_rviz_gazebo/lab3_urdf_rviz_gazebo.egg-info/PKG-INFO
[0.836s] writing dependency_links to build/lab3_urdf_rviz_gazebo/lab3_urdf_rviz_gazebo.egg-info/dependency_links.txt
[0.836s] writing requirements to build/lab3_urdf_rviz_gazebo/lab3_urdf_rviz_gazebo.egg-info/requires.txt
[0.837s] writing top-level names to build/lab3_urdf_rviz_gazebo/lab3_urdf_rviz_gazebo.egg-info/top_level.txt
[0.869s] reading manifest file 'build/lab3_urdf_rviz_gazebo/lab3_urdf_rviz_gazebo.egg-info/SOURCES.txt'
[0.869s] adding license file 'LICENSE'
[0.870s] writing manifest file 'build/lab3_urdf_rviz_gazebo/lab3_urdf_rviz_gazebo.egg-info/SOURCES.txt'
[0.870s] running build
[0.870s] running build_py
[0.871s] running install
[0.874s] running install_lib
[0.890s] running install_data
[0.890s] creating /home/sguajardo/UBB-ROS-2025/lab3_urdf_rviz_gazebo/install/lab3_urdf_rviz_gazebo/share/lab3_urdf_rviz_gazebo/launch
[0.890s] copying launch/visualization.launch.py -> /home/sguajardo/UBB-ROS-2025/lab3_urdf_rviz_gazebo/install/lab3_urdf_rviz_gazebo/share/lab3_urdf_rviz_gazebo/launch
[0.890s] running install_egg_info
[0.906s] removing '/home/sguajardo/UBB-ROS-2025/lab3_urdf_rviz_gazebo/install/lab3_urdf_rviz_gazebo/lib/python3.12/site-packages/lab3_urdf_rviz_gazebo-0.0.0-py3.12.egg-info' (and everything under it)
[0.906s] Copying build/lab3_urdf_rviz_gazebo/lab3_urdf_rviz_gazebo.egg-info to /home/sguajardo/UBB-ROS-2025/lab3_urdf_rviz_gazebo/install/lab3_urdf_rviz_gazebo/lib/python3.12/site-packages/lab3_urdf_rviz_gazebo-0.0.0-py3.12.egg-info
[0.907s] running install_scripts
[1.007s] writing list of installed files to '/home/sguajardo/UBB-ROS-2025/lab3_urdf_rviz_gazebo/build/lab3_urdf_rviz_gazebo/install.log'
[1.031s] Invoked command in '/home/sguajardo/UBB-ROS-2025/lab3_urdf_rviz_gazebo' returned '0': DEBUGINFOD_URLS=https://debuginfod.ubuntu.com PYTHONPATH=/home/sguajardo/UBB-ROS-2025/lab3_urdf_rviz_gazebo/build/lab3_urdf_rviz_gazebo/prefix_override:/usr/lib/python3/dist-packages/colcon_core/task/python/colcon_distutils_commands:/home/sguajardo/UBB-ROS-2025/lab3_urdf_rviz_gazebo/install/lab3_urdf_rviz_gazebo/lib/python3.12/site-packages:${PYTHONPATH} /usr/bin/python3 -W ignore:setup.py install is deprecated -W ignore:easy_install command is deprecated setup.py egg_info --egg-base build/lab3_urdf_rviz_gazebo build --build-base /home/sguajardo/UBB-ROS-2025/lab3_urdf_rviz_gazebo/build/lab3_urdf_rviz_gazebo/build install --record /home/sguajardo/UBB-ROS-2025/lab3_urdf_rviz_gazebo/build/lab3_urdf_rviz_gazebo/install.log --single-version-externally-managed install_data
