[0.561s] DEBUG:colcon:Command line arguments: ['/usr/bin/colcon', 'build', '--packages-select', 'lab2_1_intefaces_custom']
[0.561s] DEBUG:colcon:Parsed command line arguments: Namespace(log_base=None, log_level=None, verb_name='build', build_base='build', install_base='install', merge_install=False, symlink_install=False, test_result_base=None, continue_on_error=False, executor='parallel', parallel_workers=4, event_handlers=None, ignore_user_meta=False, metas=['./colcon.meta'], base_paths=['.'], packages_ignore=None, packages_ignore_regex=None, paths=None, packages_up_to=None, packages_up_to_regex=None, packages_above=None, packages_above_and_dependencies=None, packages_above_depth=None, packages_select_by_dep=None, packages_skip_by_dep=None, packages_skip_up_to=None, packages_select_build_failed=False, packages_skip_build_finished=False, packages_select_test_failures=False, packages_skip_test_passed=False, packages_select=['lab2_1_intefaces_custom'], packages_skip=None, packages_select_regex=None, packages_skip_regex=None, packages_start=None, packages_end=None, allow_overriding=[], cmake_args=None, cmake_target=None, cmake_target_skip_unavailable=False, cmake_clean_cache=False, cmake_clean_first=False, cmake_force_configure=False, ament_cmake_args=None, catkin_cmake_args=None, catkin_skip_building_tests=False, mixin_files=None, mixin=None, verb_parser=<colcon_mixin.mixin.mixin_argument.MixinArgumentDecorator object at 0x7f35acd7bb30>, verb_extension=<colcon_core.verb.build.BuildVerb object at 0x7f35acd7b110>, main=<bound method BuildVerb.main of <colcon_core.verb.build.BuildVerb object at 0x7f35acd7b110>>, mixin_verb=('build',))
[0.624s] Level 1:colcon.colcon_core.package_discovery:discover_packages(colcon_meta) check parameters
[0.625s] Level 1:colcon.colcon_core.package_discovery:discover_packages(recursive) check parameters
[0.625s] Level 1:colcon.colcon_core.package_discovery:discover_packages(ignore) check parameters
[0.625s] Level 1:colcon.colcon_core.package_discovery:discover_packages(path) check parameters
[0.625s] Level 1:colcon.colcon_core.package_discovery:discover_packages(colcon_meta) discover
[0.625s] Level 1:colcon.colcon_core.package_discovery:discover_packages(recursive) discover
[0.625s] INFO:colcon.colcon_core.package_discovery:Crawling recursively for packages in '/home/sguajardo/UBB-ROS-2025/lab2_1_intefaces_custom'
[0.625s] Level 1:colcon.colcon_core.package_identification:_identify(.) by extensions ['ignore', 'ignore_ament_install']
[0.625s] Level 1:colcon.colcon_core.package_identification:_identify(.) by extension 'ignore'
[0.625s] Level 1:colcon.colcon_core.package_identification:_identify(.) by extension 'ignore_ament_install'
[0.625s] Level 1:colcon.colcon_core.package_identification:_identify(.) by extensions ['colcon_pkg']
[0.625s] Level 1:colcon.colcon_core.package_identification:_identify(.) by extension 'colcon_pkg'
[0.625s] Level 1:colcon.colcon_core.package_identification:_identify(.) by extensions ['colcon_meta']
[0.626s] Level 1:colcon.colcon_core.package_identification:_identify(.) by extension 'colcon_meta'
[0.626s] Level 1:colcon.colcon_core.package_identification:_identify(.) by extensions ['ros']
[0.626s] Level 1:colcon.colcon_core.package_identification:_identify(.) by extension 'ros'
[0.673s] DEBUG:colcon.colcon_core.package_identification:Package '.' with type 'ros.ament_cmake' and name 'lab2_1_intefaces_custom'
[0.673s] Level 1:colcon.colcon_core.package_discovery:discover_packages(recursive) using defaults
[0.673s] Level 1:colcon.colcon_core.package_discovery:discover_packages(ignore) discover
[0.673s] Level 1:colcon.colcon_core.package_discovery:discover_packages(ignore) using defaults
[0.673s] Level 1:colcon.colcon_core.package_discovery:discover_packages(path) discover
[0.673s] Level 1:colcon.colcon_core.package_discovery:discover_packages(path) using defaults
[0.700s] Level 1:colcon.colcon_core.package_discovery:discover_packages(prefix_path) check parameters
[0.700s] Level 1:colcon.colcon_core.package_discovery:discover_packages(prefix_path) discover
[0.704s] DEBUG:colcon.colcon_installed_package_information.package_discovery:Found 1 installed packages in /home/sguajardo/UBB-ROS-2025/lab2_servicios/install
[0.707s] DEBUG:colcon.colcon_installed_package_information.package_discovery:Found 70 installed packages in /home/sguajardo/ws_moveit/install
[0.710s] DEBUG:colcon.colcon_installed_package_information.package_discovery:Found 334 installed packages in /opt/ros/rolling
[0.713s] Level 1:colcon.colcon_core.package_discovery:discover_packages(prefix_path) using defaults
[0.781s] Level 5:colcon.colcon_core.verb:set package 'lab2_1_intefaces_custom' build argument 'cmake_args' from command line to 'None'
[0.781s] Level 5:colcon.colcon_core.verb:set package 'lab2_1_intefaces_custom' build argument 'cmake_target' from command line to 'None'
[0.781s] Level 5:colcon.colcon_core.verb:set package 'lab2_1_intefaces_custom' build argument 'cmake_target_skip_unavailable' from command line to 'False'
[0.781s] Level 5:colcon.colcon_core.verb:set package 'lab2_1_intefaces_custom' build argument 'cmake_clean_cache' from command line to 'False'
[0.781s] Level 5:colcon.colcon_core.verb:set package 'lab2_1_intefaces_custom' build argument 'cmake_clean_first' from command line to 'False'
[0.781s] Level 5:colcon.colcon_core.verb:set package 'lab2_1_intefaces_custom' build argument 'cmake_force_configure' from command line to 'False'
[0.781s] Level 5:colcon.colcon_core.verb:set package 'lab2_1_intefaces_custom' build argument 'ament_cmake_args' from command line to 'None'
[0.781s] Level 5:colcon.colcon_core.verb:set package 'lab2_1_intefaces_custom' build argument 'catkin_cmake_args' from command line to 'None'
[0.781s] Level 5:colcon.colcon_core.verb:set package 'lab2_1_intefaces_custom' build argument 'catkin_skip_building_tests' from command line to 'False'
[0.781s] DEBUG:colcon.colcon_core.verb:Building package 'lab2_1_intefaces_custom' with the following arguments: {'ament_cmake_args': None, 'build_base': '/home/sguajardo/UBB-ROS-2025/lab2_1_intefaces_custom/build/lab2_1_intefaces_custom', 'catkin_cmake_args': None, 'catkin_skip_building_tests': False, 'cmake_args': None, 'cmake_clean_cache': False, 'cmake_clean_first': False, 'cmake_force_configure': False, 'cmake_target': None, 'cmake_target_skip_unavailable': False, 'install_base': '/home/sguajardo/UBB-ROS-2025/lab2_1_intefaces_custom/install/lab2_1_intefaces_custom', 'merge_install': False, 'path': '/home/sguajardo/UBB-ROS-2025/lab2_1_intefaces_custom', 'symlink_install': False, 'test_result_base': None}
[0.781s] INFO:colcon.colcon_core.executor:Executing jobs using 'parallel' executor
[0.783s] DEBUG:colcon.colcon_parallel_executor.executor.parallel:run_until_complete
[0.783s] INFO:colcon.colcon_ros.task.ament_cmake.build:Building ROS package in '/home/sguajardo/UBB-ROS-2025/lab2_1_intefaces_custom' with build type 'ament_cmake'
[0.784s] INFO:colcon.colcon_cmake.task.cmake.build:Building CMake package in '/home/sguajardo/UBB-ROS-2025/lab2_1_intefaces_custom'
[0.787s] INFO:colcon.colcon_core.plugin_system:Skipping extension 'colcon_core.shell.bat': Not used on non-Windows systems
[0.788s] INFO:colcon.colcon_core.shell:Skip shell extension 'powershell' for command environment: Not usable outside of PowerShell
[0.788s] DEBUG:colcon.colcon_core.shell:Skip shell extension 'dsv' for command environment
[0.809s] DEBUG:colcon.colcon_core.event_handler.log_command:Invoking command in '/home/sguajardo/UBB-ROS-2025/lab2_1_intefaces_custom/build/lab2_1_intefaces_custom': CMAKE_PREFIX_PATH=${CMAKE_PREFIX_PATH}:/home/sguajardo/UBB-ROS-2025/lab2_servicios/install/lab2_servicios:/home/sguajardo/ws_moveit/install/moveit_configs_utils:/opt/ros/rolling DEBUGINFOD_URLS=https://debuginfod.ubuntu.com /usr/bin/cmake /home/sguajardo/UBB-ROS-2025/lab2_1_intefaces_custom -DCMAKE_INSTALL_PREFIX=/home/sguajardo/UBB-ROS-2025/lab2_1_intefaces_custom/install/lab2_1_intefaces_custom
[1.433s] DEBUG:colcon.colcon_core.event_handler.log_command:Invoked command in '/home/sguajardo/UBB-ROS-2025/lab2_1_intefaces_custom/build/lab2_1_intefaces_custom' returned '1': CMAKE_PREFIX_PATH=${CMAKE_PREFIX_PATH}:/home/sguajardo/UBB-ROS-2025/lab2_servicios/install/lab2_servicios:/home/sguajardo/ws_moveit/install/moveit_configs_utils:/opt/ros/rolling DEBUGINFOD_URLS=https://debuginfod.ubuntu.com /usr/bin/cmake /home/sguajardo/UBB-ROS-2025/lab2_1_intefaces_custom -DCMAKE_INSTALL_PREFIX=/home/sguajardo/UBB-ROS-2025/lab2_1_intefaces_custom/install/lab2_1_intefaces_custom
[1.456s] Level 1:colcon.colcon_core.environment:create_environment_scripts_only(lab2_1_intefaces_custom)
[1.460s] Level 1:colcon.colcon_core.environment:checking '/home/sguajardo/UBB-ROS-2025/lab2_1_intefaces_custom/install/lab2_1_intefaces_custom' for CMake module files
[1.460s] Level 1:colcon.colcon_core.environment:checking '/home/sguajardo/UBB-ROS-2025/lab2_1_intefaces_custom/install/lab2_1_intefaces_custom' for CMake config files
[1.461s] Level 1:colcon.colcon_core.environment:checking '/home/sguajardo/UBB-ROS-2025/lab2_1_intefaces_custom/install/lab2_1_intefaces_custom/bin'
[1.461s] Level 1:colcon.colcon_core.environment:checking '/home/sguajardo/UBB-ROS-2025/lab2_1_intefaces_custom/install/lab2_1_intefaces_custom/lib/pkgconfig/lab2_1_intefaces_custom.pc'
[1.462s] Level 1:colcon.colcon_core.environment:checking '/home/sguajardo/UBB-ROS-2025/lab2_1_intefaces_custom/install/lab2_1_intefaces_custom/lib/python3.12/site-packages'
[1.462s] Level 1:colcon.colcon_core.environment:checking '/home/sguajardo/UBB-ROS-2025/lab2_1_intefaces_custom/install/lab2_1_intefaces_custom/bin'
[1.462s] INFO:colcon.colcon_core.shell:Creating package script '/home/sguajardo/UBB-ROS-2025/lab2_1_intefaces_custom/install/lab2_1_intefaces_custom/share/lab2_1_intefaces_custom/package.ps1'
[1.463s] INFO:colcon.colcon_core.shell:Creating package descriptor '/home/sguajardo/UBB-ROS-2025/lab2_1_intefaces_custom/install/lab2_1_intefaces_custom/share/lab2_1_intefaces_custom/package.dsv'
[1.464s] INFO:colcon.colcon_core.shell:Creating package script '/home/sguajardo/UBB-ROS-2025/lab2_1_intefaces_custom/install/lab2_1_intefaces_custom/share/lab2_1_intefaces_custom/package.sh'
[1.465s] INFO:colcon.colcon_core.shell:Creating package script '/home/sguajardo/UBB-ROS-2025/lab2_1_intefaces_custom/install/lab2_1_intefaces_custom/share/lab2_1_intefaces_custom/package.bash'
[1.466s] INFO:colcon.colcon_core.shell:Creating package script '/home/sguajardo/UBB-ROS-2025/lab2_1_intefaces_custom/install/lab2_1_intefaces_custom/share/lab2_1_intefaces_custom/package.zsh'
[1.467s] Level 1:colcon.colcon_core.environment:create_file_with_runtime_dependencies(/home/sguajardo/UBB-ROS-2025/lab2_1_intefaces_custom/install/lab2_1_intefaces_custom/share/colcon-core/packages/lab2_1_intefaces_custom)
[1.478s] DEBUG:colcon.colcon_parallel_executor.executor.parallel:closing loop
[1.478s] DEBUG:colcon.colcon_parallel_executor.executor.parallel:loop closed
[1.478s] DEBUG:colcon.colcon_parallel_executor.executor.parallel:run_until_complete finished with '1'
[1.478s] DEBUG:colcon.colcon_core.event_reactor:joining thread
[1.713s] INFO:colcon.colcon_core.plugin_system:Skipping extension 'colcon_notification.desktop_notification.notify_send': Could not find 'notify-send'
[1.713s] INFO:colcon.colcon_core.plugin_system:Skipping extension 'colcon_notification.desktop_notification.terminal_notifier': Not used on non-Darwin systems
[1.713s] INFO:colcon.colcon_core.plugin_system:Skipping extension 'colcon_notification.desktop_notification.win32': Not used on non-Windows systems
[1.713s] INFO:colcon.colcon_notification.desktop_notification:Sending desktop notification using 'notify2'
[1.716s] DEBUG:colcon.colcon_notification.desktop_notification.notify2:Failed to initialize notify2: org.freedesktop.DBus.Error.ServiceUnknown: The name org.freedesktop.Notifications was not provided by any .service files
[1.716s] DEBUG:colcon.colcon_core.event_reactor:joined thread
[1.717s] INFO:colcon.colcon_core.shell:Creating prefix script '/home/sguajardo/UBB-ROS-2025/lab2_1_intefaces_custom/install/local_setup.ps1'
[1.718s] INFO:colcon.colcon_core.shell:Creating prefix util module '/home/sguajardo/UBB-ROS-2025/lab2_1_intefaces_custom/install/_local_setup_util_ps1.py'
[1.720s] INFO:colcon.colcon_core.shell:Creating prefix chain script '/home/sguajardo/UBB-ROS-2025/lab2_1_intefaces_custom/install/setup.ps1'
[1.724s] INFO:colcon.colcon_core.shell:Creating prefix script '/home/sguajardo/UBB-ROS-2025/lab2_1_intefaces_custom/install/local_setup.sh'
[1.725s] INFO:colcon.colcon_core.shell:Creating prefix util module '/home/sguajardo/UBB-ROS-2025/lab2_1_intefaces_custom/install/_local_setup_util_sh.py'
[1.725s] INFO:colcon.colcon_core.shell:Creating prefix chain script '/home/sguajardo/UBB-ROS-2025/lab2_1_intefaces_custom/install/setup.sh'
[1.730s] INFO:colcon.colcon_core.shell:Creating prefix script '/home/sguajardo/UBB-ROS-2025/lab2_1_intefaces_custom/install/local_setup.bash'
[1.731s] INFO:colcon.colcon_core.shell:Creating prefix chain script '/home/sguajardo/UBB-ROS-2025/lab2_1_intefaces_custom/install/setup.bash'
[1.737s] INFO:colcon.colcon_core.shell:Creating prefix script '/home/sguajardo/UBB-ROS-2025/lab2_1_intefaces_custom/install/local_setup.zsh'
[1.738s] INFO:colcon.colcon_core.shell:Creating prefix chain script '/home/sguajardo/UBB-ROS-2025/lab2_1_intefaces_custom/install/setup.zsh'
