running egg_info
writing build/lab1_nodos_topicos_mensajes/lab1_nodos_topicos_mensajes.egg-info/PKG-INFO
writing dependency_links to build/lab1_nodos_topicos_mensajes/lab1_nodos_topicos_mensajes.egg-info/dependency_links.txt
writing entry points to build/lab1_nodos_topicos_mensajes/lab1_nodos_topicos_mensajes.egg-info/entry_points.txt
writing requirements to build/lab1_nodos_topicos_mensajes/lab1_nodos_topicos_mensajes.egg-info/requires.txt
writing top-level names to build/lab1_nodos_topicos_mensajes/lab1_nodos_topicos_mensajes.egg-info/top_level.txt
reading manifest file 'build/lab1_nodos_topicos_mensajes/lab1_nodos_topicos_mensajes.egg-info/SOURCES.txt'
writing manifest file 'build/lab1_nodos_topicos_mensajes/lab1_nodos_topicos_mensajes.egg-info/SOURCES.txt'
running build
running build_py
running install
running install_lib
running install_data
running install_egg_info
removing '/home/sguajardo/UBB-ROS-2025/lab1_nodos_topicos_mensajes/install/lab1_nodos_topicos_mensajes/lib/python3.12/site-packages/lab1_nodos_topicos_mensajes-0.0.0-py3.12.egg-info' (and everything under it)
Copying build/lab1_nodos_topicos_mensajes/lab1_nodos_topicos_mensajes.egg-info to /home/sguajardo/UBB-ROS-2025/lab1_nodos_topicos_mensajes/install/lab1_nodos_topicos_mensajes/lib/python3.12/site-packages/lab1_nodos_topicos_mensajes-0.0.0-py3.12.egg-info
running install_scripts
Installing nodo_simple script to /home/sguajardo/UBB-ROS-2025/lab1_nodos_topicos_mensajes/install/lab1_nodos_topicos_mensajes/lib/lab1_nodos_topicos_mensajes
Installing pub_array script to /home/sguajardo/UBB-ROS-2025/lab1_nodos_topicos_mensajes/install/lab1_nodos_topicos_mensajes/lib/lab1_nodos_topicos_mensajes
Installing pub_imu script to /home/sguajardo/UBB-ROS-2025/lab1_nodos_topicos_mensajes/install/lab1_nodos_topicos_mensajes/lib/lab1_nodos_topicos_mensajes
Installing pub_simple script to /home/sguajardo/UBB-ROS-2025/lab1_nodos_topicos_mensajes/install/lab1_nodos_topicos_mensajes/lib/lab1_nodos_topicos_mensajes
Installing sub_simple script to /home/sguajardo/UBB-ROS-2025/lab1_nodos_topicos_mensajes/install/lab1_nodos_topicos_mensajes/lib/lab1_nodos_topicos_mensajes
Installing sub_twist script to /home/sguajardo/UBB-ROS-2025/lab1_nodos_topicos_mensajes/install/lab1_nodos_topicos_mensajes/lib/lab1_nodos_topicos_mensajes
writing list of installed files to '/home/sguajardo/UBB-ROS-2025/lab1_nodos_topicos_mensajes/build/lab1_nodos_topicos_mensajes/install.log'
