[0.981s] Invoking command in '/home/sguajardo/lab1_nodos_topicos_mensajes': DEBUGINFOD_URLS=https://debuginfod.ubuntu.com PS1=(lab1) \[\e]0;\u@\h: \w\a\]${debian_chroot:+($debian_chroot)}\[\033[01;32m\]\u@\h\[\033[00m\]:\[\033[01;34m\]\w\[\033[00m\]\$ PYTHONPATH=/home/sguajardo/lab1_nodos_topicos_mensajes/build/lab1_nodos_topicos_mensajes/prefix_override:/usr/lib/python3/dist-packages/colcon_core/task/python/colcon_distutils_commands:/home/sguajardo/lab1_nodos_topicos_mensajes/install/lab1_nodos_topicos_mensajes/lib/python3.12/site-packages:${PYTHONPATH} VIRTUAL_ENV_PROMPT=(lab1) /usr/bin/python3 -W ignore:setup.py install is deprecated -W ignore:easy_install command is deprecated setup.py egg_info --egg-base build/lab1_nodos_topicos_mensajes build --build-base /home/sguajardo/lab1_nodos_topicos_mensajes/build/lab1_nodos_topicos_mensajes/build install --record /home/sguajardo/lab1_nodos_topicos_mensajes/build/lab1_nodos_topicos_mensajes/install.log --single-version-externally-managed install_data
[1.193s] running egg_info
[1.206s] writing build/lab1_nodos_topicos_mensajes/lab1_nodos_topicos_mensajes.egg-info/PKG-INFO
[1.207s] writing dependency_links to build/lab1_nodos_topicos_mensajes/lab1_nodos_topicos_mensajes.egg-info/dependency_links.txt
[1.207s] writing entry points to build/lab1_nodos_topicos_mensajes/lab1_nodos_topicos_mensajes.egg-info/entry_points.txt
[1.207s] writing requirements to build/lab1_nodos_topicos_mensajes/lab1_nodos_topicos_mensajes.egg-info/requires.txt
[1.207s] writing top-level names to build/lab1_nodos_topicos_mensajes/lab1_nodos_topicos_mensajes.egg-info/top_level.txt
[1.240s] reading manifest file 'build/lab1_nodos_topicos_mensajes/lab1_nodos_topicos_mensajes.egg-info/SOURCES.txt'
[1.243s] writing manifest file 'build/lab1_nodos_topicos_mensajes/lab1_nodos_topicos_mensajes.egg-info/SOURCES.txt'
[1.243s] running build
[1.243s] running build_py
[1.243s] copying lab1_nodos_topicos_mensajes/nodo_simple.py -> /home/sguajardo/lab1_nodos_topicos_mensajes/build/lab1_nodos_topicos_mensajes/build/lib/lab1_nodos_topicos_mensajes
[1.243s] running install
[1.248s] running install_lib
[1.265s] copying /home/sguajardo/lab1_nodos_topicos_mensajes/build/lab1_nodos_topicos_mensajes/build/lib/lab1_nodos_topicos_mensajes/nodo_simple.py -> /home/sguajardo/lab1_nodos_topicos_mensajes/install/lab1_nodos_topicos_mensajes/lib/python3.12/site-packages/lab1_nodos_topicos_mensajes
[1.266s] byte-compiling /home/sguajardo/lab1_nodos_topicos_mensajes/install/lab1_nodos_topicos_mensajes/lib/python3.12/site-packages/lab1_nodos_topicos_mensajes/nodo_simple.py to nodo_simple.cpython-312.pyc
[1.267s] running install_data
[1.267s] running install_egg_info
[1.283s] removing '/home/sguajardo/lab1_nodos_topicos_mensajes/install/lab1_nodos_topicos_mensajes/lib/python3.12/site-packages/lab1_nodos_topicos_mensajes-0.0.0-py3.12.egg-info' (and everything under it)
[1.283s] Copying build/lab1_nodos_topicos_mensajes/lab1_nodos_topicos_mensajes.egg-info to /home/sguajardo/lab1_nodos_topicos_mensajes/install/lab1_nodos_topicos_mensajes/lib/python3.12/site-packages/lab1_nodos_topicos_mensajes-0.0.0-py3.12.egg-info
[1.285s] running install_scripts
[1.384s] Installing nodo_simple script to /home/sguajardo/lab1_nodos_topicos_mensajes/install/lab1_nodos_topicos_mensajes/lib/lab1_nodos_topicos_mensajes
[1.384s] writing list of installed files to '/home/sguajardo/lab1_nodos_topicos_mensajes/build/lab1_nodos_topicos_mensajes/install.log'
[1.408s] Invoked command in '/home/sguajardo/lab1_nodos_topicos_mensajes' returned '0': DEBUGINFOD_URLS=https://debuginfod.ubuntu.com PS1=(lab1) \[\e]0;\u@\h: \w\a\]${debian_chroot:+($debian_chroot)}\[\033[01;32m\]\u@\h\[\033[00m\]:\[\033[01;34m\]\w\[\033[00m\]\$ PYTHONPATH=/home/sguajardo/lab1_nodos_topicos_mensajes/build/lab1_nodos_topicos_mensajes/prefix_override:/usr/lib/python3/dist-packages/colcon_core/task/python/colcon_distutils_commands:/home/sguajardo/lab1_nodos_topicos_mensajes/install/lab1_nodos_topicos_mensajes/lib/python3.12/site-packages:${PYTHONPATH} VIRTUAL_ENV_PROMPT=(lab1) /usr/bin/python3 -W ignore:setup.py install is deprecated -W ignore:easy_install command is deprecated setup.py egg_info --egg-base build/lab1_nodos_topicos_mensajes build --build-base /home/sguajardo/lab1_nodos_topicos_mensajes/build/lab1_nodos_topicos_mensajes/build install --record /home/sguajardo/lab1_nodos_topicos_mensajes/build/lab1_nodos_topicos_mensajes/install.log --single-version-externally-managed install_data
