[0.201s] DEBUG:colcon:Command line arguments: ['/usr/bin/colcon', 'build']
[0.201s] DEBUG:colcon:Parsed command line arguments: Namespace(log_base=None, log_level=None, verb_name='build', build_base='build', install_base='install', merge_install=False, symlink_install=False, test_result_base=None, continue_on_error=False, executor='parallel', parallel_workers=4, event_handlers=None, ignore_user_meta=False, metas=['./colcon.meta'], base_paths=['.'], packages_ignore=None, packages_ignore_regex=None, paths=None, packages_up_to=None, packages_up_to_regex=None, packages_above=None, packages_above_and_dependencies=None, packages_above_depth=None, packages_select_by_dep=None, packages_skip_by_dep=None, packages_skip_up_to=None, packages_select_build_failed=False, packages_skip_build_finished=False, packages_select_test_failures=False, packages_skip_test_passed=False, packages_select=None, packages_skip=None, packages_select_regex=None, packages_skip_regex=None, packages_start=None, packages_end=None, allow_overriding=[], cmake_args=None, cmake_target=None, cmake_target_skip_unavailable=False, cmake_clean_cache=False, cmake_clean_first=False, cmake_force_configure=False, ament_cmake_args=None, catkin_cmake_args=None, catkin_skip_building_tests=False, mixin_files=None, mixin=None, verb_parser=<colcon_mixin.mixin.mixin_argument.MixinArgumentDecorator object at 0x718d430ae5a0>, verb_extension=<colcon_core.verb.build.BuildVerb object at 0x718d430ae1b0>, main=<bound method BuildVerb.main of <colcon_core.verb.build.BuildVerb object at 0x718d430ae1b0>>, mixin_verb=('build',))
[0.237s] Level 1:colcon.colcon_core.package_discovery:discover_packages(colcon_meta) check parameters
[0.237s] Level 1:colcon.colcon_core.package_discovery:discover_packages(recursive) check parameters
[0.237s] Level 1:colcon.colcon_core.package_discovery:discover_packages(ignore) check parameters
[0.237s] Level 1:colcon.colcon_core.package_discovery:discover_packages(path) check parameters
[0.237s] Level 1:colcon.colcon_core.package_discovery:discover_packages(colcon_meta) discover
[0.237s] Level 1:colcon.colcon_core.package_discovery:discover_packages(recursive) discover
[0.237s] INFO:colcon.colcon_core.package_discovery:Crawling recursively for packages in '/home/sguajardo/UBB-ROS-2025/lab3_urdf_rviz_gazebo'
[0.237s] Level 1:colcon.colcon_core.package_identification:_identify(.) by extensions ['ignore', 'ignore_ament_install']
[0.237s] Level 1:colcon.colcon_core.package_identification:_identify(.) by extension 'ignore'
[0.238s] Level 1:colcon.colcon_core.package_identification:_identify(.) by extension 'ignore_ament_install'
[0.238s] Level 1:colcon.colcon_core.package_identification:_identify(.) by extensions ['colcon_pkg']
[0.238s] Level 1:colcon.colcon_core.package_identification:_identify(.) by extension 'colcon_pkg'
[0.238s] Level 1:colcon.colcon_core.package_identification:_identify(.) by extensions ['colcon_meta']
[0.238s] Level 1:colcon.colcon_core.package_identification:_identify(.) by extension 'colcon_meta'
[0.238s] Level 1:colcon.colcon_core.package_identification:_identify(.) by extensions ['ros']
[0.238s] Level 1:colcon.colcon_core.package_identification:_identify(.) by extension 'ros'
[0.268s] DEBUG:colcon.colcon_core.package_identification:Package '.' with type 'ros.ament_python' and name 'lab3_urdf_rviz_gazebo'
[0.268s] Level 1:colcon.colcon_core.package_discovery:discover_packages(recursive) using defaults
[0.268s] Level 1:colcon.colcon_core.package_discovery:discover_packages(ignore) discover
[0.268s] Level 1:colcon.colcon_core.package_discovery:discover_packages(ignore) using defaults
[0.268s] Level 1:colcon.colcon_core.package_discovery:discover_packages(path) discover
[0.268s] Level 1:colcon.colcon_core.package_discovery:discover_packages(path) using defaults
[0.280s] Level 1:colcon.colcon_core.package_discovery:discover_packages(prefix_path) check parameters
[0.281s] Level 1:colcon.colcon_core.package_discovery:discover_packages(prefix_path) discover
[0.287s] DEBUG:colcon.colcon_installed_package_information.package_discovery:Found 298 installed packages in /opt/ros/jazzy
[0.289s] Level 1:colcon.colcon_core.package_discovery:discover_packages(prefix_path) using defaults
[0.317s] Level 5:colcon.colcon_core.verb:set package 'lab3_urdf_rviz_gazebo' build argument 'cmake_args' from command line to 'None'
[0.317s] Level 5:colcon.colcon_core.verb:set package 'lab3_urdf_rviz_gazebo' build argument 'cmake_target' from command line to 'None'
[0.318s] Level 5:colcon.colcon_core.verb:set package 'lab3_urdf_rviz_gazebo' build argument 'cmake_target_skip_unavailable' from command line to 'False'
[0.318s] Level 5:colcon.colcon_core.verb:set package 'lab3_urdf_rviz_gazebo' build argument 'cmake_clean_cache' from command line to 'False'
[0.318s] Level 5:colcon.colcon_core.verb:set package 'lab3_urdf_rviz_gazebo' build argument 'cmake_clean_first' from command line to 'False'
[0.318s] Level 5:colcon.colcon_core.verb:set package 'lab3_urdf_rviz_gazebo' build argument 'cmake_force_configure' from command line to 'False'
[0.318s] Level 5:colcon.colcon_core.verb:set package 'lab3_urdf_rviz_gazebo' build argument 'ament_cmake_args' from command line to 'None'
[0.318s] Level 5:colcon.colcon_core.verb:set package 'lab3_urdf_rviz_gazebo' build argument 'catkin_cmake_args' from command line to 'None'
[0.318s] Level 5:colcon.colcon_core.verb:set package 'lab3_urdf_rviz_gazebo' build argument 'catkin_skip_building_tests' from command line to 'False'
[0.318s] DEBUG:colcon.colcon_core.verb:Building package 'lab3_urdf_rviz_gazebo' with the following arguments: {'ament_cmake_args': None, 'build_base': '/home/sguajardo/UBB-ROS-2025/lab3_urdf_rviz_gazebo/build/lab3_urdf_rviz_gazebo', 'catkin_cmake_args': None, 'catkin_skip_building_tests': False, 'cmake_args': None, 'cmake_clean_cache': False, 'cmake_clean_first': False, 'cmake_force_configure': False, 'cmake_target': None, 'cmake_target_skip_unavailable': False, 'install_base': '/home/sguajardo/UBB-ROS-2025/lab3_urdf_rviz_gazebo/install/lab3_urdf_rviz_gazebo', 'merge_install': False, 'path': '/home/sguajardo/UBB-ROS-2025/lab3_urdf_rviz_gazebo', 'symlink_install': False, 'test_result_base': None}
[0.318s] INFO:colcon.colcon_core.executor:Executing jobs using 'parallel' executor
[0.319s] DEBUG:colcon.colcon_parallel_executor.executor.parallel:run_until_complete
[0.319s] INFO:colcon.colcon_ros.task.ament_python.build:Building ROS package in '/home/sguajardo/UBB-ROS-2025/lab3_urdf_rviz_gazebo' with build type 'ament_python'
[0.319s] Level 1:colcon.colcon_core.shell:create_environment_hook('lab3_urdf_rviz_gazebo', 'ament_prefix_path')
[0.327s] INFO:colcon.colcon_core.plugin_system:Skipping extension 'colcon_core.shell.bat': Not used on non-Windows systems
[0.327s] INFO:colcon.colcon_core.shell:Creating environment hook '/home/sguajardo/UBB-ROS-2025/lab3_urdf_rviz_gazebo/install/lab3_urdf_rviz_gazebo/share/lab3_urdf_rviz_gazebo/hook/ament_prefix_path.ps1'
[0.329s] INFO:colcon.colcon_core.shell:Creating environment descriptor '/home/sguajardo/UBB-ROS-2025/lab3_urdf_rviz_gazebo/install/lab3_urdf_rviz_gazebo/share/lab3_urdf_rviz_gazebo/hook/ament_prefix_path.dsv'
[0.329s] INFO:colcon.colcon_core.shell:Creating environment hook '/home/sguajardo/UBB-ROS-2025/lab3_urdf_rviz_gazebo/install/lab3_urdf_rviz_gazebo/share/lab3_urdf_rviz_gazebo/hook/ament_prefix_path.sh'
[0.330s] INFO:colcon.colcon_core.shell:Skip shell extension 'powershell' for command environment: Not usable outside of PowerShell
[0.330s] DEBUG:colcon.colcon_core.shell:Skip shell extension 'dsv' for command environment
[0.564s] INFO:colcon.colcon_core.task.python.build:Building Python package in '/home/sguajardo/UBB-ROS-2025/lab3_urdf_rviz_gazebo'
[0.564s] INFO:colcon.colcon_core.shell:Skip shell extension 'powershell' for command environment: Not usable outside of PowerShell
[0.564s] DEBUG:colcon.colcon_core.shell:Skip shell extension 'dsv' for command environment
[1.520s] DEBUG:colcon.colcon_core.event_handler.log_command:Invoking command in '/home/sguajardo/UBB-ROS-2025/lab3_urdf_rviz_gazebo': DEBUGINFOD_URLS=https://debuginfod.ubuntu.com PYTHONPATH=/home/sguajardo/UBB-ROS-2025/lab3_urdf_rviz_gazebo/build/lab3_urdf_rviz_gazebo/prefix_override:/usr/lib/python3/dist-packages/colcon_core/task/python/colcon_distutils_commands:/home/sguajardo/UBB-ROS-2025/lab3_urdf_rviz_gazebo/install/lab3_urdf_rviz_gazebo/lib/python3.12/site-packages:${PYTHONPATH} /usr/bin/python3 -W ignore:setup.py install is deprecated -W ignore:easy_install command is deprecated setup.py egg_info --egg-base build/lab3_urdf_rviz_gazebo build --build-base /home/sguajardo/UBB-ROS-2025/lab3_urdf_rviz_gazebo/build/lab3_urdf_rviz_gazebo/build install --record /home/sguajardo/UBB-ROS-2025/lab3_urdf_rviz_gazebo/build/lab3_urdf_rviz_gazebo/install.log --single-version-externally-managed install_data
[2.120s] DEBUG:colcon.colcon_core.event_handler.log_command:Invoked command in '/home/sguajardo/UBB-ROS-2025/lab3_urdf_rviz_gazebo' returned '0': DEBUGINFOD_URLS=https://debuginfod.ubuntu.com PYTHONPATH=/home/sguajardo/UBB-ROS-2025/lab3_urdf_rviz_gazebo/build/lab3_urdf_rviz_gazebo/prefix_override:/usr/lib/python3/dist-packages/colcon_core/task/python/colcon_distutils_commands:/home/sguajardo/UBB-ROS-2025/lab3_urdf_rviz_gazebo/install/lab3_urdf_rviz_gazebo/lib/python3.12/site-packages:${PYTHONPATH} /usr/bin/python3 -W ignore:setup.py install is deprecated -W ignore:easy_install command is deprecated setup.py egg_info --egg-base build/lab3_urdf_rviz_gazebo build --build-base /home/sguajardo/UBB-ROS-2025/lab3_urdf_rviz_gazebo/build/lab3_urdf_rviz_gazebo/build install --record /home/sguajardo/UBB-ROS-2025/lab3_urdf_rviz_gazebo/build/lab3_urdf_rviz_gazebo/install.log --single-version-externally-managed install_data
[2.126s] Level 1:colcon.colcon_core.environment:checking '/home/sguajardo/UBB-ROS-2025/lab3_urdf_rviz_gazebo/install/lab3_urdf_rviz_gazebo' for CMake module files
[2.126s] Level 1:colcon.colcon_core.environment:checking '/home/sguajardo/UBB-ROS-2025/lab3_urdf_rviz_gazebo/install/lab3_urdf_rviz_gazebo' for CMake config files
[2.127s] Level 1:colcon.colcon_core.environment:checking '/home/sguajardo/UBB-ROS-2025/lab3_urdf_rviz_gazebo/install/lab3_urdf_rviz_gazebo/lib'
[2.127s] Level 1:colcon.colcon_core.environment:checking '/home/sguajardo/UBB-ROS-2025/lab3_urdf_rviz_gazebo/install/lab3_urdf_rviz_gazebo/bin'
[2.127s] Level 1:colcon.colcon_core.environment:checking '/home/sguajardo/UBB-ROS-2025/lab3_urdf_rviz_gazebo/install/lab3_urdf_rviz_gazebo/lib/pkgconfig/lab3_urdf_rviz_gazebo.pc'
[2.128s] Level 1:colcon.colcon_core.environment:checking '/home/sguajardo/UBB-ROS-2025/lab3_urdf_rviz_gazebo/install/lab3_urdf_rviz_gazebo/lib/python3.12/site-packages'
[2.128s] Level 1:colcon.colcon_core.shell:create_environment_hook('lab3_urdf_rviz_gazebo', 'pythonpath')
[2.128s] INFO:colcon.colcon_core.shell:Creating environment hook '/home/sguajardo/UBB-ROS-2025/lab3_urdf_rviz_gazebo/install/lab3_urdf_rviz_gazebo/share/lab3_urdf_rviz_gazebo/hook/pythonpath.ps1'
[2.128s] INFO:colcon.colcon_core.shell:Creating environment descriptor '/home/sguajardo/UBB-ROS-2025/lab3_urdf_rviz_gazebo/install/lab3_urdf_rviz_gazebo/share/lab3_urdf_rviz_gazebo/hook/pythonpath.dsv'
[2.129s] INFO:colcon.colcon_core.shell:Creating environment hook '/home/sguajardo/UBB-ROS-2025/lab3_urdf_rviz_gazebo/install/lab3_urdf_rviz_gazebo/share/lab3_urdf_rviz_gazebo/hook/pythonpath.sh'
[2.129s] Level 1:colcon.colcon_core.environment:checking '/home/sguajardo/UBB-ROS-2025/lab3_urdf_rviz_gazebo/install/lab3_urdf_rviz_gazebo/bin'
[2.129s] Level 1:colcon.colcon_core.environment:create_environment_scripts_only(lab3_urdf_rviz_gazebo)
[2.129s] INFO:colcon.colcon_core.shell:Creating package script '/home/sguajardo/UBB-ROS-2025/lab3_urdf_rviz_gazebo/install/lab3_urdf_rviz_gazebo/share/lab3_urdf_rviz_gazebo/package.ps1'
[2.130s] INFO:colcon.colcon_core.shell:Creating package descriptor '/home/sguajardo/UBB-ROS-2025/lab3_urdf_rviz_gazebo/install/lab3_urdf_rviz_gazebo/share/lab3_urdf_rviz_gazebo/package.dsv'
[2.131s] INFO:colcon.colcon_core.shell:Creating package script '/home/sguajardo/UBB-ROS-2025/lab3_urdf_rviz_gazebo/install/lab3_urdf_rviz_gazebo/share/lab3_urdf_rviz_gazebo/package.sh'
[2.132s] INFO:colcon.colcon_core.shell:Creating package script '/home/sguajardo/UBB-ROS-2025/lab3_urdf_rviz_gazebo/install/lab3_urdf_rviz_gazebo/share/lab3_urdf_rviz_gazebo/package.bash'
[2.133s] INFO:colcon.colcon_core.shell:Creating package script '/home/sguajardo/UBB-ROS-2025/lab3_urdf_rviz_gazebo/install/lab3_urdf_rviz_gazebo/share/lab3_urdf_rviz_gazebo/package.zsh'
[2.135s] Level 1:colcon.colcon_core.environment:create_file_with_runtime_dependencies(/home/sguajardo/UBB-ROS-2025/lab3_urdf_rviz_gazebo/install/lab3_urdf_rviz_gazebo/share/colcon-core/packages/lab3_urdf_rviz_gazebo)
[2.135s] DEBUG:colcon.colcon_parallel_executor.executor.parallel:closing loop
[2.135s] DEBUG:colcon.colcon_parallel_executor.executor.parallel:loop closed
[2.136s] DEBUG:colcon.colcon_parallel_executor.executor.parallel:run_until_complete finished with '0'
[2.136s] DEBUG:colcon.colcon_core.event_reactor:joining thread
[2.204s] INFO:colcon.colcon_core.plugin_system:Skipping extension 'colcon_notification.desktop_notification.notify_send': Could not find 'notify-send'
[2.204s] INFO:colcon.colcon_core.plugin_system:Skipping extension 'colcon_notification.desktop_notification.terminal_notifier': Not used on non-Darwin systems
[2.204s] INFO:colcon.colcon_core.plugin_system:Skipping extension 'colcon_notification.desktop_notification.win32': Not used on non-Windows systems
[2.204s] INFO:colcon.colcon_notification.desktop_notification:Sending desktop notification using 'notify2'
[2.246s] DEBUG:colcon.colcon_notification.desktop_notification.notify2:Failed to initialize notify2: org.freedesktop.DBus.Error.ServiceUnknown: The name org.freedesktop.Notifications was not provided by any .service files
[2.246s] DEBUG:colcon.colcon_core.event_reactor:joined thread
[2.246s] INFO:colcon.colcon_core.shell:Creating prefix script '/home/sguajardo/UBB-ROS-2025/lab3_urdf_rviz_gazebo/install/local_setup.ps1'
[2.247s] INFO:colcon.colcon_core.shell:Creating prefix util module '/home/sguajardo/UBB-ROS-2025/lab3_urdf_rviz_gazebo/install/_local_setup_util_ps1.py'
[2.248s] INFO:colcon.colcon_core.shell:Creating prefix chain script '/home/sguajardo/UBB-ROS-2025/lab3_urdf_rviz_gazebo/install/setup.ps1'
[2.249s] INFO:colcon.colcon_core.shell:Creating prefix script '/home/sguajardo/UBB-ROS-2025/lab3_urdf_rviz_gazebo/install/local_setup.sh'
[2.250s] INFO:colcon.colcon_core.shell:Creating prefix util module '/home/sguajardo/UBB-ROS-2025/lab3_urdf_rviz_gazebo/install/_local_setup_util_sh.py'
[2.250s] INFO:colcon.colcon_core.shell:Creating prefix chain script '/home/sguajardo/UBB-ROS-2025/lab3_urdf_rviz_gazebo/install/setup.sh'
[2.251s] INFO:colcon.colcon_core.shell:Creating prefix script '/home/sguajardo/UBB-ROS-2025/lab3_urdf_rviz_gazebo/install/local_setup.bash'
[2.252s] INFO:colcon.colcon_core.shell:Creating prefix chain script '/home/sguajardo/UBB-ROS-2025/lab3_urdf_rviz_gazebo/install/setup.bash'
[2.253s] INFO:colcon.colcon_core.shell:Creating prefix script '/home/sguajardo/UBB-ROS-2025/lab3_urdf_rviz_gazebo/install/local_setup.zsh'
[2.253s] INFO:colcon.colcon_core.shell:Creating prefix chain script '/home/sguajardo/UBB-ROS-2025/lab3_urdf_rviz_gazebo/install/setup.zsh'
