[0.598s] Invoking command in '/home/sguajardo/UBB-ROS-2025/lab2_servicios': DEBUGINFOD_URLS=https://debuginfod.ubuntu.com PYTHONPATH=/home/sguajardo/UBB-ROS-2025/lab2_servicios/build/lab2_servicios/prefix_override:/usr/lib/python3/dist-packages/colcon_core/task/python/colcon_distutils_commands:/home/sguajardo/UBB-ROS-2025/lab2_servicios/install/lab2_servicios/lib/python3.12/site-packages:${PYTHONPATH} /usr/bin/python3 -W ignore:setup.py install is deprecated -W ignore:easy_install command is deprecated setup.py egg_info --egg-base build/lab2_servicios build --build-base /home/sguajardo/UBB-ROS-2025/lab2_servicios/build/lab2_servicios/build install --record /home/sguajardo/UBB-ROS-2025/lab2_servicios/build/lab2_servicios/install.log --single-version-externally-managed install_data
[0.788s] running egg_info
[0.802s] writing build/lab2_servicios/lab2_servicios.egg-info/PKG-INFO
[0.803s] writing dependency_links to build/lab2_servicios/lab2_servicios.egg-info/dependency_links.txt
[0.804s] writing entry points to build/lab2_servicios/lab2_servicios.egg-info/entry_points.txt
[0.804s] writing requirements to build/lab2_servicios/lab2_servicios.egg-info/requires.txt
[0.804s] writing top-level names to build/lab2_servicios/lab2_servicios.egg-info/top_level.txt
[0.833s] reading manifest file 'build/lab2_servicios/lab2_servicios.egg-info/SOURCES.txt'
[0.833s] writing manifest file 'build/lab2_servicios/lab2_servicios.egg-info/SOURCES.txt'
[0.833s] running build
[0.833s] running build_py
[0.833s] copying lab2_servicios/cliente_simple.py -> /home/sguajardo/UBB-ROS-2025/lab2_servicios/build/lab2_servicios/build/lib/lab2_servicios
[0.834s] running install
[0.838s] running install_lib
[0.853s] copying /home/sguajardo/UBB-ROS-2025/lab2_servicios/build/lab2_servicios/build/lib/lab2_servicios/cliente_simple.py -> /home/sguajardo/UBB-ROS-2025/lab2_servicios/install/lab2_servicios/lib/python3.12/site-packages/lab2_servicios
[0.853s] byte-compiling /home/sguajardo/UBB-ROS-2025/lab2_servicios/install/lab2_servicios/lib/python3.12/site-packages/lab2_servicios/cliente_simple.py to cliente_simple.cpython-312.pyc
[0.854s] running install_data
[0.854s] running install_egg_info
[0.869s] removing '/home/sguajardo/UBB-ROS-2025/lab2_servicios/install/lab2_servicios/lib/python3.12/site-packages/lab2_servicios-0.0.0-py3.12.egg-info' (and everything under it)
[0.869s] Copying build/lab2_servicios/lab2_servicios.egg-info to /home/sguajardo/UBB-ROS-2025/lab2_servicios/install/lab2_servicios/lib/python3.12/site-packages/lab2_servicios-0.0.0-py3.12.egg-info
[0.870s] running install_scripts
[0.983s] Installing cliente_simple script to /home/sguajardo/UBB-ROS-2025/lab2_servicios/install/lab2_servicios/lib/lab2_servicios
[0.983s] Installing servicio_simple script to /home/sguajardo/UBB-ROS-2025/lab2_servicios/install/lab2_servicios/lib/lab2_servicios
[0.984s] writing list of installed files to '/home/sguajardo/UBB-ROS-2025/lab2_servicios/build/lab2_servicios/install.log'
[1.003s] Invoked command in '/home/sguajardo/UBB-ROS-2025/lab2_servicios' returned '0': DEBUGINFOD_URLS=https://debuginfod.ubuntu.com PYTHONPATH=/home/sguajardo/UBB-ROS-2025/lab2_servicios/build/lab2_servicios/prefix_override:/usr/lib/python3/dist-packages/colcon_core/task/python/colcon_distutils_commands:/home/sguajardo/UBB-ROS-2025/lab2_servicios/install/lab2_servicios/lib/python3.12/site-packages:${PYTHONPATH} /usr/bin/python3 -W ignore:setup.py install is deprecated -W ignore:easy_install command is deprecated setup.py egg_info --egg-base build/lab2_servicios build --build-base /home/sguajardo/UBB-ROS-2025/lab2_servicios/build/lab2_servicios/build install --record /home/sguajardo/UBB-ROS-2025/lab2_servicios/build/lab2_servicios/install.log --single-version-externally-managed install_data
