[0.700s] DEBUG:colcon:Command line arguments: ['/usr/bin/colcon', 'build']
[0.700s] DEBUG:colcon:Parsed command line arguments: Namespace(log_base=None, log_level=None, verb_name='build', build_base='build', install_base='install', merge_install=False, symlink_install=False, test_result_base=None, continue_on_error=False, executor='parallel', parallel_workers=4, event_handlers=None, ignore_user_meta=False, metas=['./colcon.meta'], base_paths=['.'], packages_ignore=None, packages_ignore_regex=None, paths=None, packages_up_to=None, packages_up_to_regex=None, packages_above=None, packages_above_and_dependencies=None, packages_above_depth=None, packages_select_by_dep=None, packages_skip_by_dep=None, packages_skip_up_to=None, packages_select_build_failed=False, packages_skip_build_finished=False, packages_select_test_failures=False, packages_skip_test_passed=False, packages_select=None, packages_skip=None, packages_select_regex=None, packages_skip_regex=None, packages_start=None, packages_end=None, allow_overriding=[], cmake_args=None, cmake_target=None, cmake_target_skip_unavailable=False, cmake_clean_cache=False, cmake_clean_first=False, cmake_force_configure=False, ament_cmake_args=None, catkin_cmake_args=None, catkin_skip_building_tests=False, mixin_files=None, mixin=None, verb_parser=<colcon_mixin.mixin.mixin_argument.MixinArgumentDecorator object at 0x7f25b0b2bcb0>, verb_extension=<colcon_core.verb.build.BuildVerb object at 0x7f25b0b2b920>, main=<bound method BuildVerb.main of <colcon_core.verb.build.BuildVerb object at 0x7f25b0b2b920>>, mixin_verb=('build',))
[0.804s] Level 1:colcon.colcon_core.package_discovery:discover_packages(colcon_meta) check parameters
[0.804s] Level 1:colcon.colcon_core.package_discovery:discover_packages(recursive) check parameters
[0.804s] Level 1:colcon.colcon_core.package_discovery:discover_packages(ignore) check parameters
[0.804s] Level 1:colcon.colcon_core.package_discovery:discover_packages(path) check parameters
[0.804s] Level 1:colcon.colcon_core.package_discovery:discover_packages(colcon_meta) discover
[0.804s] Level 1:colcon.colcon_core.package_discovery:discover_packages(recursive) discover
[0.804s] INFO:colcon.colcon_core.package_discovery:Crawling recursively for packages in '/home/sguajardo/UBB-ROS-2025/lab2_servicios'
[0.804s] Level 1:colcon.colcon_core.package_identification:_identify(.) by extensions ['ignore', 'ignore_ament_install']
[0.804s] Level 1:colcon.colcon_core.package_identification:_identify(.) by extension 'ignore'
[0.804s] Level 1:colcon.colcon_core.package_identification:_identify(.) by extension 'ignore_ament_install'
[0.804s] Level 1:colcon.colcon_core.package_identification:_identify(.) by extensions ['colcon_pkg']
[0.804s] Level 1:colcon.colcon_core.package_identification:_identify(.) by extension 'colcon_pkg'
[0.804s] Level 1:colcon.colcon_core.package_identification:_identify(.) by extensions ['colcon_meta']
[0.804s] Level 1:colcon.colcon_core.package_identification:_identify(.) by extension 'colcon_meta'
[0.804s] Level 1:colcon.colcon_core.package_identification:_identify(.) by extensions ['ros']
[0.804s] Level 1:colcon.colcon_core.package_identification:_identify(.) by extension 'ros'
[0.843s] DEBUG:colcon.colcon_core.package_identification:Package '.' with type 'ros.ament_python' and name 'lab2_servicios'
[0.843s] Level 1:colcon.colcon_core.package_discovery:discover_packages(recursive) using defaults
[0.843s] Level 1:colcon.colcon_core.package_discovery:discover_packages(ignore) discover
[0.843s] Level 1:colcon.colcon_core.package_discovery:discover_packages(ignore) using defaults
[0.843s] Level 1:colcon.colcon_core.package_discovery:discover_packages(path) discover
[0.843s] Level 1:colcon.colcon_core.package_discovery:discover_packages(path) using defaults
[0.881s] Level 1:colcon.colcon_core.package_discovery:discover_packages(prefix_path) check parameters
[0.881s] Level 1:colcon.colcon_core.package_discovery:discover_packages(prefix_path) discover
[0.885s] WARNING:colcon.colcon_core.prefix_path.colcon:The path '/home/sguajardo/Curso_ROS2_2025/lab1_nodos_topicos_mensajes/install' in the environment variable COLCON_PREFIX_PATH doesn't exist
[0.886s] WARNING:colcon.colcon_ros.prefix_path.ament:The path '/home/sguajardo/Curso_ROS2_2025/lab1_nodos_topicos_mensajes/install/lab1_nodos_topicos_mensajes' in the environment variable AMENT_PREFIX_PATH doesn't exist
[0.939s] DEBUG:colcon.colcon_installed_package_information.package_discovery:Found 1 installed packages in /home/sguajardo/UBB-ROS-2025/lab2_servicios/install
[0.940s] DEBUG:colcon.colcon_installed_package_information.package_discovery:Found 1 installed packages in /home/sguajardo/UBB-ROS-2025/lab1_nodos_topicos_mensajes/install
[0.942s] DEBUG:colcon.colcon_installed_package_information.package_discovery:Found 70 installed packages in /home/sguajardo/ws_moveit/install
[0.943s] DEBUG:colcon.colcon_installed_package_information.package_discovery:Found 334 installed packages in /opt/ros/rolling
[0.945s] Level 1:colcon.colcon_core.package_discovery:discover_packages(prefix_path) using defaults
[1.211s] Level 5:colcon.colcon_core.verb:set package 'lab2_servicios' build argument 'cmake_args' from command line to 'None'
[1.211s] Level 5:colcon.colcon_core.verb:set package 'lab2_servicios' build argument 'cmake_target' from command line to 'None'
[1.211s] Level 5:colcon.colcon_core.verb:set package 'lab2_servicios' build argument 'cmake_target_skip_unavailable' from command line to 'False'
[1.211s] Level 5:colcon.colcon_core.verb:set package 'lab2_servicios' build argument 'cmake_clean_cache' from command line to 'False'
[1.211s] Level 5:colcon.colcon_core.verb:set package 'lab2_servicios' build argument 'cmake_clean_first' from command line to 'False'
[1.211s] Level 5:colcon.colcon_core.verb:set package 'lab2_servicios' build argument 'cmake_force_configure' from command line to 'False'
[1.211s] Level 5:colcon.colcon_core.verb:set package 'lab2_servicios' build argument 'ament_cmake_args' from command line to 'None'
[1.211s] Level 5:colcon.colcon_core.verb:set package 'lab2_servicios' build argument 'catkin_cmake_args' from command line to 'None'
[1.211s] Level 5:colcon.colcon_core.verb:set package 'lab2_servicios' build argument 'catkin_skip_building_tests' from command line to 'False'
[1.211s] DEBUG:colcon.colcon_core.verb:Building package 'lab2_servicios' with the following arguments: {'ament_cmake_args': None, 'build_base': '/home/sguajardo/UBB-ROS-2025/lab2_servicios/build/lab2_servicios', 'catkin_cmake_args': None, 'catkin_skip_building_tests': False, 'cmake_args': None, 'cmake_clean_cache': False, 'cmake_clean_first': False, 'cmake_force_configure': False, 'cmake_target': None, 'cmake_target_skip_unavailable': False, 'install_base': '/home/sguajardo/UBB-ROS-2025/lab2_servicios/install/lab2_servicios', 'merge_install': False, 'path': '/home/sguajardo/UBB-ROS-2025/lab2_servicios', 'symlink_install': False, 'test_result_base': None}
[1.211s] INFO:colcon.colcon_core.executor:Executing jobs using 'parallel' executor
[1.211s] DEBUG:colcon.colcon_parallel_executor.executor.parallel:run_until_complete
[1.212s] INFO:colcon.colcon_ros.task.ament_python.build:Building ROS package in '/home/sguajardo/UBB-ROS-2025/lab2_servicios' with build type 'ament_python'
[1.212s] Level 1:colcon.colcon_core.shell:create_environment_hook('lab2_servicios', 'ament_prefix_path')
[1.220s] INFO:colcon.colcon_core.plugin_system:Skipping extension 'colcon_core.shell.bat': Not used on non-Windows systems
[1.220s] INFO:colcon.colcon_core.shell:Creating environment hook '/home/sguajardo/UBB-ROS-2025/lab2_servicios/install/lab2_servicios/share/lab2_servicios/hook/ament_prefix_path.ps1'
[1.221s] INFO:colcon.colcon_core.shell:Creating environment descriptor '/home/sguajardo/UBB-ROS-2025/lab2_servicios/install/lab2_servicios/share/lab2_servicios/hook/ament_prefix_path.dsv'
[1.222s] INFO:colcon.colcon_core.shell:Creating environment hook '/home/sguajardo/UBB-ROS-2025/lab2_servicios/install/lab2_servicios/share/lab2_servicios/hook/ament_prefix_path.sh'
[1.223s] INFO:colcon.colcon_core.shell:Skip shell extension 'powershell' for command environment: Not usable outside of PowerShell
[1.223s] DEBUG:colcon.colcon_core.shell:Skip shell extension 'dsv' for command environment
[1.393s] INFO:colcon.colcon_core.task.python.build:Building Python package in '/home/sguajardo/UBB-ROS-2025/lab2_servicios'
[1.394s] INFO:colcon.colcon_core.shell:Skip shell extension 'powershell' for command environment: Not usable outside of PowerShell
[1.394s] DEBUG:colcon.colcon_core.shell:Skip shell extension 'dsv' for command environment
[2.188s] DEBUG:colcon.colcon_core.event_handler.log_command:Invoking command in '/home/sguajardo/UBB-ROS-2025/lab2_servicios': DEBUGINFOD_URLS=https://debuginfod.ubuntu.com PYTHONPATH=/home/sguajardo/UBB-ROS-2025/lab2_servicios/build/lab2_servicios/prefix_override:/usr/lib/python3/dist-packages/colcon_core/task/python/colcon_distutils_commands:/home/sguajardo/UBB-ROS-2025/lab2_servicios/install/lab2_servicios/lib/python3.12/site-packages:${PYTHONPATH} /usr/bin/python3 -W ignore:setup.py install is deprecated -W ignore:easy_install command is deprecated setup.py egg_info --egg-base build/lab2_servicios build --build-base /home/sguajardo/UBB-ROS-2025/lab2_servicios/build/lab2_servicios/build install --record /home/sguajardo/UBB-ROS-2025/lab2_servicios/build/lab2_servicios/install.log --single-version-externally-managed install_data
[2.576s] DEBUG:colcon.colcon_core.event_handler.log_command:Invoked command in '/home/sguajardo/UBB-ROS-2025/lab2_servicios' returned '0': DEBUGINFOD_URLS=https://debuginfod.ubuntu.com PYTHONPATH=/home/sguajardo/UBB-ROS-2025/lab2_servicios/build/lab2_servicios/prefix_override:/usr/lib/python3/dist-packages/colcon_core/task/python/colcon_distutils_commands:/home/sguajardo/UBB-ROS-2025/lab2_servicios/install/lab2_servicios/lib/python3.12/site-packages:${PYTHONPATH} /usr/bin/python3 -W ignore:setup.py install is deprecated -W ignore:easy_install command is deprecated setup.py egg_info --egg-base build/lab2_servicios build --build-base /home/sguajardo/UBB-ROS-2025/lab2_servicios/build/lab2_servicios/build install --record /home/sguajardo/UBB-ROS-2025/lab2_servicios/build/lab2_servicios/install.log --single-version-externally-managed install_data
[2.582s] Level 1:colcon.colcon_core.environment:checking '/home/sguajardo/UBB-ROS-2025/lab2_servicios/install/lab2_servicios' for CMake module files
[2.582s] Level 1:colcon.colcon_core.environment:checking '/home/sguajardo/UBB-ROS-2025/lab2_servicios/install/lab2_servicios' for CMake config files
[2.584s] Level 1:colcon.colcon_core.environment:checking '/home/sguajardo/UBB-ROS-2025/lab2_servicios/install/lab2_servicios/lib'
[2.584s] Level 1:colcon.colcon_core.environment:checking '/home/sguajardo/UBB-ROS-2025/lab2_servicios/install/lab2_servicios/bin'
[2.584s] Level 1:colcon.colcon_core.environment:checking '/home/sguajardo/UBB-ROS-2025/lab2_servicios/install/lab2_servicios/lib/pkgconfig/lab2_servicios.pc'
[2.584s] Level 1:colcon.colcon_core.environment:checking '/home/sguajardo/UBB-ROS-2025/lab2_servicios/install/lab2_servicios/lib/python3.12/site-packages'
[2.584s] Level 1:colcon.colcon_core.shell:create_environment_hook('lab2_servicios', 'pythonpath')
[2.584s] INFO:colcon.colcon_core.shell:Creating environment hook '/home/sguajardo/UBB-ROS-2025/lab2_servicios/install/lab2_servicios/share/lab2_servicios/hook/pythonpath.ps1'
[2.585s] INFO:colcon.colcon_core.shell:Creating environment descriptor '/home/sguajardo/UBB-ROS-2025/lab2_servicios/install/lab2_servicios/share/lab2_servicios/hook/pythonpath.dsv'
[2.585s] INFO:colcon.colcon_core.shell:Creating environment hook '/home/sguajardo/UBB-ROS-2025/lab2_servicios/install/lab2_servicios/share/lab2_servicios/hook/pythonpath.sh'
[2.585s] Level 1:colcon.colcon_core.environment:checking '/home/sguajardo/UBB-ROS-2025/lab2_servicios/install/lab2_servicios/bin'
[2.585s] Level 1:colcon.colcon_core.environment:create_environment_scripts_only(lab2_servicios)
[2.585s] INFO:colcon.colcon_core.shell:Creating package script '/home/sguajardo/UBB-ROS-2025/lab2_servicios/install/lab2_servicios/share/lab2_servicios/package.ps1'
[2.586s] INFO:colcon.colcon_core.shell:Creating package descriptor '/home/sguajardo/UBB-ROS-2025/lab2_servicios/install/lab2_servicios/share/lab2_servicios/package.dsv'
[2.587s] INFO:colcon.colcon_core.shell:Creating package script '/home/sguajardo/UBB-ROS-2025/lab2_servicios/install/lab2_servicios/share/lab2_servicios/package.sh'
[2.587s] INFO:colcon.colcon_core.shell:Creating package script '/home/sguajardo/UBB-ROS-2025/lab2_servicios/install/lab2_servicios/share/lab2_servicios/package.bash'
[2.588s] INFO:colcon.colcon_core.shell:Creating package script '/home/sguajardo/UBB-ROS-2025/lab2_servicios/install/lab2_servicios/share/lab2_servicios/package.zsh'
[2.588s] Level 1:colcon.colcon_core.environment:create_file_with_runtime_dependencies(/home/sguajardo/UBB-ROS-2025/lab2_servicios/install/lab2_servicios/share/colcon-core/packages/lab2_servicios)
[2.589s] DEBUG:colcon.colcon_parallel_executor.executor.parallel:closing loop
[2.589s] DEBUG:colcon.colcon_parallel_executor.executor.parallel:loop closed
[2.589s] DEBUG:colcon.colcon_parallel_executor.executor.parallel:run_until_complete finished with '0'
[2.589s] DEBUG:colcon.colcon_core.event_reactor:joining thread
[2.644s] INFO:colcon.colcon_core.plugin_system:Skipping extension 'colcon_notification.desktop_notification.notify_send': Could not find 'notify-send'
[2.644s] INFO:colcon.colcon_core.plugin_system:Skipping extension 'colcon_notification.desktop_notification.terminal_notifier': Not used on non-Darwin systems
[2.644s] INFO:colcon.colcon_core.plugin_system:Skipping extension 'colcon_notification.desktop_notification.win32': Not used on non-Windows systems
[2.644s] INFO:colcon.colcon_notification.desktop_notification:Sending desktop notification using 'notify2'
[2.646s] DEBUG:colcon.colcon_notification.desktop_notification.notify2:Failed to initialize notify2: org.freedesktop.DBus.Error.ServiceUnknown: The name org.freedesktop.Notifications was not provided by any .service files
[2.646s] DEBUG:colcon.colcon_core.event_reactor:joined thread
[2.646s] INFO:colcon.colcon_core.shell:Creating prefix script '/home/sguajardo/UBB-ROS-2025/lab2_servicios/install/local_setup.ps1'
[2.647s] INFO:colcon.colcon_core.shell:Creating prefix util module '/home/sguajardo/UBB-ROS-2025/lab2_servicios/install/_local_setup_util_ps1.py'
[2.648s] INFO:colcon.colcon_core.shell:Creating prefix chain script '/home/sguajardo/UBB-ROS-2025/lab2_servicios/install/setup.ps1'
[2.650s] INFO:colcon.colcon_core.shell:Creating prefix script '/home/sguajardo/UBB-ROS-2025/lab2_servicios/install/local_setup.sh'
[2.650s] INFO:colcon.colcon_core.shell:Creating prefix util module '/home/sguajardo/UBB-ROS-2025/lab2_servicios/install/_local_setup_util_sh.py'
[2.651s] INFO:colcon.colcon_core.shell:Creating prefix chain script '/home/sguajardo/UBB-ROS-2025/lab2_servicios/install/setup.sh'
[2.652s] INFO:colcon.colcon_core.shell:Creating prefix script '/home/sguajardo/UBB-ROS-2025/lab2_servicios/install/local_setup.bash'
[2.653s] INFO:colcon.colcon_core.shell:Creating prefix chain script '/home/sguajardo/UBB-ROS-2025/lab2_servicios/install/setup.bash'
[2.654s] INFO:colcon.colcon_core.shell:Creating prefix script '/home/sguajardo/UBB-ROS-2025/lab2_servicios/install/local_setup.zsh'
[2.655s] INFO:colcon.colcon_core.shell:Creating prefix chain script '/home/sguajardo/UBB-ROS-2025/lab2_servicios/install/setup.zsh'
