[1.037s] Invoking command in '/home/sguajardo/UBB-ROS-2025/lab4_gazebo': DEBUGINFOD_URLS=https://debuginfod.ubuntu.com PYTHONPATH=/home/sguajardo/UBB-ROS-2025/lab4_gazebo/build/lab4_gazebo/prefix_override:/usr/lib/python3/dist-packages/colcon_core/task/python/colcon_distutils_commands:/home/sguajardo/UBB-ROS-2025/lab4_gazebo/install/lab4_gazebo/lib/python3.12/site-packages:${PYTHONPATH} /usr/bin/python3 -W ignore:setup.py install is deprecated -W ignore:easy_install command is deprecated setup.py egg_info --egg-base build/lab4_gazebo build --build-base /home/sguajardo/UBB-ROS-2025/lab4_gazebo/build/lab4_gazebo/build install --record /home/sguajardo/UBB-ROS-2025/lab4_gazebo/build/lab4_gazebo/install.log --single-version-externally-managed install_data
[1.268s] running egg_info
[1.269s] creating build/lab4_gazebo/lab4_gazebo.egg-info
[1.287s] writing build/lab4_gazebo/lab4_gazebo.egg-info/PKG-INFO
[1.287s] writing dependency_links to build/lab4_gazebo/lab4_gazebo.egg-info/dependency_links.txt
[1.288s] writing requirements to build/lab4_gazebo/lab4_gazebo.egg-info/requires.txt
[1.288s] writing top-level names to build/lab4_gazebo/lab4_gazebo.egg-info/top_level.txt
[1.288s] writing manifest file 'build/lab4_gazebo/lab4_gazebo.egg-info/SOURCES.txt'
[1.323s] reading manifest file 'build/lab4_gazebo/lab4_gazebo.egg-info/SOURCES.txt'
[1.323s] adding license file 'LICENSE'
[1.324s] writing manifest file 'build/lab4_gazebo/lab4_gazebo.egg-info/SOURCES.txt'
[1.324s] running build
[1.324s] running build_py
[1.324s] creating /home/sguajardo/UBB-ROS-2025/lab4_gazebo/build/lab4_gazebo/build
[1.324s] creating /home/sguajardo/UBB-ROS-2025/lab4_gazebo/build/lab4_gazebo/build/lib
[1.324s] creating /home/sguajardo/UBB-ROS-2025/lab4_gazebo/build/lab4_gazebo/build/lib/lab4_gazebo
[1.325s] copying lab4_gazebo/__init__.py -> /home/sguajardo/UBB-ROS-2025/lab4_gazebo/build/lab4_gazebo/build/lib/lab4_gazebo
[1.325s] running install
[1.330s] running install_lib
[1.347s] creating /home/sguajardo/UBB-ROS-2025/lab4_gazebo/install/lab4_gazebo/lib/python3.12/site-packages/lab4_gazebo
[1.348s] copying /home/sguajardo/UBB-ROS-2025/lab4_gazebo/build/lab4_gazebo/build/lib/lab4_gazebo/__init__.py -> /home/sguajardo/UBB-ROS-2025/lab4_gazebo/install/lab4_gazebo/lib/python3.12/site-packages/lab4_gazebo
[1.348s] byte-compiling /home/sguajardo/UBB-ROS-2025/lab4_gazebo/install/lab4_gazebo/lib/python3.12/site-packages/lab4_gazebo/__init__.py to __init__.cpython-312.pyc
[1.348s] running install_data
[1.349s] creating /home/sguajardo/UBB-ROS-2025/lab4_gazebo/install/lab4_gazebo/share/ament_index
[1.349s] creating /home/sguajardo/UBB-ROS-2025/lab4_gazebo/install/lab4_gazebo/share/ament_index/resource_index
[1.349s] creating /home/sguajardo/UBB-ROS-2025/lab4_gazebo/install/lab4_gazebo/share/ament_index/resource_index/packages
[1.349s] copying resource/lab4_gazebo -> /home/sguajardo/UBB-ROS-2025/lab4_gazebo/install/lab4_gazebo/share/ament_index/resource_index/packages
[1.350s] copying package.xml -> /home/sguajardo/UBB-ROS-2025/lab4_gazebo/install/lab4_gazebo/share/lab4_gazebo
[1.350s] creating /home/sguajardo/UBB-ROS-2025/lab4_gazebo/install/lab4_gazebo/share/lab4_gazebo/launch
[1.350s] copying launch/gazebo_model.launch.py -> /home/sguajardo/UBB-ROS-2025/lab4_gazebo/install/lab4_gazebo/share/lab4_gazebo/launch
[1.350s] running install_egg_info
[1.366s] Copying build/lab4_gazebo/lab4_gazebo.egg-info to /home/sguajardo/UBB-ROS-2025/lab4_gazebo/install/lab4_gazebo/lib/python3.12/site-packages/lab4_gazebo-0.0.0-py3.12.egg-info
[1.367s] running install_scripts
[1.474s] writing list of installed files to '/home/sguajardo/UBB-ROS-2025/lab4_gazebo/build/lab4_gazebo/install.log'
[1.494s] Invoked command in '/home/sguajardo/UBB-ROS-2025/lab4_gazebo' returned '0': DEBUGINFOD_URLS=https://debuginfod.ubuntu.com PYTHONPATH=/home/sguajardo/UBB-ROS-2025/lab4_gazebo/build/lab4_gazebo/prefix_override:/usr/lib/python3/dist-packages/colcon_core/task/python/colcon_distutils_commands:/home/sguajardo/UBB-ROS-2025/lab4_gazebo/install/lab4_gazebo/lib/python3.12/site-packages:${PYTHONPATH} /usr/bin/python3 -W ignore:setup.py install is deprecated -W ignore:easy_install command is deprecated setup.py egg_info --egg-base build/lab4_gazebo build --build-base /home/sguajardo/UBB-ROS-2025/lab4_gazebo/build/lab4_gazebo/build install --record /home/sguajardo/UBB-ROS-2025/lab4_gazebo/build/lab4_gazebo/install.log --single-version-externally-managed install_data
