[0.560s] DEBUG:colcon:Command line arguments: ['/usr/bin/colcon', 'build', '--packages-select', 'lab2_1_intefaces_custom']
[0.560s] DEBUG:colcon:Parsed command line arguments: Namespace(log_base=None, log_level=None, verb_name='build', build_base='build', install_base='install', merge_install=False, symlink_install=False, test_result_base=None, continue_on_error=False, executor='parallel', parallel_workers=4, event_handlers=None, ignore_user_meta=False, metas=['./colcon.meta'], base_paths=['.'], packages_ignore=None, packages_ignore_regex=None, paths=None, packages_up_to=None, packages_up_to_regex=None, packages_above=None, packages_above_and_dependencies=None, packages_above_depth=None, packages_select_by_dep=None, packages_skip_by_dep=None, packages_skip_up_to=None, packages_select_build_failed=False, packages_skip_build_finished=False, packages_select_test_failures=False, packages_skip_test_passed=False, packages_select=['lab2_1_intefaces_custom'], packages_skip=None, packages_select_regex=None, packages_skip_regex=None, packages_start=None, packages_end=None, allow_overriding=[], cmake_args=None, cmake_target=None, cmake_target_skip_unavailable=False, cmake_clean_cache=False, cmake_clean_first=False, cmake_force_configure=False, ament_cmake_args=None, catkin_cmake_args=None, catkin_skip_building_tests=False, mixin_files=None, mixin=None, verb_parser=<colcon_mixin.mixin.mixin_argument.MixinArgumentDecorator object at 0x7f64908ff770>, verb_extension=<colcon_core.verb.build.BuildVerb object at 0x7f64908ff380>, main=<bound method BuildVerb.main of <colcon_core.verb.build.BuildVerb object at 0x7f64908ff380>>, mixin_verb=('build',))
[0.621s] Level 1:colcon.colcon_core.package_discovery:discover_packages(colcon_meta) check parameters
[0.621s] Level 1:colcon.colcon_core.package_discovery:discover_packages(recursive) check parameters
[0.621s] Level 1:colcon.colcon_core.package_discovery:discover_packages(ignore) check parameters
[0.621s] Level 1:colcon.colcon_core.package_discovery:discover_packages(path) check parameters
[0.621s] Level 1:colcon.colcon_core.package_discovery:discover_packages(colcon_meta) discover
[0.621s] Level 1:colcon.colcon_core.package_discovery:discover_packages(recursive) discover
[0.621s] INFO:colcon.colcon_core.package_discovery:Crawling recursively for packages in '/home/sguajardo/UBB-ROS-2025/lab2_1_intefaces_custom'
[0.621s] Level 1:colcon.colcon_core.package_identification:_identify(.) by extensions ['ignore', 'ignore_ament_install']
[0.621s] Level 1:colcon.colcon_core.package_identification:_identify(.) by extension 'ignore'
[0.621s] Level 1:colcon.colcon_core.package_identification:_identify(.) by extension 'ignore_ament_install'
[0.622s] Level 1:colcon.colcon_core.package_identification:_identify(.) by extensions ['colcon_pkg']
[0.622s] Level 1:colcon.colcon_core.package_identification:_identify(.) by extension 'colcon_pkg'
[0.622s] Level 1:colcon.colcon_core.package_identification:_identify(.) by extensions ['colcon_meta']
[0.622s] Level 1:colcon.colcon_core.package_identification:_identify(.) by extension 'colcon_meta'
[0.622s] Level 1:colcon.colcon_core.package_identification:_identify(.) by extensions ['ros']
[0.622s] Level 1:colcon.colcon_core.package_identification:_identify(.) by extension 'ros'
[0.664s] DEBUG:colcon.colcon_core.package_identification:Package '.' with type 'ros.ament_cmake' and name 'lab2_1_intefaces_custom'
[0.664s] Level 1:colcon.colcon_core.package_discovery:discover_packages(recursive) using defaults
[0.664s] Level 1:colcon.colcon_core.package_discovery:discover_packages(ignore) discover
[0.664s] Level 1:colcon.colcon_core.package_discovery:discover_packages(ignore) using defaults
[0.664s] Level 1:colcon.colcon_core.package_discovery:discover_packages(path) discover
[0.664s] Level 1:colcon.colcon_core.package_discovery:discover_packages(path) using defaults
[0.693s] Level 1:colcon.colcon_core.package_discovery:discover_packages(prefix_path) check parameters
[0.693s] Level 1:colcon.colcon_core.package_discovery:discover_packages(prefix_path) discover
[0.696s] DEBUG:colcon.colcon_installed_package_information.package_discovery:Found 1 installed packages in /home/sguajardo/UBB-ROS-2025/lab2_servicios/install
[0.699s] DEBUG:colcon.colcon_installed_package_information.package_discovery:Found 70 installed packages in /home/sguajardo/ws_moveit/install
[0.700s] DEBUG:colcon.colcon_installed_package_information.package_discovery:Found 334 installed packages in /opt/ros/rolling
[0.702s] Level 1:colcon.colcon_core.package_discovery:discover_packages(prefix_path) using defaults
[0.736s] Level 5:colcon.colcon_core.verb:set package 'lab2_1_intefaces_custom' build argument 'cmake_args' from command line to 'None'
[0.736s] Level 5:colcon.colcon_core.verb:set package 'lab2_1_intefaces_custom' build argument 'cmake_target' from command line to 'None'
[0.736s] Level 5:colcon.colcon_core.verb:set package 'lab2_1_intefaces_custom' build argument 'cmake_target_skip_unavailable' from command line to 'False'
[0.736s] Level 5:colcon.colcon_core.verb:set package 'lab2_1_intefaces_custom' build argument 'cmake_clean_cache' from command line to 'False'
[0.736s] Level 5:colcon.colcon_core.verb:set package 'lab2_1_intefaces_custom' build argument 'cmake_clean_first' from command line to 'False'
[0.736s] Level 5:colcon.colcon_core.verb:set package 'lab2_1_intefaces_custom' build argument 'cmake_force_configure' from command line to 'False'
[0.736s] Level 5:colcon.colcon_core.verb:set package 'lab2_1_intefaces_custom' build argument 'ament_cmake_args' from command line to 'None'
[0.736s] Level 5:colcon.colcon_core.verb:set package 'lab2_1_intefaces_custom' build argument 'catkin_cmake_args' from command line to 'None'
[0.737s] Level 5:colcon.colcon_core.verb:set package 'lab2_1_intefaces_custom' build argument 'catkin_skip_building_tests' from command line to 'False'
[0.737s] DEBUG:colcon.colcon_core.verb:Building package 'lab2_1_intefaces_custom' with the following arguments: {'ament_cmake_args': None, 'build_base': '/home/sguajardo/UBB-ROS-2025/lab2_1_intefaces_custom/build/lab2_1_intefaces_custom', 'catkin_cmake_args': None, 'catkin_skip_building_tests': False, 'cmake_args': None, 'cmake_clean_cache': False, 'cmake_clean_first': False, 'cmake_force_configure': False, 'cmake_target': None, 'cmake_target_skip_unavailable': False, 'install_base': '/home/sguajardo/UBB-ROS-2025/lab2_1_intefaces_custom/install/lab2_1_intefaces_custom', 'merge_install': False, 'path': '/home/sguajardo/UBB-ROS-2025/lab2_1_intefaces_custom', 'symlink_install': False, 'test_result_base': None}
[0.737s] INFO:colcon.colcon_core.executor:Executing jobs using 'parallel' executor
[0.738s] DEBUG:colcon.colcon_parallel_executor.executor.parallel:run_until_complete
[0.738s] INFO:colcon.colcon_ros.task.ament_cmake.build:Building ROS package in '/home/sguajardo/UBB-ROS-2025/lab2_1_intefaces_custom' with build type 'ament_cmake'
[0.739s] INFO:colcon.colcon_cmake.task.cmake.build:Building CMake package in '/home/sguajardo/UBB-ROS-2025/lab2_1_intefaces_custom'
[0.742s] INFO:colcon.colcon_core.plugin_system:Skipping extension 'colcon_core.shell.bat': Not used on non-Windows systems
[0.742s] INFO:colcon.colcon_core.shell:Skip shell extension 'powershell' for command environment: Not usable outside of PowerShell
[0.742s] DEBUG:colcon.colcon_core.shell:Skip shell extension 'dsv' for command environment
[0.761s] DEBUG:colcon.colcon_core.event_handler.log_command:Invoking command in '/home/sguajardo/UBB-ROS-2025/lab2_1_intefaces_custom/build/lab2_1_intefaces_custom': CMAKE_PREFIX_PATH=${CMAKE_PREFIX_PATH}:/home/sguajardo/UBB-ROS-2025/lab2_servicios/install/lab2_servicios:/home/sguajardo/ws_moveit/install/moveit_configs_utils:/opt/ros/rolling DEBUGINFOD_URLS=https://debuginfod.ubuntu.com /usr/bin/cmake /home/sguajardo/UBB-ROS-2025/lab2_1_intefaces_custom -DCMAKE_INSTALL_PREFIX=/home/sguajardo/UBB-ROS-2025/lab2_1_intefaces_custom/install/lab2_1_intefaces_custom
[2.013s] DEBUG:colcon.colcon_core.event_handler.log_command:Invoked command in '/home/sguajardo/UBB-ROS-2025/lab2_1_intefaces_custom/build/lab2_1_intefaces_custom' returned '1': CMAKE_PREFIX_PATH=${CMAKE_PREFIX_PATH}:/home/sguajardo/UBB-ROS-2025/lab2_servicios/install/lab2_servicios:/home/sguajardo/ws_moveit/install/moveit_configs_utils:/opt/ros/rolling DEBUGINFOD_URLS=https://debuginfod.ubuntu.com /usr/bin/cmake /home/sguajardo/UBB-ROS-2025/lab2_1_intefaces_custom -DCMAKE_INSTALL_PREFIX=/home/sguajardo/UBB-ROS-2025/lab2_1_intefaces_custom/install/lab2_1_intefaces_custom
[2.025s] Level 1:colcon.colcon_core.environment:create_environment_scripts_only(lab2_1_intefaces_custom)
[2.028s] Level 1:colcon.colcon_core.environment:checking '/home/sguajardo/UBB-ROS-2025/lab2_1_intefaces_custom/install/lab2_1_intefaces_custom' for CMake module files
[2.029s] Level 1:colcon.colcon_core.environment:checking '/home/sguajardo/UBB-ROS-2025/lab2_1_intefaces_custom/install/lab2_1_intefaces_custom' for CMake config files
[2.029s] Level 1:colcon.colcon_core.environment:checking '/home/sguajardo/UBB-ROS-2025/lab2_1_intefaces_custom/install/lab2_1_intefaces_custom/bin'
[2.029s] Level 1:colcon.colcon_core.environment:checking '/home/sguajardo/UBB-ROS-2025/lab2_1_intefaces_custom/install/lab2_1_intefaces_custom/lib/pkgconfig/lab2_1_intefaces_custom.pc'
[2.030s] Level 1:colcon.colcon_core.environment:checking '/home/sguajardo/UBB-ROS-2025/lab2_1_intefaces_custom/install/lab2_1_intefaces_custom/lib/python3.12/site-packages'
[2.030s] Level 1:colcon.colcon_core.environment:checking '/home/sguajardo/UBB-ROS-2025/lab2_1_intefaces_custom/install/lab2_1_intefaces_custom/bin'
[2.030s] INFO:colcon.colcon_core.shell:Creating package script '/home/sguajardo/UBB-ROS-2025/lab2_1_intefaces_custom/install/lab2_1_intefaces_custom/share/lab2_1_intefaces_custom/package.ps1'
[2.031s] INFO:colcon.colcon_core.shell:Creating package descriptor '/home/sguajardo/UBB-ROS-2025/lab2_1_intefaces_custom/install/lab2_1_intefaces_custom/share/lab2_1_intefaces_custom/package.dsv'
[2.032s] INFO:colcon.colcon_core.shell:Creating package script '/home/sguajardo/UBB-ROS-2025/lab2_1_intefaces_custom/install/lab2_1_intefaces_custom/share/lab2_1_intefaces_custom/package.sh'
[2.033s] INFO:colcon.colcon_core.shell:Creating package script '/home/sguajardo/UBB-ROS-2025/lab2_1_intefaces_custom/install/lab2_1_intefaces_custom/share/lab2_1_intefaces_custom/package.bash'
[2.033s] INFO:colcon.colcon_core.shell:Creating package script '/home/sguajardo/UBB-ROS-2025/lab2_1_intefaces_custom/install/lab2_1_intefaces_custom/share/lab2_1_intefaces_custom/package.zsh'
[2.034s] Level 1:colcon.colcon_core.environment:create_file_with_runtime_dependencies(/home/sguajardo/UBB-ROS-2025/lab2_1_intefaces_custom/install/lab2_1_intefaces_custom/share/colcon-core/packages/lab2_1_intefaces_custom)
[2.046s] DEBUG:colcon.colcon_parallel_executor.executor.parallel:closing loop
[2.047s] DEBUG:colcon.colcon_parallel_executor.executor.parallel:loop closed
[2.047s] DEBUG:colcon.colcon_parallel_executor.executor.parallel:run_until_complete finished with '1'
[2.047s] DEBUG:colcon.colcon_core.event_reactor:joining thread
[2.216s] INFO:colcon.colcon_core.plugin_system:Skipping extension 'colcon_notification.desktop_notification.notify_send': Could not find 'notify-send'
[2.216s] INFO:colcon.colcon_core.plugin_system:Skipping extension 'colcon_notification.desktop_notification.terminal_notifier': Not used on non-Darwin systems
[2.216s] INFO:colcon.colcon_core.plugin_system:Skipping extension 'colcon_notification.desktop_notification.win32': Not used on non-Windows systems
[2.216s] INFO:colcon.colcon_notification.desktop_notification:Sending desktop notification using 'notify2'
[2.218s] DEBUG:colcon.colcon_notification.desktop_notification.notify2:Failed to initialize notify2: org.freedesktop.DBus.Error.ServiceUnknown: The name org.freedesktop.Notifications was not provided by any .service files
[2.218s] DEBUG:colcon.colcon_core.event_reactor:joined thread
[2.218s] INFO:colcon.colcon_core.shell:Creating prefix script '/home/sguajardo/UBB-ROS-2025/lab2_1_intefaces_custom/install/local_setup.ps1'
[2.219s] INFO:colcon.colcon_core.shell:Creating prefix util module '/home/sguajardo/UBB-ROS-2025/lab2_1_intefaces_custom/install/_local_setup_util_ps1.py'
[2.220s] INFO:colcon.colcon_core.shell:Creating prefix chain script '/home/sguajardo/UBB-ROS-2025/lab2_1_intefaces_custom/install/setup.ps1'
[2.222s] INFO:colcon.colcon_core.shell:Creating prefix script '/home/sguajardo/UBB-ROS-2025/lab2_1_intefaces_custom/install/local_setup.sh'
[2.222s] INFO:colcon.colcon_core.shell:Creating prefix util module '/home/sguajardo/UBB-ROS-2025/lab2_1_intefaces_custom/install/_local_setup_util_sh.py'
[2.222s] INFO:colcon.colcon_core.shell:Creating prefix chain script '/home/sguajardo/UBB-ROS-2025/lab2_1_intefaces_custom/install/setup.sh'
[2.224s] INFO:colcon.colcon_core.shell:Creating prefix script '/home/sguajardo/UBB-ROS-2025/lab2_1_intefaces_custom/install/local_setup.bash'
[2.224s] INFO:colcon.colcon_core.shell:Creating prefix chain script '/home/sguajardo/UBB-ROS-2025/lab2_1_intefaces_custom/install/setup.bash'
[2.226s] INFO:colcon.colcon_core.shell:Creating prefix script '/home/sguajardo/UBB-ROS-2025/lab2_1_intefaces_custom/install/local_setup.zsh'
[2.226s] INFO:colcon.colcon_core.shell:Creating prefix chain script '/home/sguajardo/UBB-ROS-2025/lab2_1_intefaces_custom/install/setup.zsh'
