running egg_info
creating build/lab2_servicios/lab2_servicios.egg-info
writing build/lab2_servicios/lab2_servicios.egg-info/PKG-INFO
writing dependency_links to build/lab2_servicios/lab2_servicios.egg-info/dependency_links.txt
writing requirements to build/lab2_servicios/lab2_servicios.egg-info/requires.txt
writing top-level names to build/lab2_servicios/lab2_servicios.egg-info/top_level.txt
writing manifest file 'build/lab2_servicios/lab2_servicios.egg-info/SOURCES.txt'
reading manifest file 'build/lab2_servicios/lab2_servicios.egg-info/SOURCES.txt'
writing manifest file 'build/lab2_servicios/lab2_servicios.egg-info/SOURCES.txt'
running build
running build_py
creating /home/sguajardo/UBB-ROS-2025/lab2_servicios/build/lab2_servicios/build
creating /home/sguajardo/UBB-ROS-2025/lab2_servicios/build/lab2_servicios/build/lib
creating /home/sguajardo/UBB-ROS-2025/lab2_servicios/build/lab2_servicios/build/lib/lab2_servicios
copying lab2_servicios/__init__.py -> /home/sguajardo/UBB-ROS-2025/lab2_servicios/build/lab2_servicios/build/lib/lab2_servicios
running install
running install_lib
creating /home/sguajardo/UBB-ROS-2025/lab2_servicios/install/lab2_servicios/lib/python3.12/site-packages/lab2_servicios
copying /home/sguajardo/UBB-ROS-2025/lab2_servicios/build/lab2_servicios/build/lib/lab2_servicios/__init__.py -> /home/sguajardo/UBB-ROS-2025/lab2_servicios/install/lab2_servicios/lib/python3.12/site-packages/lab2_servicios
byte-compiling /home/sguajardo/UBB-ROS-2025/lab2_servicios/install/lab2_servicios/lib/python3.12/site-packages/lab2_servicios/__init__.py to __init__.cpython-312.pyc
running install_data
creating /home/sguajardo/UBB-ROS-2025/lab2_servicios/install/lab2_servicios/share/ament_index
creating /home/sguajardo/UBB-ROS-2025/lab2_servicios/install/lab2_servicios/share/ament_index/resource_index
creating /home/sguajardo/UBB-ROS-2025/lab2_servicios/install/lab2_servicios/share/ament_index/resource_index/packages
copying resource/lab2_servicios -> /home/sguajardo/UBB-ROS-2025/lab2_servicios/install/lab2_servicios/share/ament_index/resource_index/packages
copying package.xml -> /home/sguajardo/UBB-ROS-2025/lab2_servicios/install/lab2_servicios/share/lab2_servicios
running install_egg_info
Copying build/lab2_servicios/lab2_servicios.egg-info to /home/sguajardo/UBB-ROS-2025/lab2_servicios/install/lab2_servicios/lib/python3.12/site-packages/lab2_servicios-0.0.0-py3.12.egg-info
running install_scripts
writing list of installed files to '/home/sguajardo/UBB-ROS-2025/lab2_servicios/build/lab2_servicios/install.log'
