[1.508s] Invoking command in '/home/sguajardo/UBB-ROS-2025/lab2_servicios': DEBUGINFOD_URLS=https://debuginfod.ubuntu.com PYTHONPATH=/home/sguajardo/UBB-ROS-2025/lab2_servicios/build/lab2_servicios/prefix_override:/usr/lib/python3/dist-packages/colcon_core/task/python/colcon_distutils_commands:/home/sguajardo/UBB-ROS-2025/lab2_servicios/install/lab2_servicios/lib/python3.12/site-packages:${PYTHONPATH} /usr/bin/python3 -W ignore:setup.py install is deprecated -W ignore:easy_install command is deprecated setup.py egg_info --egg-base build/lab2_servicios build --build-base /home/sguajardo/UBB-ROS-2025/lab2_servicios/build/lab2_servicios/build install --record /home/sguajardo/UBB-ROS-2025/lab2_servicios/build/lab2_servicios/install.log --single-version-externally-managed install_data
[1.698s] running egg_info
[1.698s] creating build/lab2_servicios/lab2_servicios.egg-info
[1.715s] writing build/lab2_servicios/lab2_servicios.egg-info/PKG-INFO
[1.717s] writing dependency_links to build/lab2_servicios/lab2_servicios.egg-info/dependency_links.txt
[1.717s] writing requirements to build/lab2_servicios/lab2_servicios.egg-info/requires.txt
[1.717s] writing top-level names to build/lab2_servicios/lab2_servicios.egg-info/top_level.txt
[1.717s] writing manifest file 'build/lab2_servicios/lab2_servicios.egg-info/SOURCES.txt'
[1.746s] reading manifest file 'build/lab2_servicios/lab2_servicios.egg-info/SOURCES.txt'
[1.747s] writing manifest file 'build/lab2_servicios/lab2_servicios.egg-info/SOURCES.txt'
[1.747s] running build
[1.747s] running build_py
[1.748s] creating /home/sguajardo/UBB-ROS-2025/lab2_servicios/build/lab2_servicios/build
[1.748s] creating /home/sguajardo/UBB-ROS-2025/lab2_servicios/build/lab2_servicios/build/lib
[1.748s] creating /home/sguajardo/UBB-ROS-2025/lab2_servicios/build/lab2_servicios/build/lib/lab2_servicios
[1.748s] copying lab2_servicios/__init__.py -> /home/sguajardo/UBB-ROS-2025/lab2_servicios/build/lab2_servicios/build/lib/lab2_servicios
[1.748s] running install
[1.752s] running install_lib
[1.767s] creating /home/sguajardo/UBB-ROS-2025/lab2_servicios/install/lab2_servicios/lib/python3.12/site-packages/lab2_servicios
[1.768s] copying /home/sguajardo/UBB-ROS-2025/lab2_servicios/build/lab2_servicios/build/lib/lab2_servicios/__init__.py -> /home/sguajardo/UBB-ROS-2025/lab2_servicios/install/lab2_servicios/lib/python3.12/site-packages/lab2_servicios
[1.768s] byte-compiling /home/sguajardo/UBB-ROS-2025/lab2_servicios/install/lab2_servicios/lib/python3.12/site-packages/lab2_servicios/__init__.py to __init__.cpython-312.pyc
[1.768s] running install_data
[1.768s] creating /home/sguajardo/UBB-ROS-2025/lab2_servicios/install/lab2_servicios/share/ament_index
[1.769s] creating /home/sguajardo/UBB-ROS-2025/lab2_servicios/install/lab2_servicios/share/ament_index/resource_index
[1.769s] creating /home/sguajardo/UBB-ROS-2025/lab2_servicios/install/lab2_servicios/share/ament_index/resource_index/packages
[1.769s] copying resource/lab2_servicios -> /home/sguajardo/UBB-ROS-2025/lab2_servicios/install/lab2_servicios/share/ament_index/resource_index/packages
[1.770s] copying package.xml -> /home/sguajardo/UBB-ROS-2025/lab2_servicios/install/lab2_servicios/share/lab2_servicios
[1.770s] running install_egg_info
[1.786s] Copying build/lab2_servicios/lab2_servicios.egg-info to /home/sguajardo/UBB-ROS-2025/lab2_servicios/install/lab2_servicios/lib/python3.12/site-packages/lab2_servicios-0.0.0-py3.12.egg-info
[1.787s] running install_scripts
[1.880s] writing list of installed files to '/home/sguajardo/UBB-ROS-2025/lab2_servicios/build/lab2_servicios/install.log'
[1.899s] Invoked command in '/home/sguajardo/UBB-ROS-2025/lab2_servicios' returned '0': DEBUGINFOD_URLS=https://debuginfod.ubuntu.com PYTHONPATH=/home/sguajardo/UBB-ROS-2025/lab2_servicios/build/lab2_servicios/prefix_override:/usr/lib/python3/dist-packages/colcon_core/task/python/colcon_distutils_commands:/home/sguajardo/UBB-ROS-2025/lab2_servicios/install/lab2_servicios/lib/python3.12/site-packages:${PYTHONPATH} /usr/bin/python3 -W ignore:setup.py install is deprecated -W ignore:easy_install command is deprecated setup.py egg_info --egg-base build/lab2_servicios build --build-base /home/sguajardo/UBB-ROS-2025/lab2_servicios/build/lab2_servicios/build install --record /home/sguajardo/UBB-ROS-2025/lab2_servicios/build/lab2_servicios/install.log --single-version-externally-managed install_data
