running develop
Removing /home/sguajardo/UBB-ROS-2025/lab4_gazebo/install/lab4_gazebo/lib/python3.12/site-packages/lab4-gazebo.egg-link (link to .)
running egg_info
writing build/lab4_gazebo/lab4_gazebo.egg-info/PKG-INFO
writing dependency_links to build/lab4_gazebo/lab4_gazebo.egg-info/dependency_links.txt
writing requirements to build/lab4_gazebo/lab4_gazebo.egg-info/requires.txt
writing top-level names to build/lab4_gazebo/lab4_gazebo.egg-info/top_level.txt
reading manifest file 'build/lab4_gazebo/lab4_gazebo.egg-info/SOURCES.txt'
adding license file 'LICENSE'
writing manifest file 'build/lab4_gazebo/lab4_gazebo.egg-info/SOURCES.txt'
running build
running build_py
running install
running install_lib
creating /home/sguajardo/UBB-ROS-2025/lab4_gazebo/install/lab4_gazebo/lib/python3.12/site-packages/lab4_gazebo
copying /home/sguajardo/UBB-ROS-2025/lab4_gazebo/build/lab4_gazebo/build/lib/lab4_gazebo/__init__.py -> /home/sguajardo/UBB-ROS-2025/lab4_gazebo/install/lab4_gazebo/lib/python3.12/site-packages/lab4_gazebo
byte-compiling /home/sguajardo/UBB-ROS-2025/lab4_gazebo/install/lab4_gazebo/lib/python3.12/site-packages/lab4_gazebo/__init__.py to __init__.cpython-312.pyc
running install_data
copying resource/lab4_gazebo -> /home/sguajardo/UBB-ROS-2025/lab4_gazebo/install/lab4_gazebo/share/ament_index/resource_index/packages
copying package.xml -> /home/sguajardo/UBB-ROS-2025/lab4_gazebo/install/lab4_gazebo/share/lab4_gazebo
copying launch/gazebo_model.launch.py -> /home/sguajardo/UBB-ROS-2025/lab4_gazebo/install/lab4_gazebo/share/lab4_gazebo/launch
copying models/differential-robot.xacro -> /home/sguajardo/UBB-ROS-2025/lab4_gazebo/install/lab4_gazebo/share/lab4_gazebo/models
copying models/differential-robot.gazebo.urdf -> /home/sguajardo/UBB-ROS-2025/lab4_gazebo/install/lab4_gazebo/share/lab4_gazebo/models
copying parameters/bridge_parameters.yaml -> /home/sguajardo/UBB-ROS-2025/lab4_gazebo/install/lab4_gazebo/share/lab4_gazebo/parameters
running install_egg_info
Copying build/lab4_gazebo/lab4_gazebo.egg-info to /home/sguajardo/UBB-ROS-2025/lab4_gazebo/install/lab4_gazebo/lib/python3.12/site-packages/lab4_gazebo-0.0.0-py3.12.egg-info
running install_scripts
writing list of installed files to '/home/sguajardo/UBB-ROS-2025/lab4_gazebo/build/lab4_gazebo/install.log'
