[0.999s] Invoking command in '/home/sguajardo/Curso_ROS2_2025/lab1_nodos_topicos_mensajes': DEBUGINFOD_URLS=https://debuginfod.ubuntu.com PYTHONPATH=/home/sguajardo/Curso_ROS2_2025/lab1_nodos_topicos_mensajes/build/lab1_nodos_topicos_mensajes/prefix_override:/usr/lib/python3/dist-packages/colcon_core/task/python/colcon_distutils_commands:/home/sguajardo/Curso_ROS2_2025/lab1_nodos_topicos_mensajes/install/lab1_nodos_topicos_mensajes/lib/python3.12/site-packages:${PYTHONPATH} /usr/bin/python3 -W ignore:setup.py install is deprecated -W ignore:easy_install command is deprecated setup.py egg_info --egg-base build/lab1_nodos_topicos_mensajes build --build-base /home/sguajardo/Curso_ROS2_2025/lab1_nodos_topicos_mensajes/build/lab1_nodos_topicos_mensajes/build install --record /home/sguajardo/Curso_ROS2_2025/lab1_nodos_topicos_mensajes/build/lab1_nodos_topicos_mensajes/install.log --single-version-externally-managed install_data
[1.195s] running egg_info
[1.209s] writing build/lab1_nodos_topicos_mensajes/lab1_nodos_topicos_mensajes.egg-info/PKG-INFO
[1.209s] writing dependency_links to build/lab1_nodos_topicos_mensajes/lab1_nodos_topicos_mensajes.egg-info/dependency_links.txt
[1.209s] writing entry points to build/lab1_nodos_topicos_mensajes/lab1_nodos_topicos_mensajes.egg-info/entry_points.txt
[1.210s] writing requirements to build/lab1_nodos_topicos_mensajes/lab1_nodos_topicos_mensajes.egg-info/requires.txt
[1.210s] writing top-level names to build/lab1_nodos_topicos_mensajes/lab1_nodos_topicos_mensajes.egg-info/top_level.txt
[1.248s] reading manifest file 'build/lab1_nodos_topicos_mensajes/lab1_nodos_topicos_mensajes.egg-info/SOURCES.txt'
[1.249s] writing manifest file 'build/lab1_nodos_topicos_mensajes/lab1_nodos_topicos_mensajes.egg-info/SOURCES.txt'
[1.249s] running build
[1.249s] running build_py
[1.249s] copying lab1_nodos_topicos_mensajes/suscriptor_simple.py -> /home/sguajardo/Curso_ROS2_2025/lab1_nodos_topicos_mensajes/build/lab1_nodos_topicos_mensajes/build/lib/lab1_nodos_topicos_mensajes
[1.249s] running install
[1.253s] running install_lib
[1.269s] copying /home/sguajardo/Curso_ROS2_2025/lab1_nodos_topicos_mensajes/build/lab1_nodos_topicos_mensajes/build/lib/lab1_nodos_topicos_mensajes/suscriptor_simple.py -> /home/sguajardo/Curso_ROS2_2025/lab1_nodos_topicos_mensajes/install/lab1_nodos_topicos_mensajes/lib/python3.12/site-packages/lab1_nodos_topicos_mensajes
[1.269s] byte-compiling /home/sguajardo/Curso_ROS2_2025/lab1_nodos_topicos_mensajes/install/lab1_nodos_topicos_mensajes/lib/python3.12/site-packages/lab1_nodos_topicos_mensajes/suscriptor_simple.py to suscriptor_simple.cpython-312.pyc
[1.269s] running install_data
[1.270s] running install_egg_info
[1.285s] removing '/home/sguajardo/Curso_ROS2_2025/lab1_nodos_topicos_mensajes/install/lab1_nodos_topicos_mensajes/lib/python3.12/site-packages/lab1_nodos_topicos_mensajes-0.0.0-py3.12.egg-info' (and everything under it)
[1.285s] Copying build/lab1_nodos_topicos_mensajes/lab1_nodos_topicos_mensajes.egg-info to /home/sguajardo/Curso_ROS2_2025/lab1_nodos_topicos_mensajes/install/lab1_nodos_topicos_mensajes/lib/python3.12/site-packages/lab1_nodos_topicos_mensajes-0.0.0-py3.12.egg-info
[1.286s] running install_scripts
[1.388s] Installing nodo_simple script to /home/sguajardo/Curso_ROS2_2025/lab1_nodos_topicos_mensajes/install/lab1_nodos_topicos_mensajes/lib/lab1_nodos_topicos_mensajes
[1.388s] Installing pub_simple script to /home/sguajardo/Curso_ROS2_2025/lab1_nodos_topicos_mensajes/install/lab1_nodos_topicos_mensajes/lib/lab1_nodos_topicos_mensajes
[1.388s] writing list of installed files to '/home/sguajardo/Curso_ROS2_2025/lab1_nodos_topicos_mensajes/build/lab1_nodos_topicos_mensajes/install.log'
[1.408s] Invoked command in '/home/sguajardo/Curso_ROS2_2025/lab1_nodos_topicos_mensajes' returned '0': DEBUGINFOD_URLS=https://debuginfod.ubuntu.com PYTHONPATH=/home/sguajardo/Curso_ROS2_2025/lab1_nodos_topicos_mensajes/build/lab1_nodos_topicos_mensajes/prefix_override:/usr/lib/python3/dist-packages/colcon_core/task/python/colcon_distutils_commands:/home/sguajardo/Curso_ROS2_2025/lab1_nodos_topicos_mensajes/install/lab1_nodos_topicos_mensajes/lib/python3.12/site-packages:${PYTHONPATH} /usr/bin/python3 -W ignore:setup.py install is deprecated -W ignore:easy_install command is deprecated setup.py egg_info --egg-base build/lab1_nodos_topicos_mensajes build --build-base /home/sguajardo/Curso_ROS2_2025/lab1_nodos_topicos_mensajes/build/lab1_nodos_topicos_mensajes/build install --record /home/sguajardo/Curso_ROS2_2025/lab1_nodos_topicos_mensajes/build/lab1_nodos_topicos_mensajes/install.log --single-version-externally-managed install_data
