[0.016s] Invoking command in '/home/sguajardo/UBB-ROS-2025/lab5_ros2control_new_gazebo/build/lab5_ros2control_new_gazebo': CMAKE_PREFIX_PATH=${CMAKE_PREFIX_PATH}:/opt/ros/jazzy DEBUGINFOD_URLS=https://debuginfod.ubuntu.com /usr/bin/cmake /home/sguajardo/UBB-ROS-2025/lab5_ros2control_new_gazebo -DCMAKE_INSTALL_PREFIX=/home/sguajardo/UBB-ROS-2025/lab5_ros2control_new_gazebo/install/lab5_ros2control_new_gazebo
[0.276s] -- The C compiler identification is GNU 13.3.0
[0.863s] -- The CXX compiler identification is GNU 13.3.0
[1.477s] -- Detecting C compiler ABI info
[1.755s] -- Detecting C compiler ABI info - done
[1.761s] -- Check for working C compiler: /usr/bin/cc - skipped
[1.763s] -- Detecting C compile features
[1.764s] -- Detecting C compile features - done
[1.857s] -- Detecting CXX compiler ABI info
[2.123s] -- Detecting CXX compiler ABI info - done
[2.131s] -- Check for working CXX compiler: /usr/bin/c++ - skipped
[2.131s] -- Detecting CXX compile features
[2.132s] -- Detecting CXX compile features - done
[2.168s] -- Found ament_cmake: 2.5.4 (/opt/ros/jazzy/share/ament_cmake/cmake)
[2.353s] -- Found Python3: /usr/bin/python3 (found version "3.12.3") found components: Interpreter 
[2.493s] -- Found ament_lint_auto: 0.17.2 (/opt/ros/jazzy/share/ament_lint_auto/cmake)
[2.615s] -- Added test 'cppcheck' to perform static code analysis on C / C++ code
[2.615s] -- Configured cppcheck include dirs: 
[2.615s] -- Configured cppcheck exclude dirs and/or files: 
[2.616s] -- Added test 'flake8' to check Python code syntax and style conventions
[2.616s] -- Configured 'flake8' exclude dirs and/or files: 
[2.618s] -- Added test 'lint_cmake' to check CMake code style
[2.620s] -- Added test 'pep257' to check Python code against some of the docstring style conventions in PEP 257
[2.624s] -- Added test 'uncrustify' to check C / C++ code style
[2.624s] -- Configured uncrustify additional arguments: 
[2.626s] -- Added test 'xmllint' to check XML markup files
[2.628s] -- Configuring done (2.5s)
[2.632s] -- Generating done (0.0s)
[2.634s] -- Build files have been written to: /home/sguajardo/UBB-ROS-2025/lab5_ros2control_new_gazebo/build/lab5_ros2control_new_gazebo
[2.640s] Invoked command in '/home/sguajardo/UBB-ROS-2025/lab5_ros2control_new_gazebo/build/lab5_ros2control_new_gazebo' returned '0': CMAKE_PREFIX_PATH=${CMAKE_PREFIX_PATH}:/opt/ros/jazzy DEBUGINFOD_URLS=https://debuginfod.ubuntu.com /usr/bin/cmake /home/sguajardo/UBB-ROS-2025/lab5_ros2control_new_gazebo -DCMAKE_INSTALL_PREFIX=/home/sguajardo/UBB-ROS-2025/lab5_ros2control_new_gazebo/install/lab5_ros2control_new_gazebo
[2.641s] Invoking command in '/home/sguajardo/UBB-ROS-2025/lab5_ros2control_new_gazebo/build/lab5_ros2control_new_gazebo': CMAKE_PREFIX_PATH=${CMAKE_PREFIX_PATH}:/opt/ros/jazzy DEBUGINFOD_URLS=https://debuginfod.ubuntu.com /usr/bin/cmake --build /home/sguajardo/UBB-ROS-2025/lab5_ros2control_new_gazebo/build/lab5_ros2control_new_gazebo -- -j4 -l4
[2.676s] Invoked command in '/home/sguajardo/UBB-ROS-2025/lab5_ros2control_new_gazebo/build/lab5_ros2control_new_gazebo' returned '0': CMAKE_PREFIX_PATH=${CMAKE_PREFIX_PATH}:/opt/ros/jazzy DEBUGINFOD_URLS=https://debuginfod.ubuntu.com /usr/bin/cmake --build /home/sguajardo/UBB-ROS-2025/lab5_ros2control_new_gazebo/build/lab5_ros2control_new_gazebo -- -j4 -l4
[2.686s] Invoking command in '/home/sguajardo/UBB-ROS-2025/lab5_ros2control_new_gazebo/build/lab5_ros2control_new_gazebo': CMAKE_PREFIX_PATH=${CMAKE_PREFIX_PATH}:/opt/ros/jazzy DEBUGINFOD_URLS=https://debuginfod.ubuntu.com /usr/bin/cmake --install /home/sguajardo/UBB-ROS-2025/lab5_ros2control_new_gazebo/build/lab5_ros2control_new_gazebo
[2.694s] -- Install configuration: ""
[2.694s] -- Installing: /home/sguajardo/UBB-ROS-2025/lab5_ros2control_new_gazebo/install/lab5_ros2control_new_gazebo/share/lab5_ros2control_new_gazebo/launch
[2.695s] -- Installing: /home/sguajardo/UBB-ROS-2025/lab5_ros2control_new_gazebo/install/lab5_ros2control_new_gazebo/share/lab5_ros2control_new_gazebo/launch/one_dof_sim.launch.py
[2.695s] -- Installing: /home/sguajardo/UBB-ROS-2025/lab5_ros2control_new_gazebo/install/lab5_ros2control_new_gazebo/share/lab5_ros2control_new_gazebo/launch/two_dof_sim.launch.py
[2.696s] -- Installing: /home/sguajardo/UBB-ROS-2025/lab5_ros2control_new_gazebo/install/lab5_ros2control_new_gazebo/share/lab5_ros2control_new_gazebo/launch/rsp.launch.py
[2.696s] -- Installing: /home/sguajardo/UBB-ROS-2025/lab5_ros2control_new_gazebo/install/lab5_ros2control_new_gazebo/share/lab5_ros2control_new_gazebo/config
[2.696s] -- Installing: /home/sguajardo/UBB-ROS-2025/lab5_ros2control_new_gazebo/install/lab5_ros2control_new_gazebo/share/lab5_ros2control_new_gazebo/config/controllers.yaml
[2.697s] -- Installing: /home/sguajardo/UBB-ROS-2025/lab5_ros2control_new_gazebo/install/lab5_ros2control_new_gazebo/share/lab5_ros2control_new_gazebo/models
[2.697s] -- Installing: /home/sguajardo/UBB-ROS-2025/lab5_ros2control_new_gazebo/install/lab5_ros2control_new_gazebo/share/lab5_ros2control_new_gazebo/models/two_dof
[2.697s] -- Installing: /home/sguajardo/UBB-ROS-2025/lab5_ros2control_new_gazebo/install/lab5_ros2control_new_gazebo/share/lab5_ros2control_new_gazebo/models/two_dof/robot.xacro
[2.698s] -- Installing: /home/sguajardo/UBB-ROS-2025/lab5_ros2control_new_gazebo/install/lab5_ros2control_new_gazebo/share/lab5_ros2control_new_gazebo/models/two_dof/two_dof.gazebo.xacro
[2.698s] -- Installing: /home/sguajardo/UBB-ROS-2025/lab5_ros2control_new_gazebo/install/lab5_ros2control_new_gazebo/share/lab5_ros2control_new_gazebo/models/two_dof/two_dof.ros2control.xacro
[2.699s] -- Installing: /home/sguajardo/UBB-ROS-2025/lab5_ros2control_new_gazebo/install/lab5_ros2control_new_gazebo/share/lab5_ros2control_new_gazebo/models/one_dof
[2.699s] -- Installing: /home/sguajardo/UBB-ROS-2025/lab5_ros2control_new_gazebo/install/lab5_ros2control_new_gazebo/share/lab5_ros2control_new_gazebo/models/one_dof/robot.xacro
[2.699s] -- Installing: /home/sguajardo/UBB-ROS-2025/lab5_ros2control_new_gazebo/install/lab5_ros2control_new_gazebo/share/lab5_ros2control_new_gazebo/models/one_dof/one_dof.ros2control.xacro
[2.699s] -- Installing: /home/sguajardo/UBB-ROS-2025/lab5_ros2control_new_gazebo/install/lab5_ros2control_new_gazebo/share/lab5_ros2control_new_gazebo/models/one_dof/one_dof.gazebo.xacro
[2.701s] -- Installing: /home/sguajardo/UBB-ROS-2025/lab5_ros2control_new_gazebo/install/lab5_ros2control_new_gazebo/share/ament_index/resource_index/package_run_dependencies/lab5_ros2control_new_gazebo
[2.702s] -- Installing: /home/sguajardo/UBB-ROS-2025/lab5_ros2control_new_gazebo/install/lab5_ros2control_new_gazebo/share/ament_index/resource_index/parent_prefix_path/lab5_ros2control_new_gazebo
[2.702s] -- Installing: /home/sguajardo/UBB-ROS-2025/lab5_ros2control_new_gazebo/install/lab5_ros2control_new_gazebo/share/lab5_ros2control_new_gazebo/environment/ament_prefix_path.sh
[2.702s] -- Installing: /home/sguajardo/UBB-ROS-2025/lab5_ros2control_new_gazebo/install/lab5_ros2control_new_gazebo/share/lab5_ros2control_new_gazebo/environment/ament_prefix_path.dsv
[2.702s] -- Installing: /home/sguajardo/UBB-ROS-2025/lab5_ros2control_new_gazebo/install/lab5_ros2control_new_gazebo/share/lab5_ros2control_new_gazebo/environment/path.sh
[2.702s] -- Installing: /home/sguajardo/UBB-ROS-2025/lab5_ros2control_new_gazebo/install/lab5_ros2control_new_gazebo/share/lab5_ros2control_new_gazebo/environment/path.dsv
[2.702s] -- Installing: /home/sguajardo/UBB-ROS-2025/lab5_ros2control_new_gazebo/install/lab5_ros2control_new_gazebo/share/lab5_ros2control_new_gazebo/local_setup.bash
[2.702s] -- Installing: /home/sguajardo/UBB-ROS-2025/lab5_ros2control_new_gazebo/install/lab5_ros2control_new_gazebo/share/lab5_ros2control_new_gazebo/local_setup.sh
[2.703s] -- Installing: /home/sguajardo/UBB-ROS-2025/lab5_ros2control_new_gazebo/install/lab5_ros2control_new_gazebo/share/lab5_ros2control_new_gazebo/local_setup.zsh
[2.703s] -- Installing: /home/sguajardo/UBB-ROS-2025/lab5_ros2control_new_gazebo/install/lab5_ros2control_new_gazebo/share/lab5_ros2control_new_gazebo/local_setup.dsv
[2.703s] -- Installing: /home/sguajardo/UBB-ROS-2025/lab5_ros2control_new_gazebo/install/lab5_ros2control_new_gazebo/share/lab5_ros2control_new_gazebo/package.dsv
[2.703s] -- Installing: /home/sguajardo/UBB-ROS-2025/lab5_ros2control_new_gazebo/install/lab5_ros2control_new_gazebo/share/ament_index/resource_index/packages/lab5_ros2control_new_gazebo
[2.703s] -- Installing: /home/sguajardo/UBB-ROS-2025/lab5_ros2control_new_gazebo/install/lab5_ros2control_new_gazebo/share/lab5_ros2control_new_gazebo/cmake/lab5_ros2control_new_gazeboConfig.cmake
[2.703s] -- Installing: /home/sguajardo/UBB-ROS-2025/lab5_ros2control_new_gazebo/install/lab5_ros2control_new_gazebo/share/lab5_ros2control_new_gazebo/cmake/lab5_ros2control_new_gazeboConfig-version.cmake
[2.703s] -- Installing: /home/sguajardo/UBB-ROS-2025/lab5_ros2control_new_gazebo/install/lab5_ros2control_new_gazebo/share/lab5_ros2control_new_gazebo/package.xml
[2.705s] Invoked command in '/home/sguajardo/UBB-ROS-2025/lab5_ros2control_new_gazebo/build/lab5_ros2control_new_gazebo' returned '0': CMAKE_PREFIX_PATH=${CMAKE_PREFIX_PATH}:/opt/ros/jazzy DEBUGINFOD_URLS=https://debuginfod.ubuntu.com /usr/bin/cmake --install /home/sguajardo/UBB-ROS-2025/lab5_ros2control_new_gazebo/build/lab5_ros2control_new_gazebo
