[0.024s] Invoking command in '/home/sguajardo/UBB-ROS-2025/lab2_1_intefaces_custom/build/lab2_1_intefaces_custom': CMAKE_PREFIX_PATH=${CMAKE_PREFIX_PATH}:/home/sguajardo/UBB-ROS-2025/lab2_servicios/install/lab2_servicios:/home/sguajardo/ws_moveit/install/moveit_configs_utils:/opt/ros/rolling DEBUGINFOD_URLS=https://debuginfod.ubuntu.com /usr/bin/cmake /home/sguajardo/UBB-ROS-2025/lab2_1_intefaces_custom -DCMAKE_INSTALL_PREFIX=/home/sguajardo/UBB-ROS-2025/lab2_1_intefaces_custom/install/lab2_1_intefaces_custom
[0.045s] -- Found ament_cmake: 2.7.2 (/opt/ros/rolling/share/ament_cmake/cmake)
[0.217s] -- Found ament_lint_auto: 0.19.1 (/opt/ros/rolling/share/ament_lint_auto/cmake)
[0.294s] -- Found geometry_msgs: 5.5.0 (/opt/ros/rolling/share/geometry_msgs/cmake)
[0.524s] -- Found rosidl_generator_c: 4.9.3 (/opt/ros/rolling/share/rosidl_generator_c/cmake)
[0.537s] -- Found rosidl_generator_cpp: 4.9.3 (/opt/ros/rolling/share/rosidl_generator_cpp/cmake)
[0.558s] -- Using all available rosidl_typesupport_c: rosidl_typesupport_fastrtps_c;rosidl_typesupport_introspection_c
[0.570s] -- Using all available rosidl_typesupport_cpp: rosidl_typesupport_fastrtps_cpp;rosidl_typesupport_introspection_cpp
[0.622s] -- Found rosidl_default_generators: 1.7.1 (/opt/ros/rolling/share/rosidl_default_generators/cmake)
[0.637s] -- Found rosidl_adapter: 4.9.3 (/opt/ros/rolling/share/rosidl_adapter/cmake)
[0.639s] [31mCMake Error at /opt/ros/rolling/share/rosidl_cmake/cmake/rosidl_generate_interfaces.cmake:95 (message):
[0.639s]   rosidl_generate_interfaces() the passed file 'srv/AddThreeInts.srv' doesn't
[0.639s]   exist relative to the CMAKE_CURRENT_SOURCE_DIR
[0.639s]   '/home/sguajardo/UBB-ROS-2025/lab2_1_intefaces_custom'
[0.639s] Call Stack (most recent call first):
[0.639s]   CMakeLists.txt:30 (rosidl_generate_interfaces)
[0.640s] 
[0.640s] [0m
[0.640s] -- Configuring incomplete, errors occurred!
[0.649s] Invoked command in '/home/sguajardo/UBB-ROS-2025/lab2_1_intefaces_custom/build/lab2_1_intefaces_custom' returned '1': CMAKE_PREFIX_PATH=${CMAKE_PREFIX_PATH}:/home/sguajardo/UBB-ROS-2025/lab2_servicios/install/lab2_servicios:/home/sguajardo/ws_moveit/install/moveit_configs_utils:/opt/ros/rolling DEBUGINFOD_URLS=https://debuginfod.ubuntu.com /usr/bin/cmake /home/sguajardo/UBB-ROS-2025/lab2_1_intefaces_custom -DCMAKE_INSTALL_PREFIX=/home/sguajardo/UBB-ROS-2025/lab2_1_intefaces_custom/install/lab2_1_intefaces_custom
