running egg_info
writing build/lab2_servicios/lab2_servicios.egg-info/PKG-INFO
writing dependency_links to build/lab2_servicios/lab2_servicios.egg-info/dependency_links.txt
writing entry points to build/lab2_servicios/lab2_servicios.egg-info/entry_points.txt
writing requirements to build/lab2_servicios/lab2_servicios.egg-info/requires.txt
writing top-level names to build/lab2_servicios/lab2_servicios.egg-info/top_level.txt
reading manifest file 'build/lab2_servicios/lab2_servicios.egg-info/SOURCES.txt'
writing manifest file 'build/lab2_servicios/lab2_servicios.egg-info/SOURCES.txt'
running build
running build_py
copying lab2_servicios/servidor_simple.py -> /home/sguajardo/UBB-ROS-2025/lab2_servicios/build/lab2_servicios/build/lib/lab2_servicios
copying lab2_servicios/cliente_simple.py -> /home/sguajardo/UBB-ROS-2025/lab2_servicios/build/lab2_servicios/build/lib/lab2_servicios
running install
running install_lib
copying /home/sguajardo/UBB-ROS-2025/lab2_servicios/build/lab2_servicios/build/lib/lab2_servicios/servidor_simple.py -> /home/sguajardo/UBB-ROS-2025/lab2_servicios/install/lab2_servicios/lib/python3.12/site-packages/lab2_servicios
copying /home/sguajardo/UBB-ROS-2025/lab2_servicios/build/lab2_servicios/build/lib/lab2_servicios/cliente_simple.py -> /home/sguajardo/UBB-ROS-2025/lab2_servicios/install/lab2_servicios/lib/python3.12/site-packages/lab2_servicios
byte-compiling /home/sguajardo/UBB-ROS-2025/lab2_servicios/install/lab2_servicios/lib/python3.12/site-packages/lab2_servicios/servidor_simple.py to servidor_simple.cpython-312.pyc
byte-compiling /home/sguajardo/UBB-ROS-2025/lab2_servicios/install/lab2_servicios/lib/python3.12/site-packages/lab2_servicios/cliente_simple.py to cliente_simple.cpython-312.pyc
running install_data
running install_egg_info
removing '/home/sguajardo/UBB-ROS-2025/lab2_servicios/install/lab2_servicios/lib/python3.12/site-packages/lab2_servicios-0.0.0-py3.12.egg-info' (and everything under it)
Copying build/lab2_servicios/lab2_servicios.egg-info to /home/sguajardo/UBB-ROS-2025/lab2_servicios/install/lab2_servicios/lib/python3.12/site-packages/lab2_servicios-0.0.0-py3.12.egg-info
running install_scripts
Installing cliente_simple script to /home/sguajardo/UBB-ROS-2025/lab2_servicios/install/lab2_servicios/lib/lab2_servicios
Installing servicio_simple script to /home/sguajardo/UBB-ROS-2025/lab2_servicios/install/lab2_servicios/lib/lab2_servicios
writing list of installed files to '/home/sguajardo/UBB-ROS-2025/lab2_servicios/build/lab2_servicios/install.log'
