[0.621s] DEBUG:colcon:Command line arguments: ['/usr/bin/colcon', 'build']
[0.621s] DEBUG:colcon:Parsed command line arguments: Namespace(log_base=None, log_level=None, verb_name='build', build_base='build', install_base='install', merge_install=False, symlink_install=False, test_result_base=None, continue_on_error=False, executor='parallel', parallel_workers=4, event_handlers=None, ignore_user_meta=False, metas=['./colcon.meta'], base_paths=['.'], packages_ignore=None, packages_ignore_regex=None, paths=None, packages_up_to=None, packages_up_to_regex=None, packages_above=None, packages_above_and_dependencies=None, packages_above_depth=None, packages_select_by_dep=None, packages_skip_by_dep=None, packages_skip_up_to=None, packages_select_build_failed=False, packages_skip_build_finished=False, packages_select_test_failures=False, packages_skip_test_passed=False, packages_select=None, packages_skip=None, packages_select_regex=None, packages_skip_regex=None, packages_start=None, packages_end=None, allow_overriding=[], cmake_args=None, cmake_target=None, cmake_target_skip_unavailable=False, cmake_clean_cache=False, cmake_clean_first=False, cmake_force_configure=False, ament_cmake_args=None, catkin_cmake_args=None, catkin_skip_building_tests=False, mixin_files=None, mixin=None, verb_parser=<colcon_mixin.mixin.mixin_argument.MixinArgumentDecorator object at 0x7fbe25c0bad0>, verb_extension=<colcon_core.verb.build.BuildVerb object at 0x7fbe25c0b650>, main=<bound method BuildVerb.main of <colcon_core.verb.build.BuildVerb object at 0x7fbe25c0b650>>, mixin_verb=('build',))
[0.699s] Level 1:colcon.colcon_core.package_discovery:discover_packages(colcon_meta) check parameters
[0.699s] Level 1:colcon.colcon_core.package_discovery:discover_packages(recursive) check parameters
[0.699s] Level 1:colcon.colcon_core.package_discovery:discover_packages(ignore) check parameters
[0.699s] Level 1:colcon.colcon_core.package_discovery:discover_packages(path) check parameters
[0.699s] Level 1:colcon.colcon_core.package_discovery:discover_packages(colcon_meta) discover
[0.699s] Level 1:colcon.colcon_core.package_discovery:discover_packages(recursive) discover
[0.699s] INFO:colcon.colcon_core.package_discovery:Crawling recursively for packages in '/home/sguajardo/Curso_ROS2_2025/lab1_nodos_topicos_mensajes'
[0.699s] Level 1:colcon.colcon_core.package_identification:_identify(.) by extensions ['ignore', 'ignore_ament_install']
[0.699s] Level 1:colcon.colcon_core.package_identification:_identify(.) by extension 'ignore'
[0.699s] Level 1:colcon.colcon_core.package_identification:_identify(.) by extension 'ignore_ament_install'
[0.699s] Level 1:colcon.colcon_core.package_identification:_identify(.) by extensions ['colcon_pkg']
[0.699s] Level 1:colcon.colcon_core.package_identification:_identify(.) by extension 'colcon_pkg'
[0.699s] Level 1:colcon.colcon_core.package_identification:_identify(.) by extensions ['colcon_meta']
[0.699s] Level 1:colcon.colcon_core.package_identification:_identify(.) by extension 'colcon_meta'
[0.699s] Level 1:colcon.colcon_core.package_identification:_identify(.) by extensions ['ros']
[0.699s] Level 1:colcon.colcon_core.package_identification:_identify(.) by extension 'ros'
[0.736s] DEBUG:colcon.colcon_core.package_identification:Package '.' with type 'ros.ament_python' and name 'lab1_nodos_topicos_mensajes'
[0.736s] Level 1:colcon.colcon_core.package_discovery:discover_packages(recursive) using defaults
[0.736s] Level 1:colcon.colcon_core.package_discovery:discover_packages(ignore) discover
[0.736s] Level 1:colcon.colcon_core.package_discovery:discover_packages(ignore) using defaults
[0.736s] Level 1:colcon.colcon_core.package_discovery:discover_packages(path) discover
[0.736s] Level 1:colcon.colcon_core.package_discovery:discover_packages(path) using defaults
[0.765s] Level 1:colcon.colcon_core.package_discovery:discover_packages(prefix_path) check parameters
[0.765s] Level 1:colcon.colcon_core.package_discovery:discover_packages(prefix_path) discover
[0.785s] DEBUG:colcon.colcon_installed_package_information.package_discovery:Found 1 installed packages in /home/sguajardo/Curso_ROS2_2025/lab1_nodos_topicos_mensajes/install
[0.787s] DEBUG:colcon.colcon_installed_package_information.package_discovery:Found 70 installed packages in /home/sguajardo/ws_moveit/install
[0.788s] DEBUG:colcon.colcon_installed_package_information.package_discovery:Found 334 installed packages in /opt/ros/rolling
[0.790s] Level 1:colcon.colcon_core.package_discovery:discover_packages(prefix_path) using defaults
[0.849s] Level 5:colcon.colcon_core.verb:set package 'lab1_nodos_topicos_mensajes' build argument 'cmake_args' from command line to 'None'
[0.849s] Level 5:colcon.colcon_core.verb:set package 'lab1_nodos_topicos_mensajes' build argument 'cmake_target' from command line to 'None'
[0.850s] Level 5:colcon.colcon_core.verb:set package 'lab1_nodos_topicos_mensajes' build argument 'cmake_target_skip_unavailable' from command line to 'False'
[0.850s] Level 5:colcon.colcon_core.verb:set package 'lab1_nodos_topicos_mensajes' build argument 'cmake_clean_cache' from command line to 'False'
[0.850s] Level 5:colcon.colcon_core.verb:set package 'lab1_nodos_topicos_mensajes' build argument 'cmake_clean_first' from command line to 'False'
[0.850s] Level 5:colcon.colcon_core.verb:set package 'lab1_nodos_topicos_mensajes' build argument 'cmake_force_configure' from command line to 'False'
[0.850s] Level 5:colcon.colcon_core.verb:set package 'lab1_nodos_topicos_mensajes' build argument 'ament_cmake_args' from command line to 'None'
[0.850s] Level 5:colcon.colcon_core.verb:set package 'lab1_nodos_topicos_mensajes' build argument 'catkin_cmake_args' from command line to 'None'
[0.850s] Level 5:colcon.colcon_core.verb:set package 'lab1_nodos_topicos_mensajes' build argument 'catkin_skip_building_tests' from command line to 'False'
[0.850s] DEBUG:colcon.colcon_core.verb:Building package 'lab1_nodos_topicos_mensajes' with the following arguments: {'ament_cmake_args': None, 'build_base': '/home/sguajardo/Curso_ROS2_2025/lab1_nodos_topicos_mensajes/build/lab1_nodos_topicos_mensajes', 'catkin_cmake_args': None, 'catkin_skip_building_tests': False, 'cmake_args': None, 'cmake_clean_cache': False, 'cmake_clean_first': False, 'cmake_force_configure': False, 'cmake_target': None, 'cmake_target_skip_unavailable': False, 'install_base': '/home/sguajardo/Curso_ROS2_2025/lab1_nodos_topicos_mensajes/install/lab1_nodos_topicos_mensajes', 'merge_install': False, 'path': '/home/sguajardo/Curso_ROS2_2025/lab1_nodos_topicos_mensajes', 'symlink_install': False, 'test_result_base': None}
[0.850s] INFO:colcon.colcon_core.executor:Executing jobs using 'parallel' executor
[0.851s] DEBUG:colcon.colcon_parallel_executor.executor.parallel:run_until_complete
[0.851s] INFO:colcon.colcon_ros.task.ament_python.build:Building ROS package in '/home/sguajardo/Curso_ROS2_2025/lab1_nodos_topicos_mensajes' with build type 'ament_python'
[0.851s] Level 1:colcon.colcon_core.shell:create_environment_hook('lab1_nodos_topicos_mensajes', 'ament_prefix_path')
[0.859s] INFO:colcon.colcon_core.plugin_system:Skipping extension 'colcon_core.shell.bat': Not used on non-Windows systems
[0.859s] INFO:colcon.colcon_core.shell:Creating environment hook '/home/sguajardo/Curso_ROS2_2025/lab1_nodos_topicos_mensajes/install/lab1_nodos_topicos_mensajes/share/lab1_nodos_topicos_mensajes/hook/ament_prefix_path.ps1'
[0.860s] INFO:colcon.colcon_core.shell:Creating environment descriptor '/home/sguajardo/Curso_ROS2_2025/lab1_nodos_topicos_mensajes/install/lab1_nodos_topicos_mensajes/share/lab1_nodos_topicos_mensajes/hook/ament_prefix_path.dsv'
[0.861s] INFO:colcon.colcon_core.shell:Creating environment hook '/home/sguajardo/Curso_ROS2_2025/lab1_nodos_topicos_mensajes/install/lab1_nodos_topicos_mensajes/share/lab1_nodos_topicos_mensajes/hook/ament_prefix_path.sh'
[0.862s] INFO:colcon.colcon_core.shell:Skip shell extension 'powershell' for command environment: Not usable outside of PowerShell
[0.862s] DEBUG:colcon.colcon_core.shell:Skip shell extension 'dsv' for command environment
[1.240s] INFO:colcon.colcon_core.task.python.build:Building Python package in '/home/sguajardo/Curso_ROS2_2025/lab1_nodos_topicos_mensajes'
[1.240s] INFO:colcon.colcon_core.shell:Skip shell extension 'powershell' for command environment: Not usable outside of PowerShell
[1.240s] DEBUG:colcon.colcon_core.shell:Skip shell extension 'dsv' for command environment
[3.102s] DEBUG:colcon.colcon_core.event_handler.log_command:Invoking command in '/home/sguajardo/Curso_ROS2_2025/lab1_nodos_topicos_mensajes': DEBUGINFOD_URLS=https://debuginfod.ubuntu.com PYTHONPATH=/home/sguajardo/Curso_ROS2_2025/lab1_nodos_topicos_mensajes/build/lab1_nodos_topicos_mensajes/prefix_override:/usr/lib/python3/dist-packages/colcon_core/task/python/colcon_distutils_commands:/home/sguajardo/Curso_ROS2_2025/lab1_nodos_topicos_mensajes/install/lab1_nodos_topicos_mensajes/lib/python3.12/site-packages:${PYTHONPATH} /usr/bin/python3 -W ignore:setup.py install is deprecated -W ignore:easy_install command is deprecated setup.py egg_info --egg-base build/lab1_nodos_topicos_mensajes build --build-base /home/sguajardo/Curso_ROS2_2025/lab1_nodos_topicos_mensajes/build/lab1_nodos_topicos_mensajes/build install --record /home/sguajardo/Curso_ROS2_2025/lab1_nodos_topicos_mensajes/build/lab1_nodos_topicos_mensajes/install.log --single-version-externally-managed install_data
[3.702s] DEBUG:colcon.colcon_core.event_handler.log_command:Invoked command in '/home/sguajardo/Curso_ROS2_2025/lab1_nodos_topicos_mensajes' returned '0': DEBUGINFOD_URLS=https://debuginfod.ubuntu.com PYTHONPATH=/home/sguajardo/Curso_ROS2_2025/lab1_nodos_topicos_mensajes/build/lab1_nodos_topicos_mensajes/prefix_override:/usr/lib/python3/dist-packages/colcon_core/task/python/colcon_distutils_commands:/home/sguajardo/Curso_ROS2_2025/lab1_nodos_topicos_mensajes/install/lab1_nodos_topicos_mensajes/lib/python3.12/site-packages:${PYTHONPATH} /usr/bin/python3 -W ignore:setup.py install is deprecated -W ignore:easy_install command is deprecated setup.py egg_info --egg-base build/lab1_nodos_topicos_mensajes build --build-base /home/sguajardo/Curso_ROS2_2025/lab1_nodos_topicos_mensajes/build/lab1_nodos_topicos_mensajes/build install --record /home/sguajardo/Curso_ROS2_2025/lab1_nodos_topicos_mensajes/build/lab1_nodos_topicos_mensajes/install.log --single-version-externally-managed install_data
[3.713s] Level 1:colcon.colcon_core.environment:checking '/home/sguajardo/Curso_ROS2_2025/lab1_nodos_topicos_mensajes/install/lab1_nodos_topicos_mensajes' for CMake module files
[3.714s] Level 1:colcon.colcon_core.environment:checking '/home/sguajardo/Curso_ROS2_2025/lab1_nodos_topicos_mensajes/install/lab1_nodos_topicos_mensajes' for CMake config files
[3.718s] Level 1:colcon.colcon_core.environment:checking '/home/sguajardo/Curso_ROS2_2025/lab1_nodos_topicos_mensajes/install/lab1_nodos_topicos_mensajes/lib'
[3.718s] Level 1:colcon.colcon_core.environment:checking '/home/sguajardo/Curso_ROS2_2025/lab1_nodos_topicos_mensajes/install/lab1_nodos_topicos_mensajes/bin'
[3.718s] Level 1:colcon.colcon_core.environment:checking '/home/sguajardo/Curso_ROS2_2025/lab1_nodos_topicos_mensajes/install/lab1_nodos_topicos_mensajes/lib/pkgconfig/lab1_nodos_topicos_mensajes.pc'
[3.718s] Level 1:colcon.colcon_core.environment:checking '/home/sguajardo/Curso_ROS2_2025/lab1_nodos_topicos_mensajes/install/lab1_nodos_topicos_mensajes/lib/python3.12/site-packages'
[3.719s] Level 1:colcon.colcon_core.shell:create_environment_hook('lab1_nodos_topicos_mensajes', 'pythonpath')
[3.719s] INFO:colcon.colcon_core.shell:Creating environment hook '/home/sguajardo/Curso_ROS2_2025/lab1_nodos_topicos_mensajes/install/lab1_nodos_topicos_mensajes/share/lab1_nodos_topicos_mensajes/hook/pythonpath.ps1'
[3.719s] INFO:colcon.colcon_core.shell:Creating environment descriptor '/home/sguajardo/Curso_ROS2_2025/lab1_nodos_topicos_mensajes/install/lab1_nodos_topicos_mensajes/share/lab1_nodos_topicos_mensajes/hook/pythonpath.dsv'
[3.720s] INFO:colcon.colcon_core.shell:Creating environment hook '/home/sguajardo/Curso_ROS2_2025/lab1_nodos_topicos_mensajes/install/lab1_nodos_topicos_mensajes/share/lab1_nodos_topicos_mensajes/hook/pythonpath.sh'
[3.720s] Level 1:colcon.colcon_core.environment:checking '/home/sguajardo/Curso_ROS2_2025/lab1_nodos_topicos_mensajes/install/lab1_nodos_topicos_mensajes/bin'
[3.720s] Level 1:colcon.colcon_core.environment:create_environment_scripts_only(lab1_nodos_topicos_mensajes)
[3.721s] INFO:colcon.colcon_core.shell:Creating package script '/home/sguajardo/Curso_ROS2_2025/lab1_nodos_topicos_mensajes/install/lab1_nodos_topicos_mensajes/share/lab1_nodos_topicos_mensajes/package.ps1'
[3.722s] INFO:colcon.colcon_core.shell:Creating package descriptor '/home/sguajardo/Curso_ROS2_2025/lab1_nodos_topicos_mensajes/install/lab1_nodos_topicos_mensajes/share/lab1_nodos_topicos_mensajes/package.dsv'
[3.722s] INFO:colcon.colcon_core.shell:Creating package script '/home/sguajardo/Curso_ROS2_2025/lab1_nodos_topicos_mensajes/install/lab1_nodos_topicos_mensajes/share/lab1_nodos_topicos_mensajes/package.sh'
[3.723s] INFO:colcon.colcon_core.shell:Creating package script '/home/sguajardo/Curso_ROS2_2025/lab1_nodos_topicos_mensajes/install/lab1_nodos_topicos_mensajes/share/lab1_nodos_topicos_mensajes/package.bash'
[3.724s] INFO:colcon.colcon_core.shell:Creating package script '/home/sguajardo/Curso_ROS2_2025/lab1_nodos_topicos_mensajes/install/lab1_nodos_topicos_mensajes/share/lab1_nodos_topicos_mensajes/package.zsh'
[3.725s] Level 1:colcon.colcon_core.environment:create_file_with_runtime_dependencies(/home/sguajardo/Curso_ROS2_2025/lab1_nodos_topicos_mensajes/install/lab1_nodos_topicos_mensajes/share/colcon-core/packages/lab1_nodos_topicos_mensajes)
[3.725s] DEBUG:colcon.colcon_parallel_executor.executor.parallel:closing loop
[3.726s] DEBUG:colcon.colcon_parallel_executor.executor.parallel:loop closed
[3.726s] DEBUG:colcon.colcon_parallel_executor.executor.parallel:run_until_complete finished with '0'
[3.726s] DEBUG:colcon.colcon_core.event_reactor:joining thread
[3.888s] INFO:colcon.colcon_core.plugin_system:Skipping extension 'colcon_notification.desktop_notification.notify_send': Could not find 'notify-send'
[3.888s] INFO:colcon.colcon_core.plugin_system:Skipping extension 'colcon_notification.desktop_notification.terminal_notifier': Not used on non-Darwin systems
[3.888s] INFO:colcon.colcon_core.plugin_system:Skipping extension 'colcon_notification.desktop_notification.win32': Not used on non-Windows systems
[3.888s] INFO:colcon.colcon_notification.desktop_notification:Sending desktop notification using 'notify2'
[3.890s] DEBUG:colcon.colcon_notification.desktop_notification.notify2:Failed to initialize notify2: org.freedesktop.DBus.Error.ServiceUnknown: The name org.freedesktop.Notifications was not provided by any .service files
[3.890s] DEBUG:colcon.colcon_core.event_reactor:joined thread
[3.891s] INFO:colcon.colcon_core.shell:Creating prefix script '/home/sguajardo/Curso_ROS2_2025/lab1_nodos_topicos_mensajes/install/local_setup.ps1'
[3.892s] INFO:colcon.colcon_core.shell:Creating prefix util module '/home/sguajardo/Curso_ROS2_2025/lab1_nodos_topicos_mensajes/install/_local_setup_util_ps1.py'
[3.893s] INFO:colcon.colcon_core.shell:Creating prefix chain script '/home/sguajardo/Curso_ROS2_2025/lab1_nodos_topicos_mensajes/install/setup.ps1'
[3.895s] INFO:colcon.colcon_core.shell:Creating prefix script '/home/sguajardo/Curso_ROS2_2025/lab1_nodos_topicos_mensajes/install/local_setup.sh'
[3.896s] INFO:colcon.colcon_core.shell:Creating prefix util module '/home/sguajardo/Curso_ROS2_2025/lab1_nodos_topicos_mensajes/install/_local_setup_util_sh.py'
[3.896s] INFO:colcon.colcon_core.shell:Creating prefix chain script '/home/sguajardo/Curso_ROS2_2025/lab1_nodos_topicos_mensajes/install/setup.sh'
[3.899s] INFO:colcon.colcon_core.shell:Creating prefix script '/home/sguajardo/Curso_ROS2_2025/lab1_nodos_topicos_mensajes/install/local_setup.bash'
[3.900s] INFO:colcon.colcon_core.shell:Creating prefix chain script '/home/sguajardo/Curso_ROS2_2025/lab1_nodos_topicos_mensajes/install/setup.bash'
[3.902s] INFO:colcon.colcon_core.shell:Creating prefix script '/home/sguajardo/Curso_ROS2_2025/lab1_nodos_topicos_mensajes/install/local_setup.zsh'
[3.903s] INFO:colcon.colcon_core.shell:Creating prefix chain script '/home/sguajardo/Curso_ROS2_2025/lab1_nodos_topicos_mensajes/install/setup.zsh'
