[0.687s] Invoking command in '/home/sguajardo/UBB-ROS-2025/lab4_gazebo/build/lab4_gazebo': DEBUGINFOD_URLS=https://debuginfod.ubuntu.com PYTHONPATH=/home/sguajardo/UBB-ROS-2025/lab4_gazebo/build/lab4_gazebo/prefix_override:/usr/lib/python3/dist-packages/colcon_core/task/python/colcon_distutils_commands:/home/sguajardo/UBB-ROS-2025/lab4_gazebo/install/lab4_gazebo/lib/python3.12/site-packages:${PYTHONPATH} /usr/bin/python3 -W ignore:setup.py install is deprecated -W ignore:easy_install command is deprecated setup.py develop --editable --build-directory /home/sguajardo/UBB-ROS-2025/lab4_gazebo/build/lab4_gazebo/build --no-deps symlink_data --force
[0.957s] running develop
[1.122s] running egg_info
[1.140s] writing lab4_gazebo.egg-info/PKG-INFO
[1.140s] writing dependency_links to lab4_gazebo.egg-info/dependency_links.txt
[1.140s] writing requirements to lab4_gazebo.egg-info/requires.txt
[1.140s] writing top-level names to lab4_gazebo.egg-info/top_level.txt
[1.174s] reading manifest file 'lab4_gazebo.egg-info/SOURCES.txt'
[1.174s] writing manifest file 'lab4_gazebo.egg-info/SOURCES.txt'
[1.192s] running build_ext
[1.192s] Creating /home/sguajardo/UBB-ROS-2025/lab4_gazebo/install/lab4_gazebo/lib/python3.12/site-packages/lab4-gazebo.egg-link (link to .)
[1.192s] 
[1.192s] Installed /home/sguajardo/UBB-ROS-2025/lab4_gazebo/build/lab4_gazebo
[1.193s] running symlink_data
[1.193s] symbolically linking /home/sguajardo/UBB-ROS-2025/lab4_gazebo/build/lab4_gazebo/resource/lab4_gazebo -> /home/sguajardo/UBB-ROS-2025/lab4_gazebo/install/lab4_gazebo/share/ament_index/resource_index/packages
[1.193s] symbolically linking /home/sguajardo/UBB-ROS-2025/lab4_gazebo/build/lab4_gazebo/package.xml -> /home/sguajardo/UBB-ROS-2025/lab4_gazebo/install/lab4_gazebo/share/lab4_gazebo
[1.193s] symbolically linking /home/sguajardo/UBB-ROS-2025/lab4_gazebo/build/lab4_gazebo/launch/gazebo_model.launch.py -> /home/sguajardo/UBB-ROS-2025/lab4_gazebo/install/lab4_gazebo/share/lab4_gazebo/launch
[1.194s] creating /home/sguajardo/UBB-ROS-2025/lab4_gazebo/install/lab4_gazebo/share/lab4_gazebo/models
[1.194s] error: [Errno 2] No such file or directory: '/home/sguajardo/UBB-ROS-2025/lab4_gazebo/install/lab4_gazebo/share/lab4_gazebo/models/differential-robot.xacro'
[1.223s] Invoked command in '/home/sguajardo/UBB-ROS-2025/lab4_gazebo/build/lab4_gazebo' returned '1': DEBUGINFOD_URLS=https://debuginfod.ubuntu.com PYTHONPATH=/home/sguajardo/UBB-ROS-2025/lab4_gazebo/build/lab4_gazebo/prefix_override:/usr/lib/python3/dist-packages/colcon_core/task/python/colcon_distutils_commands:/home/sguajardo/UBB-ROS-2025/lab4_gazebo/install/lab4_gazebo/lib/python3.12/site-packages:${PYTHONPATH} /usr/bin/python3 -W ignore:setup.py install is deprecated -W ignore:easy_install command is deprecated setup.py develop --editable --build-directory /home/sguajardo/UBB-ROS-2025/lab4_gazebo/build/lab4_gazebo/build --no-deps symlink_data --force
