[0.028s] Invoking command in '/home/sguajardo/UBB-ROS-2025/lab2_1_intefaces_custom/build/lab2_1_intefaces_custom': CMAKE_PREFIX_PATH=${CMAKE_PREFIX_PATH}:/home/sguajardo/UBB-ROS-2025/lab2_servicios/install/lab2_servicios:/home/sguajardo/ws_moveit/install/moveit_configs_utils:/opt/ros/rolling DEBUGINFOD_URLS=https://debuginfod.ubuntu.com /usr/bin/cmake /home/sguajardo/UBB-ROS-2025/lab2_1_intefaces_custom -DCMAKE_INSTALL_PREFIX=/home/sguajardo/UBB-ROS-2025/lab2_1_intefaces_custom/install/lab2_1_intefaces_custom
[1.158s] -- The C compiler identification is GNU 13.3.0
[4.418s] -- The CXX compiler identification is GNU 13.3.0
[6.560s] -- Detecting C compiler ABI info
[6.855s] -- Detecting C compiler ABI info - done
[6.860s] -- Check for working C compiler: /usr/bin/cc - skipped
[6.861s] -- Detecting C compile features
[6.861s] -- Detecting C compile features - done
[6.926s] -- Detecting CXX compiler ABI info
[7.541s] -- Detecting CXX compiler ABI info - done
[7.558s] -- Check for working CXX compiler: /usr/bin/c++ - skipped
[7.559s] -- Detecting CXX compile features
[7.560s] -- Detecting CXX compile features - done
[7.801s] -- Found ament_cmake: 2.7.2 (/opt/ros/rolling/share/ament_cmake/cmake)
[8.105s] -- Found Python3: /usr/bin/python3 (found version "3.12.3") found components: Interpreter 
[8.503s] -- Found ament_lint_auto: 0.19.1 (/opt/ros/rolling/share/ament_lint_auto/cmake)
[8.753s] -- Added test 'cppcheck' to perform static code analysis on C / C++ code
[8.753s] -- Configured cppcheck include dirs: 
[8.753s] -- Configured cppcheck exclude dirs and/or files: 
[8.764s] -- Added test 'lint_cmake' to check CMake code style
[8.776s] -- Added test 'uncrustify' to check C / C++ code style
[8.776s] -- Configured uncrustify additional arguments: 
[8.781s] -- Added test 'xmllint' to check XML markup files
[8.805s] -- Found geometry_msgs: 5.5.0 (/opt/ros/rolling/share/geometry_msgs/cmake)
[9.429s] -- Found rosidl_generator_c: 4.9.3 (/opt/ros/rolling/share/rosidl_generator_c/cmake)
[9.499s] -- Found rosidl_generator_cpp: 4.9.3 (/opt/ros/rolling/share/rosidl_generator_cpp/cmake)
[9.622s] -- Using all available rosidl_typesupport_c: rosidl_typesupport_fastrtps_c;rosidl_typesupport_introspection_c
[9.711s] -- Using all available rosidl_typesupport_cpp: rosidl_typesupport_fastrtps_cpp;rosidl_typesupport_introspection_cpp
[9.888s] -- Found rosidl_default_generators: 1.7.1 (/opt/ros/rolling/share/rosidl_default_generators/cmake)
[9.967s] -- Found rosidl_adapter: 4.9.3 (/opt/ros/rolling/share/rosidl_adapter/cmake)
[9.976s] [31mCMake Error at /opt/ros/rolling/share/rosidl_cmake/cmake/rosidl_generate_interfaces.cmake:64 (message):
[9.976s]   rosidl_generate_interfaces() must be called before ament_package()
[9.976s] Call Stack (most recent call first):
[9.976s]   CMakeLists.txt:31 (rosidl_generate_interfaces)
[9.976s] 
[9.977s] [0m
[9.977s] -- Configuring incomplete, errors occurred!
[9.984s] Invoked command in '/home/sguajardo/UBB-ROS-2025/lab2_1_intefaces_custom/build/lab2_1_intefaces_custom' returned '1': CMAKE_PREFIX_PATH=${CMAKE_PREFIX_PATH}:/home/sguajardo/UBB-ROS-2025/lab2_servicios/install/lab2_servicios:/home/sguajardo/ws_moveit/install/moveit_configs_utils:/opt/ros/rolling DEBUGINFOD_URLS=https://debuginfod.ubuntu.com /usr/bin/cmake /home/sguajardo/UBB-ROS-2025/lab2_1_intefaces_custom -DCMAKE_INSTALL_PREFIX=/home/sguajardo/UBB-ROS-2025/lab2_1_intefaces_custom/install/lab2_1_intefaces_custom
