running egg_info
writing build/lab3_urdf_rviz_gazebo/lab3_urdf_rviz_gazebo.egg-info/PKG-INFO
writing dependency_links to build/lab3_urdf_rviz_gazebo/lab3_urdf_rviz_gazebo.egg-info/dependency_links.txt
writing requirements to build/lab3_urdf_rviz_gazebo/lab3_urdf_rviz_gazebo.egg-info/requires.txt
writing top-level names to build/lab3_urdf_rviz_gazebo/lab3_urdf_rviz_gazebo.egg-info/top_level.txt
reading manifest file 'build/lab3_urdf_rviz_gazebo/lab3_urdf_rviz_gazebo.egg-info/SOURCES.txt'
adding license file 'LICENSE'
writing manifest file 'build/lab3_urdf_rviz_gazebo/lab3_urdf_rviz_gazebo.egg-info/SOURCES.txt'
running build
running build_py
running install
running install_lib
running install_data
copying package.xml -> /home/sguajardo/UBB-ROS-2025/lab3_urdf_rviz_gazebo/install/lab3_urdf_rviz_gazebo/share/lab3_urdf_rviz_gazebo
copying launch/visualization.launch.py -> /home/sguajardo/UBB-ROS-2025/lab3_urdf_rviz_gazebo/install/lab3_urdf_rviz_gazebo/share/lab3_urdf_rviz_gazebo/launch
creating /home/sguajardo/UBB-ROS-2025/lab3_urdf_rviz_gazebo/install/lab3_urdf_rviz_gazebo/share/lab3_urdf_rviz_gazebo/models
creating /home/sguajardo/UBB-ROS-2025/lab3_urdf_rviz_gazebo/install/lab3_urdf_rviz_gazebo/share/lab3_urdf_rviz_gazebo/parameters
running install_egg_info
removing '/home/sguajardo/UBB-ROS-2025/lab3_urdf_rviz_gazebo/install/lab3_urdf_rviz_gazebo/lib/python3.12/site-packages/lab3_urdf_rviz_gazebo-0.0.0-py3.12.egg-info' (and everything under it)
Copying build/lab3_urdf_rviz_gazebo/lab3_urdf_rviz_gazebo.egg-info to /home/sguajardo/UBB-ROS-2025/lab3_urdf_rviz_gazebo/install/lab3_urdf_rviz_gazebo/lib/python3.12/site-packages/lab3_urdf_rviz_gazebo-0.0.0-py3.12.egg-info
running install_scripts
writing list of installed files to '/home/sguajardo/UBB-ROS-2025/lab3_urdf_rviz_gazebo/build/lab3_urdf_rviz_gazebo/install.log'
