[1.201s] Invoking command in '/home/sguajardo/UBB-ROS-2025/lab3_urdf_rviz_gazebo': DEBUGINFOD_URLS=https://debuginfod.ubuntu.com PYTHONPATH=/home/sguajardo/UBB-ROS-2025/lab3_urdf_rviz_gazebo/build/lab3_urdf_rviz_gazebo/prefix_override:/usr/lib/python3/dist-packages/colcon_core/task/python/colcon_distutils_commands:/home/sguajardo/UBB-ROS-2025/lab3_urdf_rviz_gazebo/install/lab3_urdf_rviz_gazebo/lib/python3.12/site-packages:${PYTHONPATH} /usr/bin/python3 -W ignore:setup.py install is deprecated -W ignore:easy_install command is deprecated setup.py egg_info --egg-base build/lab3_urdf_rviz_gazebo build --build-base /home/sguajardo/UBB-ROS-2025/lab3_urdf_rviz_gazebo/build/lab3_urdf_rviz_gazebo/build install --record /home/sguajardo/UBB-ROS-2025/lab3_urdf_rviz_gazebo/build/lab3_urdf_rviz_gazebo/install.log --single-version-externally-managed install_data
[1.576s] running egg_info
[1.598s] writing build/lab3_urdf_rviz_gazebo/lab3_urdf_rviz_gazebo.egg-info/PKG-INFO
[1.598s] writing dependency_links to build/lab3_urdf_rviz_gazebo/lab3_urdf_rviz_gazebo.egg-info/dependency_links.txt
[1.599s] writing requirements to build/lab3_urdf_rviz_gazebo/lab3_urdf_rviz_gazebo.egg-info/requires.txt
[1.599s] writing top-level names to build/lab3_urdf_rviz_gazebo/lab3_urdf_rviz_gazebo.egg-info/top_level.txt
[1.633s] reading manifest file 'build/lab3_urdf_rviz_gazebo/lab3_urdf_rviz_gazebo.egg-info/SOURCES.txt'
[1.633s] adding license file 'LICENSE'
[1.634s] writing manifest file 'build/lab3_urdf_rviz_gazebo/lab3_urdf_rviz_gazebo.egg-info/SOURCES.txt'
[1.634s] running build
[1.634s] running build_py
[1.634s] running install
[1.639s] running install_lib
[1.657s] running install_data
[1.657s] copying package.xml -> /home/sguajardo/UBB-ROS-2025/lab3_urdf_rviz_gazebo/install/lab3_urdf_rviz_gazebo/share/lab3_urdf_rviz_gazebo
[1.657s] copying launch/visualization.launch.py -> /home/sguajardo/UBB-ROS-2025/lab3_urdf_rviz_gazebo/install/lab3_urdf_rviz_gazebo/share/lab3_urdf_rviz_gazebo/launch
[1.657s] creating /home/sguajardo/UBB-ROS-2025/lab3_urdf_rviz_gazebo/install/lab3_urdf_rviz_gazebo/share/lab3_urdf_rviz_gazebo/models
[1.657s] creating /home/sguajardo/UBB-ROS-2025/lab3_urdf_rviz_gazebo/install/lab3_urdf_rviz_gazebo/share/lab3_urdf_rviz_gazebo/parameters
[1.657s] running install_egg_info
[1.675s] removing '/home/sguajardo/UBB-ROS-2025/lab3_urdf_rviz_gazebo/install/lab3_urdf_rviz_gazebo/lib/python3.12/site-packages/lab3_urdf_rviz_gazebo-0.0.0-py3.12.egg-info' (and everything under it)
[1.675s] Copying build/lab3_urdf_rviz_gazebo/lab3_urdf_rviz_gazebo.egg-info to /home/sguajardo/UBB-ROS-2025/lab3_urdf_rviz_gazebo/install/lab3_urdf_rviz_gazebo/lib/python3.12/site-packages/lab3_urdf_rviz_gazebo-0.0.0-py3.12.egg-info
[1.677s] running install_scripts
[1.779s] writing list of installed files to '/home/sguajardo/UBB-ROS-2025/lab3_urdf_rviz_gazebo/build/lab3_urdf_rviz_gazebo/install.log'
[1.800s] Invoked command in '/home/sguajardo/UBB-ROS-2025/lab3_urdf_rviz_gazebo' returned '0': DEBUGINFOD_URLS=https://debuginfod.ubuntu.com PYTHONPATH=/home/sguajardo/UBB-ROS-2025/lab3_urdf_rviz_gazebo/build/lab3_urdf_rviz_gazebo/prefix_override:/usr/lib/python3/dist-packages/colcon_core/task/python/colcon_distutils_commands:/home/sguajardo/UBB-ROS-2025/lab3_urdf_rviz_gazebo/install/lab3_urdf_rviz_gazebo/lib/python3.12/site-packages:${PYTHONPATH} /usr/bin/python3 -W ignore:setup.py install is deprecated -W ignore:easy_install command is deprecated setup.py egg_info --egg-base build/lab3_urdf_rviz_gazebo build --build-base /home/sguajardo/UBB-ROS-2025/lab3_urdf_rviz_gazebo/build/lab3_urdf_rviz_gazebo/build install --record /home/sguajardo/UBB-ROS-2025/lab3_urdf_rviz_gazebo/build/lab3_urdf_rviz_gazebo/install.log --single-version-externally-managed install_data
